SEGGER J-Link GDB Server V5.12g LogFile
Logging started @ 2017-02-13 18:18
03-00000000-00-00000000-0023: -----GDB Server start settings-----
03-00000000-00-00000000-0023: GDBInit file:                  none
03-00000000-00-00000000-0023: GDB Server Listening port:     2331
03-00000000-00-00000000-0023: SWO raw output listening port: 2332
03-00000000-00-00000000-0023: Terminal I/O port:             2333
03-00000000-00-00000000-002D: Accept remote connection:      localhost only
03-00000000-00-00000000-0021: Generate logfile:              on
03-00000000-00-00000000-0021: Verify download:               on
03-00000000-00-00000000-0022: Init regs on start:            off
03-00000000-00-00000000-0022: Silent mode:                   off
03-00000000-00-00000000-0021: Single run mode:               on
03-00000000-00-00000000-0023: Target connection timeout:     0 ms
03-00000000-00-00000000-0023: ------J-Link related settings------
03-00000000-00-00000000-0022: J-Link Host interface:         USB
03-00000000-00-00000000-0023: J-Link script:                 none
03-00000000-00-00000000-0023: J-Link settings file:          none
03-00000000-00-00000000-0023: ------Target related settings------
03-00000000-00-00000000-0028: Target device:                 Cortex-M0
03-00000000-00-00000000-0022: Target interface:              SWD
03-00000000-00-00000000-0026: Target interface speed:        8000kHz
03-00000000-00-00000000-0025: Target endian:                 little
03-00000000-00-00000001-0017: Connecting to J-Link...
02-00000000-00-00000014-003A: Firmware: J-Link ARM Lite V8 compiled Oct 29 2014 09:03:16
02-00000000-00-00000014-000F: Hardware: V8.00
02-00000000-00-00000014-000E: S/N: 228208565
02-00000000-00-00000281-0034: Feature(s): GDB  returns O.K. (0280ms, 0280ms total)
03-00000000-00-00000281-0014: J-Link is connected.
02-00000000-00-00000282-005F: T1020 000:289 JLINK_ExecCommand("device = Cortex-M0", ...)  returns 0x00 (0001ms, 0281ms total)
02-00000000-00-00000282-0068: T1020 000:290 JLINK_ExecCommand("SetFlashRewriteBehavior = 1", ...)  returns 0x00 (0000ms, 0281ms total)
02-00000000-00-00000282-0041: T1020 000:290 JLINK_GetFirmwareString(...) (0000ms, 0281ms total)
03-00000000-00-00000283-003A: Firmware: J-Link ARM Lite V8 compiled Oct 29 2014 09:03:16
02-00000000-00-00000283-0050: T1020 000:291 JLINK_GetHardwareVersion()  returns 0x13880 (0000ms, 0281ms total)
03-00000000-00-00000283-000F: Hardware: V8.00
03-00000000-00-00000283-000E: S/N: 228208565
03-00000000-00-00000283-000F: Feature(s): GDB
02-00000000-00-00000284-0049: T1020 000:291 JLINK_GetHWStatus(...)  returns 0x00 (0001ms, 0282ms total)
02-00000000-00-00000284-003C: T1020 000:292 JLINK_EnableSoftBPs(ON) (0000ms, 0282ms total)
03-00000000-00-00000284-001A: Checking target voltage...
03-00000000-00-00000284-0016: Target voltage: 3.37 V
03-00000000-00-00000284-001D: Listening on TCP/IP port 2331
03-00000000-00-00000284-0017: Connecting to target...
02-00000000-00-00000285-0035: T1020 000:293 JLINK_ClrError() (0000ms, 0282ms total)
02-00000000-00-00000285-0049: T1020 000:293 JLINK_GetHWStatus(...)  returns 0x00 (0000ms, 0282ms total)
02-00000000-00-00000289-0055: T1020 000:293 JLINK_TIF_Select(JLINKARM_TIF_SWD)  returns 0x00 (0004ms, 0286ms total)
02-00000000-00-00000290-0039: T1020 000:297 JLINK_SetSpeed(8000) (0001ms, 0287ms total)
02-00000000-00-00000290-0044: T1020 000:298 JLINK_GetSpeed()  returns 0x7D0 (0000ms, 0287ms total)
02-00000000-00-00000290-0077: T1020 000:298 JLINK_SetResetType(JLINKARM_RESET_TYPE_NORMAL)  returns JLINKARM_RESET_TYPE_NORMAL (0000ms, 0287ms total)
02-00000000-00-00000290-003B: T1020 000:298 JLINK_SetResetDelay(0) (0000ms, 0287ms total)
02-00000000-00-00000290-0055: T1020 000:298 JLINK_SetEndian(ARM_ENDIAN_LITTLE)  returns 0x00 (0000ms, 0287ms total)
02-00000000-00-00000334-01F8: T1020 000:298 JLINK_Connect() >0x108 TIF>Found SWD-DP with ID 0x0BB11477 >0x0D TIF> >0x28 TIF> >0x0D TIF> >0x28 TIF> >0x0D TIF> >0x28 TIF> >0x0D TIF> >0x28 TIF> >0x0D TIF> >0x21 TIF> >0x0D TIF> >0x28 TIF> >0x0D TIF> >0x28 TIF> >0x0D TIF> >0x21 TIF> >0x0D TIF> >0x21 TIF> >0x0D TIF> >0x21 TIF> >0x0D TIF> >0x28 TIF> >0x0D TIF> >0x28 TIF> >0x0D TIF> >0x28 TIF> >0x0D TIF> >0x21 TIF> >0x0D TIF> >0x21 TIF> >0x0D TIF> >0x28 TIF> >0x0D TIF> >0x21 TIF> >0x0D TIF> >0x21 TIF>Found Cortex-M0 r0p0, Little endian.
02-00000000-00-00000345-01D8:  -- CPU_ReadMem(4 bytes @ 0xE000EDF0) -- CPU_WriteMem(4 bytes @ 0xE000EDF0) -- CPU_ReadMem(4 bytes @ 0xE0002000) -- CPU_ReadMem(4 bytes @ 0xE000EDFC) -- CPU_WriteMem(4 bytes @ 0xE000EDFC) -- CPU_ReadMem(4 bytes @ 0xE0001000) -- CPU_WriteMem(4 bytes @ 0xE0001000)CoreSight components:ROMTbl 0 @ E00FF000 -- CPU_ReadMem(16 bytes @ 0xE00FF000) -- CPU_ReadMem(16 bytes @ 0xE000EFF0) -- CPU_ReadMem(16 bytes @ 0xE000EFE0)ROMTbl 0 [0]: FFF0F000, CID: B105E00D, PID: 000BB008 SCS
02-00000000-00-00000349-012D:  -- CPU_ReadMem(16 bytes @ 0xE0001FF0) -- CPU_ReadMem(16 bytes @ 0xE0001FE0)ROMTbl 0 [1]: FFF02000, CID: B105E00D, PID: 000BB00A DWT -- CPU_ReadMem(16 bytes @ 0xE0002FF0) -- CPU_ReadMem(16 bytes @ 0xE0002FE0)ROMTbl 0 [2]: FFF03000, CID: B105E00D, PID: 000BB00B FPB  returns 0x00 (0059ms, 0346ms total)
02-00000000-00-00000351-00A2: T1020 000:357 JLINK_GetIdData(...) >0x0D TIF> >0x21 TIF> ScanLen=4 NumDevices=1 aId[0]=0x0BB11477 aIrRead[0]=0 aScanLen[0]=0 aScanRead[0]=0 (0002ms, 0348ms total)
02-00000000-00-00000351-0047: T1020 000:359 JLINK_GetDeviceFamily()  returns 6 (0000ms, 0348ms total)
02-00000000-00-00000351-004D: T1020 000:359 JLINK_CORE_GetFound()  returns 0x60000FF (0000ms, 0348ms total)
02-00000000-00-00000352-0044: T1020 000:359 JLINK_IsHalted()  returns FALSE (0001ms, 0349ms total)
02-00000000-00-00000355-003F: T1020 000:360 JLINK_Halt()  returns 0x00 (0003ms, 0351ms total)
02-00000000-00-00000355-0043: T1020 000:363 JLINK_IsHalted()  returns TRUE (0000ms, 0351ms total)
03-00000000-00-00000356-0013: Connected to target
03-00000000-00-00000356-001D: Waiting for GDB connection...
03-00000000-00-00000706-0016: Connected to 127.0.0.1
00-00000294-00-00000716-0001: +
00-00000294-00-00000716-0028: $qSupported:multiprocess+;qRelocInsn+#2a
01-00000294-00-00000716-0001: +
01-00000294-00-00000716-006D: $PacketSize=4000;qXfer:memory-map:read-;QStartNoAckMode+;qXfer:threads:read+;hwbreak+;qXfer:features:read+#18
00-00000294-00-00000716-0001: +
00-00000294-00-00000716-0013: $QStartNoAckMode#b0
01-00000294-00-00000716-0001: +
01-00000294-00-00000716-0006: $OK#9a
00-00000294-00-00000716-0001: +
00-00000294-00-00000716-0007: $Hg0#df
01-00000294-00-00000716-0006: $OK#9a
00-00000294-00-00000716-0028: $qXfer:features:read:target.xml:0,fff#7d
01-00000294-00-00000716-07E5: $l<?xml version="1.0"?>
<!-- Copyright (C) 2008 Free Software Foundation, Inc.

     Copying and distribution of this file, with or without modification,
     are permitted in any medium without royalty provided the copyright
     notice and this notice are preserved.  -->

<!DOCTYPE feature SYSTEM "gdb-target.dtd">
<target>
  <architecture>arm</architecture>
<feature name="org.gnu.gdb.arm.m-profile">
    <reg name="r0" bitsize="32" type="uint32" group="general"/>
    <reg name="r1" bitsize="32" type="uint32" group="general"/>
    <reg name="r2" bitsize="32" type="uint32" group="general"/>
    <reg name="r3" bitsize="32" type="uint32" group="general"/>
    <reg name="r4" bitsize="32" type="uint32" group="general"/>
    <reg name="r5" bitsize="32" type="uint32" group="general"/>
    <reg name="r6" bitsize="32" type="uint32" group="general"/>
    <reg name="r7" bitsize="32" type="uint32" group="general"/>
    <reg name="r8" bitsize="32" type="uint32" group="general"/>
    <reg name="r9" bitsize="32" type="uint32" group="general"/>
    <reg name="r10" bitsize="32" type="uint32" group="general"/>
    <reg name="r11" bitsize="32" type="uint32" group="general"/>
    <reg name="r12" bitsize="32" type="uint32" group="general"/>
    <reg name="sp" bitsize="32" type="data_ptr" group="general"/>
    <reg name="lr" bitsize="32" type="uint32" group="general"/>
    <reg name="pc" bitsize="32" type="code_ptr" group="general"/>
    <reg name="xpsr" bitsize="32" regnum="25" type="uint32" group="general"/>
    <reg name="MSP" bitsize="32" regnum="26" type="uint32" group="general"/>
    <reg name="PSP" bitsize="32" regnum="27" type="uint32" group="general"/>
    <reg name="PRIMASK" bitsize="32" regnum="28" type="uint32" group="general"/>
    <reg name="BASEPRI" bitsize="32" regnum="29" type="uint32" group="general"/>
    <reg name="FAULTMASK" bitsize="32" regnum="30" type="uint32" group="general"/>
    <reg name="CONTROL" bitsize="32" regnum="31" type="uint32" group="general"/>
  </feature>
</target>

#3d
00-00000294-00-00000717-000C: $qTStatus#49
01-00000294-00-00000717-0004: $#00
00-00000294-00-00000717-0005: $?#3f
01-00000294-00-00000717-0007: $S05#b8
00-00000294-00-00000717-001D: $qXfer:threads:read::0,fff#03
01-00000294-00-00000717-0005: $l#6c
00-00000294-00-00000717-0008: $Hc-1#09
01-00000294-00-00000717-0006: $OK#9a
00-00000294-00-00000717-0006: $qC#b4
01-00000294-00-00000717-0004: $#00
00-00000294-00-00000717-000D: $qAttached#8f
01-00000294-00-00000717-0004: $#00
00-00000294-00-00000717-0005: $g#67
03-00000000-00-00000717-0015: Reading all registers
02-00000000-00-00000717-004A: T1F7C 000:725 JLINK_ReadReg(R0)  returns 0x00000001 (0000ms, 0351ms total)
02-00000000-00-00000717-004A: T1F7C 000:725 JLINK_ReadReg(R1)  returns 0x000044BA (0000ms, 0351ms total)
02-00000000-00-00000717-004A: T1F7C 000:725 JLINK_ReadReg(R2)  returns 0x00000000 (0000ms, 0351ms total)
02-00000000-00-00000717-004A: T1F7C 000:725 JLINK_ReadReg(R3)  returns 0x07FC5638 (0000ms, 0351ms total)
02-00000000-00-00000717-004A: T1F7C 000:725 JLINK_ReadReg(R4)  returns 0x07FCFEE0 (0000ms, 0351ms total)
02-00000000-00-00000717-004A: T1F7C 000:725 JLINK_ReadReg(R5)  returns 0x07F40000 (0000ms, 0351ms total)
02-00000000-00-00000717-004A: T1F7C 000:725 JLINK_ReadReg(R6)  returns 0x00000040 (0000ms, 0351ms total)
02-00000000-00-00000717-004A: T1F7C 000:725 JLINK_ReadReg(R7)  returns 0x00000200 (0000ms, 0351ms total)
02-00000000-00-00000717-004A: T1F7C 000:725 JLINK_ReadReg(R8)  returns 0x00000000 (0000ms, 0351ms total)
02-00000000-00-00000717-004A: T1F7C 000:725 JLINK_ReadReg(R9)  returns 0x00000040 (0000ms, 0351ms total)
02-00000000-00-00000717-004B: T1F7C 000:725 JLINK_ReadReg(R10)  returns 0x00010000 (0000ms, 0351ms total)
02-00000000-00-00000717-004B: T1F7C 000:725 JLINK_ReadReg(R11)  returns 0x07F40000 (0000ms, 0351ms total)
02-00000000-00-00000717-004B: T1F7C 000:725 JLINK_ReadReg(R12)  returns 0x00000000 (0000ms, 0351ms total)
02-00000000-00-00000717-0050: T1F7C 000:725 JLINK_ReadReg(R13 (SP))  returns 0x07FCFED8 (0000ms, 0351ms total)
02-00000000-00-00000717-004B: T1F7C 000:725 JLINK_ReadReg(R14)  returns 0x07FD02BD (0000ms, 0351ms total)
02-00000000-00-00000717-0050: T1F7C 000:725 JLINK_ReadReg(R15 (PC))  returns 0x07FD02BC (0000ms, 0351ms total)
02-00000000-00-00000717-004C: T1F7C 000:725 JLINK_ReadReg(XPSR)  returns 0x01000003 (0000ms, 0351ms total)
02-00000000-00-00000717-004B: T1F7C 000:725 JLINK_ReadReg(MSP)  returns 0x07FCFED8 (0000ms, 0351ms total)
02-00000000-00-00000717-004B: T1F7C 000:725 JLINK_ReadReg(PSP)  returns 0xFFFFFFFC (0000ms, 0351ms total)
02-00000000-00-00000717-004F: T1F7C 000:725 JLINK_ReadReg(PRIMASK)  returns 0x00000001 (0000ms, 0351ms total)
02-00000000-00-00000717-004F: T1F7C 000:725 JLINK_ReadReg(BASEPRI)  returns 0x00000000 (0000ms, 0351ms total)
02-00000000-00-00000717-0051: T1F7C 000:725 JLINK_ReadReg(FAULTMASK)  returns 0x00000000 (0000ms, 0351ms total)
02-00000000-00-00000717-004F: T1F7C 000:725 JLINK_ReadReg(CONTROL)  returns 0x00000000 (0000ms, 0351ms total)
01-00000294-00-00000717-00BC: $01000000ba440000000000003856fc07e0fefc070000f40740000000000200000000000040000000000001000000f40700000000d8fefc07bd02fd07bc02fd0703000001d8fefc07fcffffff01000000000000000000000000000000#a0
00-00000294-00-00000718-000E: $m7fd02bc,4#f5
02-00000000-00-00000719-0099: T1F7C 000:726 JLINK_ReadMem (0x07FD02BC, 0x0004 Bytes, ...) -- CPU_ReadMem(4 bytes @ 0x07FD02BC) - Data: FE E7 C0 46  returns 0x00 (0001ms, 0352ms total)
03-00000000-00-00000719-0035: Read 4 bytes @ address 0x07FD02BC (Data = 0x46C0E7FE)
01-00000294-00-00000719-000C: $fee7c046#64
00-00000294-00-00000849-001A: $qRcmd,7370656564203330#5f
02-00000000-00-00000849-0037: T1F7C 000:857 JLINK_SetSpeed(30) (0000ms, 0352ms total)
02-00000000-00-00000849-0043: T1F7C 000:857 JLINK_GetSpeed()  returns 0x1E (0000ms, 0352ms total)
01-00000294-00-00000849-0050: $54617267657420696e746572666163652073706565642073657420746f203330206b487a0D0A#5a
03-00000000-00-00000849-0024: Target interface speed set to 30 kHz
00-00000294-00-00000849-001E: $qRcmd,73706565642038303030#2a
02-00000000-00-00000850-0039: T1F7C 000:857 JLINK_SetSpeed(8000) (0001ms, 0353ms total)
02-00000000-00-00000850-0044: T1F7C 000:858 JLINK_GetSpeed()  returns 0x7D0 (0000ms, 0353ms total)
01-00000294-00-00000850-0054: $54617267657420696e746572666163652073706565642073657420746f2032303030206b487a0D0A#1f
03-00000000-00-00000850-0026: Target interface speed set to 2000 kHz
00-00000294-00-00000850-0030: $qRcmd,666c61736820627265616b706f696e74732031#ac
02-00000000-00-00000850-005B: T1F7C 000:858 JLINK_ExecCommand("EnableFlashBPs", ...)  returns 0x00 (0000ms, 0353ms total)
01-00000294-00-00000850-003A: $466c61736820627265616b706f696e747320656e61626c65640D0A#4b
03-00000000-00-00000850-0019: Flash breakpoints enabled
00-00000294-00-00000850-002E: $qRcmd,73656d69686f7374696e6720656e61626c65#92
01-00000294-00-00000850-0052: $53656d692d686f7374696e6720656e61626c6564202848616e646c65206f6e20424b5054290D0A#2a
03-00000000-00-00000850-0025: Semi-hosting enabled (Handle on BKPT)
00-00000294-00-00000851-0036: $qRcmd,73656d69686f7374696e6720494f436c69656e742033#68
01-00000294-00-00000851-0060: $53656d69686f7374696e6720492f4f2073657420746f2054454c4e455420616e642047444220436c69656e740D0A#04
03-00000000-00-00000851-002C: Semihosting I/O set to TELNET and GDB Client
00-00000294-00-00000870-000D: $qSymbol::#5b
01-00000294-00-00000870-0004: $#00
00-00000294-00-00001133-000E: $m7fd02bc,4#f5
02-00000000-00-00001134-0099: T1F7C 001:141 JLINK_ReadMem (0x07FD02BC, 0x0004 Bytes, ...) -- CPU_ReadMem(4 bytes @ 0x07FD02BC) - Data: FE E7 C0 46  returns 0x00 (0001ms, 0354ms total)
03-00000000-00-00001134-0035: Read 4 bytes @ address 0x07FD02BC (Data = 0x46C0E7FE)
01-00000294-00-00001135-000C: $fee7c046#64
00-00000294-00-00001136-001D: $qXfer:threads:read::0,fff#03
01-00000294-00-00001136-0005: $l#6c
00-00000294-00-00001146-001D: $qXfer:threads:read::0,fff#03
01-00000294-00-00001146-0005: $l#6c
00-00000294-00-00001146-000E: $m7fcfedc,4#5f
02-00000000-00-00001147-0099: T1F7C 001:154 JLINK_ReadMem (0x07FCFEDC, 0x0004 Bytes, ...) -- CPU_ReadMem(4 bytes @ 0x07FCFEDC) - Data: F9 FF FF FF  returns 0x00 (0001ms, 0355ms total)
03-00000000-00-00001148-0035: Read 4 bytes @ address 0x07FCFEDC (Data = 0xFFFFFFF9)
01-00000294-00-00001148-000C: $f9ffffff#03
00-00000294-00-00001148-000E: $m7fcfedc,4#5f
02-00000000-00-00001149-0099: T1F7C 001:156 JLINK_ReadMem (0x07FCFEDC, 0x0004 Bytes, ...) -- CPU_ReadMem(4 bytes @ 0x07FCFEDC) - Data: F9 FF FF FF  returns 0x00 (0001ms, 0356ms total)
03-00000000-00-00001149-0035: Read 4 bytes @ address 0x07FCFEDC (Data = 0xFFFFFFF9)
01-00000294-00-00001149-000C: $f9ffffff#03
00-00000294-00-00001150-000E: $m7fcfefc,4#61
02-00000000-00-00001150-0099: T1F7C 001:158 JLINK_ReadMem (0x07FCFEFC, 0x0004 Bytes, ...) -- CPU_ReadMem(4 bytes @ 0x07FCFEFC) - Data: 00 02 00 41  returns 0x00 (0000ms, 0356ms total)
03-00000000-00-00001150-0035: Read 4 bytes @ address 0x07FCFEFC (Data = 0x41000200)
01-00000294-00-00001150-000C: $00020041#87
00-00000294-00-00001161-000E: $m7fcfef8,4#36
02-00000000-00-00001162-0099: T1F7C 001:169 JLINK_ReadMem (0x07FCFEF8, 0x0004 Bytes, ...) -- CPU_ReadMem(4 bytes @ 0x07FCFEF8) - Data: 46 22 00 08  returns 0x00 (0001ms, 0357ms total)
03-00000000-00-00001162-0035: Read 4 bytes @ address 0x07FCFEF8 (Data = 0x08002246)
01-00000294-00-00001162-000C: $46220008#96
00-00000294-00-00001170-000E: $m7fcfef8,4#36
02-00000000-00-00001172-0099: T1F7C 001:178 JLINK_ReadMem (0x07FCFEF8, 0x0004 Bytes, ...) -- CPU_ReadMem(4 bytes @ 0x07FCFEF8) - Data: 46 22 00 08  returns 0x00 (0002ms, 0359ms total)
03-00000000-00-00001172-0035: Read 4 bytes @ address 0x07FCFEF8 (Data = 0x08002246)
01-00000294-00-00001172-000C: $46220008#96
00-00000294-00-00001172-000E: $m8002246,4#33
02-00000000-00-00001174-0099: T1F7C 001:180 JLINK_ReadMem (0x08002246, 0x0004 Bytes, ...) -- CPU_ReadMem(4 bytes @ 0x08002246) - Data: 10 60 A0 23  returns 0x00 (0002ms, 0361ms total)
03-00000000-00-00001174-0035: Read 4 bytes @ address 0x08002246 (Data = 0x23A06010)
01-00000294-00-00001174-000C: $1060a023#bd
00-00000294-00-00001174-000E: $m7fcff0c,4#2c
02-00000000-00-00001175-0099: T1F7C 001:182 JLINK_ReadMem (0x07FCFF0C, 0x0004 Bytes, ...) -- CPU_ReadMem(4 bytes @ 0x07FCFF0C) - Data: 4B 08 00 08  returns 0x00 (0001ms, 0362ms total)
03-00000000-00-00001175-0035: Read 4 bytes @ address 0x07FCFF0C (Data = 0x0800084B)
01-00000294-00-00001175-000C: $4b080008#c6
00-00000294-00-00001183-000E: $m7fcff0c,4#2c
02-00000000-00-00001184-0099: T1F7C 001:191 JLINK_ReadMem (0x07FCFF0C, 0x0004 Bytes, ...) -- CPU_ReadMem(4 bytes @ 0x07FCFF0C) - Data: 4B 08 00 08  returns 0x00 (0001ms, 0363ms total)
03-00000000-00-00001184-0035: Read 4 bytes @ address 0x07FCFF0C (Data = 0x0800084B)
01-00000294-00-00001184-000C: $4b080008#c6
00-00000294-00-00001184-000E: $m7fcfef8,4#36
02-00000000-00-00001185-0099: T1F7C 001:192 JLINK_ReadMem (0x07FCFEF8, 0x0004 Bytes, ...) -- CPU_ReadMem(4 bytes @ 0x07FCFEF8) - Data: 46 22 00 08  returns 0x00 (0001ms, 0364ms total)
03-00000000-00-00001185-0035: Read 4 bytes @ address 0x07FCFEF8 (Data = 0x08002246)
01-00000294-00-00001185-000C: $46220008#96
00-00000294-00-00001185-000E: $m7fcff0c,4#2c
02-00000000-00-00001186-0099: T1F7C 001:193 JLINK_ReadMem (0x07FCFF0C, 0x0004 Bytes, ...) -- CPU_ReadMem(4 bytes @ 0x07FCFF0C) - Data: 4B 08 00 08  returns 0x00 (0001ms, 0365ms total)
03-00000000-00-00001186-0035: Read 4 bytes @ address 0x07FCFF0C (Data = 0x0800084B)
01-00000294-00-00001186-000C: $4b080008#c6
00-00000294-00-00001186-000E: $m800084a,4#62
02-00000000-00-00001187-0099: T1F7C 001:194 JLINK_ReadMem (0x0800084A, 0x0004 Bytes, ...) -- CPU_ReadMem(4 bytes @ 0x0800084A) - Data: EF F3 10 83  returns 0x00 (0001ms, 0366ms total)
03-00000000-00-00001187-0035: Read 4 bytes @ address 0x0800084A (Data = 0x8310F3EF)
01-00000294-00-00001187-000C: $eff31083#30
00-00000294-00-00001187-000E: $m7fcfffc,4#62
02-00000000-00-00001188-0099: T1F7C 001:195 JLINK_ReadMem (0x07FCFFFC, 0x0004 Bytes, ...) -- CPU_ReadMem(4 bytes @ 0x07FCFFFC) - Data: E3 01 00 08  returns 0x00 (0001ms, 0367ms total)
03-00000000-00-00001188-0035: Read 4 bytes @ address 0x07FCFFFC (Data = 0x080001E3)
01-00000294-00-00001188-000C: $e3010008#c1
00-00000294-00-00001188-000E: $m7fcfffc,4#62
02-00000000-00-00001189-0099: T1F7C 001:196 JLINK_ReadMem (0x07FCFFFC, 0x0004 Bytes, ...) -- CPU_ReadMem(4 bytes @ 0x07FCFFFC) - Data: E3 01 00 08  returns 0x00 (0001ms, 0368ms total)
03-00000000-00-00001189-0035: Read 4 bytes @ address 0x07FCFFFC (Data = 0x080001E3)
01-00000294-00-00001189-000C: $e3010008#c1
00-00000294-00-00001189-000E: $m7fcff0c,4#2c
02-00000000-00-00001190-0099: T1F7C 001:197 JLINK_ReadMem (0x07FCFF0C, 0x0004 Bytes, ...) -- CPU_ReadMem(4 bytes @ 0x07FCFF0C) - Data: 4B 08 00 08  returns 0x00 (0001ms, 0369ms total)
03-00000000-00-00001190-0035: Read 4 bytes @ address 0x07FCFF0C (Data = 0x0800084B)
01-00000294-00-00001190-000C: $4b080008#c6
00-00000294-00-00001190-000E: $m7fcfffc,4#62
02-00000000-00-00001191-0099: T1F7C 001:198 JLINK_ReadMem (0x07FCFFFC, 0x0004 Bytes, ...) -- CPU_ReadMem(4 bytes @ 0x07FCFFFC) - Data: E3 01 00 08  returns 0x00 (0001ms, 0370ms total)
03-00000000-00-00001191-0035: Read 4 bytes @ address 0x07FCFFFC (Data = 0x080001E3)
01-00000294-00-00001191-000C: $e3010008#c1
00-00000294-00-00001191-000E: $m80001e2,4#5d
02-00000000-00-00001192-0099: T1F7C 001:199 JLINK_ReadMem (0x080001E2, 0x0004 Bytes, ...) -- CPU_ReadMem(4 bytes @ 0x080001E2) - Data: FD F8 00 00  returns 0x00 (0001ms, 0371ms total)
03-00000000-00-00001192-0035: Read 4 bytes @ address 0x080001E2 (Data = 0x0000F8FD)
01-00000294-00-00001192-000C: $fdf80000#28
00-00000294-00-00001192-000E: $m7fcfefc,4#61
02-00000000-00-00001193-0099: T1F7C 001:200 JLINK_ReadMem (0x07FCFEFC, 0x0004 Bytes, ...) -- CPU_ReadMem(4 bytes @ 0x07FCFEFC) - Data: 00 02 00 41  returns 0x00 (0001ms, 0372ms total)
03-00000000-00-00001193-0035: Read 4 bytes @ address 0x07FCFEFC (Data = 0x41000200)
01-00000294-00-00001193-000C: $00020041#87
00-00000294-00-00001193-000E: $m7fcff0c,4#2c
02-00000000-00-00001194-0099: T1F7C 001:201 JLINK_ReadMem (0x07FCFF0C, 0x0004 Bytes, ...) -- CPU_ReadMem(4 bytes @ 0x07FCFF0C) - Data: 4B 08 00 08  returns 0x00 (0001ms, 0373ms total)
03-00000000-00-00001194-0035: Read 4 bytes @ address 0x07FCFF0C (Data = 0x0800084B)
01-00000294-00-00001194-000C: $4b080008#c6
00-00000294-00-00001194-000E: $m7fcfffc,4#62
02-00000000-00-00001195-0099: T1F7C 001:202 JLINK_ReadMem (0x07FCFFFC, 0x0004 Bytes, ...) -- CPU_ReadMem(4 bytes @ 0x07FCFFFC) - Data: E3 01 00 08  returns 0x00 (0001ms, 0374ms total)
03-00000000-00-00001195-0035: Read 4 bytes @ address 0x07FCFFFC (Data = 0x080001E3)
01-00000294-00-00001195-000C: $e3010008#c1
00-00000294-00-00001195-000E: $m8000168,2#32
02-00000000-00-00001196-0093: T1F7C 001:203 JLINK_ReadMem (0x08000168, 0x0002 Bytes, ...) -- CPU_ReadMem(2 bytes @ 0x08000168) - Data: 00 20  returns 0x00 (0001ms, 0375ms total)
03-00000000-00-00001196-0031: Read 2 bytes @ address 0x08000168 (Data = 0x2000)
01-00000294-00-00001196-0008: $0020#c2
00-00000294-00-00001196-000E: $m800016a,2#5b
02-00000000-00-00001197-0093: T1F7C 001:204 JLINK_ReadMem (0x0800016A, 0x0002 Bytes, ...) -- CPU_ReadMem(2 bytes @ 0x0800016A) - Data: 20 88  returns 0x00 (0001ms, 0376ms total)
03-00000000-00-00001197-0031: Read 2 bytes @ address 0x0800016A (Data = 0x8820)
01-00000294-00-00001197-0008: $2088#d2
00-00000294-00-00001197-000E: $m800016c,2#5d
02-00000000-00-00001198-0093: T1F7C 001:205 JLINK_ReadMem (0x0800016C, 0x0002 Bytes, ...) -- CPU_ReadMem(2 bytes @ 0x0800016C) - Data: 18 21  returns 0x00 (0001ms, 0377ms total)
03-00000000-00-00001198-0031: Read 2 bytes @ address 0x0800016C (Data = 0x2118)
01-00000294-00-00001198-0008: $1821#cc
00-00000294-00-00001198-000E: $m800016e,2#5f
02-00000000-00-00001199-0093: T1F7C 001:206 JLINK_ReadMem (0x0800016E, 0x0002 Bytes, ...) -- CPU_ReadMem(2 bytes @ 0x0800016E) - Data: 88 43  returns 0x00 (0001ms, 0378ms total)
03-00000000-00-00001199-0031: Read 2 bytes @ address 0x0800016E (Data = 0x4388)
01-00000294-00-00001199-0008: $8843#d7
00-00000294-00-00001199-000E: $m8000170,2#2b
02-00000000-00-00001200-0093: T1F7C 001:207 JLINK_ReadMem (0x08000170, 0x0002 Bytes, ...) -- CPU_ReadMem(2 bytes @ 0x08000170) - Data: 18 21  returns 0x00 (0001ms, 0379ms total)
03-00000000-00-00001200-0031: Read 2 bytes @ address 0x08000170 (Data = 0x2118)
01-00000294-00-00001200-0008: $1821#cc
00-00000294-00-00001200-000E: $m8000172,2#2d
02-00000000-00-00001201-0093: T1F7C 001:208 JLINK_ReadMem (0x08000172, 0x0002 Bytes, ...) -- CPU_ReadMem(2 bytes @ 0x08000172) - Data: 08 43  returns 0x00 (0001ms, 0380ms total)
03-00000000-00-00001201-0031: Read 2 bytes @ address 0x08000172 (Data = 0x4308)
01-00000294-00-00001201-0008: $0843#cf
00-00000294-00-00001201-000E: $m8000174,2#2f
02-00000000-00-00001202-0093: T1F7C 001:209 JLINK_ReadMem (0x08000174, 0x0002 Bytes, ...) -- CPU_ReadMem(2 bytes @ 0x08000174) - Data: 20 80  returns 0x00 (0001ms, 0381ms total)
03-00000000-00-00001202-0031: Read 2 bytes @ address 0x08000174 (Data = 0x8020)
01-00000294-00-00001202-0008: $2080#ca
00-00000294-00-00001202-000E: $m8000176,2#31
02-00000000-00-00001203-0093: T1F7C 001:210 JLINK_ReadMem (0x08000176, 0x0002 Bytes, ...) -- CPU_ReadMem(2 bytes @ 0x08000176) - Data: 20 49  returns 0x00 (0001ms, 0382ms total)
03-00000000-00-00001203-0031: Read 2 bytes @ address 0x08000176 (Data = 0x4920)
01-00000294-00-00001203-0008: $2049#cf
00-00000294-00-00001203-000E: $m80001fa,4#8d
02-00000000-00-00001204-0099: T1F7C 001:211 JLINK_ReadMem (0x080001FA, 0x0004 Bytes, ...) -- CPU_ReadMem(4 bytes @ 0x080001FA) - Data: 08 00 00 08  returns 0x00 (0001ms, 0383ms total)
03-00000000-00-00001204-0035: Read 4 bytes @ address 0x080001FA (Data = 0x08000008)
01-00000294-00-00001204-000C: $08000008#90
00-00000294-00-00001204-000E: $m8000178,2#33
02-00000000-00-00001205-0093: T1F7C 001:212 JLINK_ReadMem (0x08000178, 0x0002 Bytes, ...) -- CPU_ReadMem(2 bytes @ 0x08000178) - Data: 21 4A  returns 0x00 (0001ms, 0384ms total)
03-00000000-00-00001205-0031: Read 2 bytes @ address 0x08000178 (Data = 0x4A21)
01-00000294-00-00001205-0008: $214a#f8
00-00000294-00-00001205-000E: $m8000200,4#27
02-00000000-00-00001206-0099: T1F7C 001:213 JLINK_ReadMem (0x08000200, 0x0004 Bytes, ...) -- CPU_ReadMem(4 bytes @ 0x08000200) - Data: FC 07 C0 00  returns 0x00 (0001ms, 0385ms total)
03-00000000-00-00001206-0035: Read 4 bytes @ address 0x08000200 (Data = 0x00C007FC)
01-00000294-00-00001206-000C: $fc07c000#23
00-00000294-00-00001206-000E: $m800017a,2#5c
02-00000000-00-00001207-0093: T1F7C 001:214 JLINK_ReadMem (0x0800017A, 0x0002 Bytes, ...) -- CPU_ReadMem(2 bytes @ 0x0800017A) - Data: 21 4B  returns 0x00 (0001ms, 0386ms total)
03-00000000-00-00001207-0031: Read 2 bytes @ address 0x0800017A (Data = 0x4B21)
01-00000294-00-00001207-0008: $214b#f9
00-00000294-00-00001207-000E: $m8000202,4#29
02-00000000-00-00001208-0099: T1F7C 001:215 JLINK_ReadMem (0x08000202, 0x0004 Bytes, ...) -- CPU_ReadMem(4 bytes @ 0x08000202) - Data: C0 00 FC 07  returns 0x00 (0001ms, 0387ms total)
03-00000000-00-00001208-0035: Read 4 bytes @ address 0x08000202 (Data = 0x07FC00C0)
01-00000294-00-00001208-000C: $c000fc07#23
00-00000294-00-00001208-000E: $m800017c,2#5e
02-00000000-00-00001209-0093: T1F7C 001:216 JLINK_ReadMem (0x0800017C, 0x0002 Bytes, ...) -- CPU_ReadMem(2 bytes @ 0x0800017C) - Data: 9B 1A  returns 0x00 (0001ms, 0388ms total)
03-00000000-00-00001209-0031: Read 2 bytes @ address 0x0800017C (Data = 0x1A9B)
01-00000294-00-00001209-0008: $9b1a#2d
00-00000294-00-00001209-000E: $m800017e,2#60
02-00000000-00-00001210-0093: T1F7C 001:217 JLINK_ReadMem (0x0800017E, 0x0002 Bytes, ...) -- CPU_ReadMem(2 bytes @ 0x0800017E) - Data: 03 DD  returns 0x00 (0001ms, 0389ms total)
03-00000000-00-00001210-0031: Read 2 bytes @ address 0x0800017E (Data = 0xDD03)
01-00000294-00-00001210-0008: $03dd#2b
00-00000294-00-00001210-000E: $m7fcfffc,4#62
02-00000000-00-00001211-0099: T1F7C 001:218 JLINK_ReadMem (0x07FCFFFC, 0x0004 Bytes, ...) -- CPU_ReadMem(4 bytes @ 0x07FCFFFC) - Data: E3 01 00 08  returns 0x00 (0001ms, 0390ms total)
03-00000000-00-00001211-0035: Read 4 bytes @ address 0x07FCFFFC (Data = 0x080001E3)
01-00000294-00-00001211-000C: $e3010008#c1
00-00000294-00-00001211-000E: $m7fcfffc,4#62
02-00000000-00-00001212-0099: T1F7C 001:219 JLINK_ReadMem (0x07FCFFFC, 0x0004 Bytes, ...) -- CPU_ReadMem(4 bytes @ 0x07FCFFFC) - Data: E3 01 00 08  returns 0x00 (0001ms, 0391ms total)
03-00000000-00-00001212-0035: Read 4 bytes @ address 0x07FCFFFC (Data = 0x080001E3)
01-00000294-00-00001212-000C: $e3010008#c1
00-00000294-00-00001212-000E: $m7fcfffc,4#62
02-00000000-00-00001213-0099: T1F7C 001:220 JLINK_ReadMem (0x07FCFFFC, 0x0004 Bytes, ...) -- CPU_ReadMem(4 bytes @ 0x07FCFFFC) - Data: E3 01 00 08  returns 0x00 (0001ms, 0392ms total)
03-00000000-00-00001213-0035: Read 4 bytes @ address 0x07FCFFFC (Data = 0x080001E3)
01-00000294-00-00001213-000C: $e3010008#c1
00-00000294-00-00001213-000E: $m80001e2,4#5d
02-00000000-00-00001214-0099: T1F7C 001:221 JLINK_ReadMem (0x080001E2, 0x0004 Bytes, ...) -- CPU_ReadMem(4 bytes @ 0x080001E2) - Data: FD F8 00 00  returns 0x00 (0001ms, 0393ms total)
03-00000000-00-00001214-0035: Read 4 bytes @ address 0x080001E2 (Data = 0x0000F8FD)
01-00000294-00-00001214-000C: $fdf80000#28
00-00000294-00-00001214-000E: $m7fcfefc,4#61
02-00000000-00-00001215-0099: T1F7C 001:222 JLINK_ReadMem (0x07FCFEFC, 0x0004 Bytes, ...) -- CPU_ReadMem(4 bytes @ 0x07FCFEFC) - Data: 00 02 00 41  returns 0x00 (0001ms, 0394ms total)
03-00000000-00-00001215-0035: Read 4 bytes @ address 0x07FCFEFC (Data = 0x41000200)
01-00000294-00-00001215-000C: $00020041#87
00-00000294-00-00001215-000E: $m7fcff0c,4#2c
02-00000000-00-00001216-0099: T1F7C 001:223 JLINK_ReadMem (0x07FCFF0C, 0x0004 Bytes, ...) -- CPU_ReadMem(4 bytes @ 0x07FCFF0C) - Data: 4B 08 00 08  returns 0x00 (0001ms, 0395ms total)
03-00000000-00-00001216-0035: Read 4 bytes @ address 0x07FCFF0C (Data = 0x0800084B)
01-00000294-00-00001216-000C: $4b080008#c6
00-00000294-00-00001216-000E: $m7fcfffc,4#62
02-00000000-00-00001217-0099: T1F7C 001:224 JLINK_ReadMem (0x07FCFFFC, 0x0004 Bytes, ...) -- CPU_ReadMem(4 bytes @ 0x07FCFFFC) - Data: E3 01 00 08  returns 0x00 (0001ms, 0396ms total)
03-00000000-00-00001217-0035: Read 4 bytes @ address 0x07FCFFFC (Data = 0x080001E3)
01-00000294-00-00001217-000C: $e3010008#c1
00-00000294-00-00001217-000E: $m7fcfffc,4#62
02-00000000-00-00001218-0099: T1F7C 001:225 JLINK_ReadMem (0x07FCFFFC, 0x0004 Bytes, ...) -- CPU_ReadMem(4 bytes @ 0x07FCFFFC) - Data: E3 01 00 08  returns 0x00 (0001ms, 0397ms total)
03-00000000-00-00001218-0035: Read 4 bytes @ address 0x07FCFFFC (Data = 0x080001E3)
01-00000294-00-00001218-000C: $e3010008#c1
00-00000294-00-00001218-000E: $m8000168,2#32
02-00000000-00-00001219-0093: T1F7C 001:226 JLINK_ReadMem (0x08000168, 0x0002 Bytes, ...) -- CPU_ReadMem(2 bytes @ 0x08000168) - Data: 00 20  returns 0x00 (0001ms, 0398ms total)
03-00000000-00-00001219-0031: Read 2 bytes @ address 0x08000168 (Data = 0x2000)
01-00000294-00-00001219-0008: $0020#c2
00-00000294-00-00001219-000E: $m800016a,2#5b
02-00000000-00-00001220-0093: T1F7C 001:227 JLINK_ReadMem (0x0800016A, 0x0002 Bytes, ...) -- CPU_ReadMem(2 bytes @ 0x0800016A) - Data: 20 88  returns 0x00 (0001ms, 0399ms total)
03-00000000-00-00001220-0031: Read 2 bytes @ address 0x0800016A (Data = 0x8820)
01-00000294-00-00001220-0008: $2088#d2
00-00000294-00-00001220-000E: $m800016c,2#5d
02-00000000-00-00001221-0093: T1F7C 001:228 JLINK_ReadMem (0x0800016C, 0x0002 Bytes, ...) -- CPU_ReadMem(2 bytes @ 0x0800016C) - Data: 18 21  returns 0x00 (0001ms, 0400ms total)
03-00000000-00-00001221-0031: Read 2 bytes @ address 0x0800016C (Data = 0x2118)
01-00000294-00-00001221-0008: $1821#cc
00-00000294-00-00001221-000E: $m800016e,2#5f
02-00000000-00-00001222-0093: T1F7C 001:229 JLINK_ReadMem (0x0800016E, 0x0002 Bytes, ...) -- CPU_ReadMem(2 bytes @ 0x0800016E) - Data: 88 43  returns 0x00 (0001ms, 0401ms total)
03-00000000-00-00001222-0031: Read 2 bytes @ address 0x0800016E (Data = 0x4388)
01-00000294-00-00001222-0008: $8843#d7
00-00000294-00-00001222-000E: $m8000170,2#2b
02-00000000-00-00001223-0093: T1F7C 001:230 JLINK_ReadMem (0x08000170, 0x0002 Bytes, ...) -- CPU_ReadMem(2 bytes @ 0x08000170) - Data: 18 21  returns 0x00 (0001ms, 0402ms total)
03-00000000-00-00001223-0031: Read 2 bytes @ address 0x08000170 (Data = 0x2118)
01-00000294-00-00001223-0008: $1821#cc
00-00000294-00-00001223-000E: $m8000172,2#2d
02-00000000-00-00001224-0093: T1F7C 001:231 JLINK_ReadMem (0x08000172, 0x0002 Bytes, ...) -- CPU_ReadMem(2 bytes @ 0x08000172) - Data: 08 43  returns 0x00 (0001ms, 0403ms total)
03-00000000-00-00001224-0031: Read 2 bytes @ address 0x08000172 (Data = 0x4308)
01-00000294-00-00001224-0008: $0843#cf
00-00000294-00-00001224-000E: $m8000174,2#2f
02-00000000-00-00001225-0093: T1F7C 001:232 JLINK_ReadMem (0x08000174, 0x0002 Bytes, ...) -- CPU_ReadMem(2 bytes @ 0x08000174) - Data: 20 80  returns 0x00 (0001ms, 0404ms total)
03-00000000-00-00001225-0031: Read 2 bytes @ address 0x08000174 (Data = 0x8020)
01-00000294-00-00001225-0008: $2080#ca
00-00000294-00-00001225-000E: $m8000176,2#31
02-00000000-00-00001226-0093: T1F7C 001:233 JLINK_ReadMem (0x08000176, 0x0002 Bytes, ...) -- CPU_ReadMem(2 bytes @ 0x08000176) - Data: 20 49  returns 0x00 (0001ms, 0405ms total)
03-00000000-00-00001226-0031: Read 2 bytes @ address 0x08000176 (Data = 0x4920)
01-00000294-00-00001226-0008: $2049#cf
00-00000294-00-00001226-000E: $m80001fa,4#8d
02-00000000-00-00001227-0099: T1F7C 001:234 JLINK_ReadMem (0x080001FA, 0x0004 Bytes, ...) -- CPU_ReadMem(4 bytes @ 0x080001FA) - Data: 08 00 00 08  returns 0x00 (0001ms, 0406ms total)
03-00000000-00-00001227-0035: Read 4 bytes @ address 0x080001FA (Data = 0x08000008)
01-00000294-00-00001227-000C: $08000008#90
00-00000294-00-00001227-000E: $m8000178,2#33
02-00000000-00-00001228-0093: T1F7C 001:235 JLINK_ReadMem (0x08000178, 0x0002 Bytes, ...) -- CPU_ReadMem(2 bytes @ 0x08000178) - Data: 21 4A  returns 0x00 (0001ms, 0407ms total)
03-00000000-00-00001228-0031: Read 2 bytes @ address 0x08000178 (Data = 0x4A21)
01-00000294-00-00001228-0008: $214a#f8
00-00000294-00-00001228-000E: $m8000200,4#27
02-00000000-00-00001229-0099: T1F7C 001:236 JLINK_ReadMem (0x08000200, 0x0004 Bytes, ...) -- CPU_ReadMem(4 bytes @ 0x08000200) - Data: FC 07 C0 00  returns 0x00 (0001ms, 0408ms total)
03-00000000-00-00001229-0035: Read 4 bytes @ address 0x08000200 (Data = 0x00C007FC)
01-00000294-00-00001229-000C: $fc07c000#23
00-00000294-00-00001229-000E: $m800017a,2#5c
02-00000000-00-00001230-0093: T1F7C 001:237 JLINK_ReadMem (0x0800017A, 0x0002 Bytes, ...) -- CPU_ReadMem(2 bytes @ 0x0800017A) - Data: 21 4B  returns 0x00 (0001ms, 0409ms total)
03-00000000-00-00001230-0031: Read 2 bytes @ address 0x0800017A (Data = 0x4B21)
01-00000294-00-00001230-0008: $214b#f9
00-00000294-00-00001230-000E: $m8000202,4#29
02-00000000-00-00001231-0099: T1F7C 001:238 JLINK_ReadMem (0x08000202, 0x0004 Bytes, ...) -- CPU_ReadMem(4 bytes @ 0x08000202) - Data: C0 00 FC 07  returns 0x00 (0001ms, 0410ms total)
03-00000000-00-00001231-0035: Read 4 bytes @ address 0x08000202 (Data = 0x07FC00C0)
01-00000294-00-00001231-000C: $c000fc07#23
00-00000294-00-00001231-000E: $m800017c,2#5e
02-00000000-00-00001232-0093: T1F7C 001:239 JLINK_ReadMem (0x0800017C, 0x0002 Bytes, ...) -- CPU_ReadMem(2 bytes @ 0x0800017C) - Data: 9B 1A  returns 0x00 (0001ms, 0411ms total)
03-00000000-00-00001232-0031: Read 2 bytes @ address 0x0800017C (Data = 0x1A9B)
01-00000294-00-00001232-0008: $9b1a#2d
00-00000294-00-00001232-000E: $m800017e,2#60
02-00000000-00-00001233-0093: T1F7C 001:240 JLINK_ReadMem (0x0800017E, 0x0002 Bytes, ...) -- CPU_ReadMem(2 bytes @ 0x0800017E) - Data: 03 DD  returns 0x00 (0001ms, 0412ms total)
03-00000000-00-00001233-0031: Read 2 bytes @ address 0x0800017E (Data = 0xDD03)
01-00000294-00-00001233-0008: $03dd#2b
00-00000294-00-00001275-000E: $m8011344,2#30
02-00000000-00-00001276-0093: T1F7C 001:283 JLINK_ReadMem (0x08011344, 0x0002 Bytes, ...) -- CPU_ReadMem(2 bytes @ 0x08011344) - Data: 38 FF  returns 0x00 (0001ms, 0413ms total)
03-00000000-00-00001276-0031: Read 2 bytes @ address 0x08011344 (Data = 0xFF38)
01-00000294-00-00001276-0008: $38ff#37
00-00000294-00-00001276-000E: $m8011340,2#2c
02-00000000-00-00001277-0093: T1F7C 001:284 JLINK_ReadMem (0x08011340, 0x0002 Bytes, ...) -- CPU_ReadMem(2 bytes @ 0x08011340) - Data: 85 B0  returns 0x00 (0001ms, 0414ms total)
03-00000000-00-00001277-0031: Read 2 bytes @ address 0x08011340 (Data = 0xB085)
01-00000294-00-00001277-0008: $85b0#ff
00-00000294-00-00001609-000E: $m8012298,2#39
02-00000000-00-00001610-0093: T1F7C 001:617 JLINK_ReadMem (0x08012298, 0x0002 Bytes, ...) -- CPU_ReadMem(2 bytes @ 0x08012298) - Data: 0F 93  returns 0x00 (0001ms, 0415ms total)
03-00000000-00-00001610-0031: Read 2 bytes @ address 0x08012298 (Data = 0x930F)
01-00000294-00-00001610-0008: $0f93#02
00-00000294-00-00001611-000E: $m80122b0,2#5a
02-00000000-00-00001611-0093: T1F7C 001:619 JLINK_ReadMem (0x080122B0, 0x0002 Bytes, ...) -- CPU_ReadMem(2 bytes @ 0x080122B0) - Data: 1B 68  returns 0x00 (0000ms, 0415ms total)
03-00000000-00-00001611-0031: Read 2 bytes @ address 0x080122B0 (Data = 0x681B)
01-00000294-00-00001611-0008: $1b68#01
00-00000294-00-00001612-001D: $qXfer:threads:read::0,fff#03
01-00000294-00-00001612-0005: $l#6c
00-00000294-00-00001612-001D: $qXfer:threads:read::0,fff#03
01-00000294-00-00001612-0005: $l#6c
00-00000294-00-00001642-005E: $qRcmd,657865632053657452545453656172636852616e67657320307830376663303030302030783230303030#56
02-00000000-00-00001642-0072: T1F7C 001:650 JLINK_ExecCommand("SetRTTSearchRanges 0x07fc0000 0x20000", ...)  returns 0x00 (0000ms, 0415ms total)
01-00000294-00-00001642-0064: $45786563757465642053657452545453656172636852616e676573203078303766633030303020307832303030300D0A#c2
03-00000000-00-00001642-002E: Executed SetRTTSearchRanges 0x07fc0000 0x20000
00-00000294-00-00001642-0012: $qRcmd,72656773#ce
02-00000000-00-00001643-004F: T1F7C 001:650 JLINK_ReadReg(PRIMASK)  returns 0x00000001 (0001ms, 0416ms total)
02-00000000-00-00001644-004F: T1F7C 001:651 JLINK_ReadReg(BASEPRI)  returns 0x00000000 (0001ms, 0417ms total)
02-00000000-00-00001644-0051: T1F7C 001:652 JLINK_ReadReg(FAULTMASK)  returns 0x00000000 (0000ms, 0417ms total)
02-00000000-00-00001644-004F: T1F7C 001:652 JLINK_ReadReg(CONTROL)  returns 0x00000000 (0000ms, 0417ms total)
02-00000000-00-00001644-004C: T1F7C 001:652 JLINK_ReadReg(CFBP)  returns 0x00000001 (0000ms, 0417ms total)
02-00000000-00-00001644-004C: T1F7C 001:652 JLINK_ReadReg(IPSR)  returns 0x00000003 (0000ms, 0417ms total)
02-00000000-00-00001644-004C: T1F7C 001:652 JLINK_ReadReg(EPSR)  returns 0x01000000 (0000ms, 0417ms total)
02-00000000-00-00001644-004C: T1F7C 001:652 JLINK_ReadReg(APSR)  returns 0x00000000 (0000ms, 0417ms total)
02-00000000-00-00001644-004C: T1F7C 001:652 JLINK_ReadReg(XPSR)  returns 0x01000003 (0000ms, 0417ms total)
02-00000000-00-00001644-0050: T1F7C 001:652 JLINK_ReadReg(R15 (PC))  returns 0x07FD02BC (0000ms, 0417ms total)
02-00000000-00-00001644-004B: T1F7C 001:652 JLINK_ReadReg(R14)  returns 0x07FD02BD (0000ms, 0417ms total)
02-00000000-00-00001644-004B: T1F7C 001:652 JLINK_ReadReg(PSP)  returns 0xFFFFFFFC (0000ms, 0417ms total)
02-00000000-00-00001644-004B: T1F7C 001:652 JLINK_ReadReg(MSP)  returns 0x07FCFED8 (0000ms, 0417ms total)
02-00000000-00-00001644-0050: T1F7C 001:652 JLINK_ReadReg(R13 (SP))  returns 0x07FCFED8 (0000ms, 0417ms total)
02-00000000-00-00001644-004B: T1F7C 001:652 JLINK_ReadReg(R12)  returns 0x00000000 (0000ms, 0417ms total)
02-00000000-00-00001644-004B: T1F7C 001:652 JLINK_ReadReg(R11)  returns 0x07F40000 (0000ms, 0417ms total)
02-00000000-00-00001644-004B: T1F7C 001:652 JLINK_ReadReg(R10)  returns 0x00010000 (0000ms, 0417ms total)
02-00000000-00-00001644-004A: T1F7C 001:652 JLINK_ReadReg(R9)  returns 0x00000040 (0000ms, 0417ms total)
02-00000000-00-00001644-004A: T1F7C 001:652 JLINK_ReadReg(R8)  returns 0x00000000 (0000ms, 0417ms total)
02-00000000-00-00001644-004A: T1F7C 001:652 JLINK_ReadReg(R7)  returns 0x00000200 (0000ms, 0417ms total)
02-00000000-00-00001644-004A: T1F7C 001:652 JLINK_ReadReg(R6)  returns 0x00000040 (0000ms, 0417ms total)
02-00000000-00-00001644-004A: T1F7C 001:652 JLINK_ReadReg(R5)  returns 0x07F40000 (0000ms, 0417ms total)
02-00000000-00-00001644-004A: T1F7C 001:652 JLINK_ReadReg(R4)  returns 0x07FCFEE0 (0000ms, 0417ms total)
02-00000000-00-00001644-004A: T1F7C 001:652 JLINK_ReadReg(R3)  returns 0x07FC5638 (0000ms, 0417ms total)
02-00000000-00-00001644-004A: T1F7C 001:652 JLINK_ReadReg(R2)  returns 0x00000000 (0000ms, 0417ms total)
02-00000000-00-00001644-004A: T1F7C 001:652 JLINK_ReadReg(R1)  returns 0x000044BA (0000ms, 0417ms total)
02-00000000-00-00001644-004A: T1F7C 001:652 JLINK_ReadReg(R0)  returns 0x00000001 (0000ms, 0417ms total)
01-00000294-00-00001644-0322: $5230203d2030303030303030312c205231203d2030303030343442412c205232203d2030303030303030302c205233203d2030374643353633380a5234203d2030374643464545302c205235203d2030374634303030302c205236203d2030303030303034302c205237203d2030303030303230300a5238203d2030303030303030302c205239203d2030303030303034302c205231303d2030303031303030302c205231313d2030374634303030300a5231323d2030303030303030302c205231333d2030374643464544382c204d53503d2030374643464544382c205053503d2046464646464646430a523134284c5229203d2030374644303242442c2052313528504329203d2030374644303242430a585053522030313030303030332c20415053522030303030303030302c20455053522030313030303030302c20495053522030303030303030330a434642502030303030303030312c20434f4e54524f4c2030302c204641554c544d41534b2030302c20424153455052492030302c205052494d41534b2030310D0A#e8
03-00000000-00-00001644-003A: R0 = 00000001, R1 = 000044BA, R2 = 00000000, R3 = 07FC5638
03-00000000-00-00001644-003A: R4 = 07FCFEE0, R5 = 07F40000, R6 = 00000040, R7 = 00000200
03-00000000-00-00001645-003A: R8 = 00000000, R9 = 00000040, R10= 00010000, R11= 07F40000
03-00000000-00-00001645-003A: R12= 00000000, R13= 07FCFED8, MSP= 07FCFED8, PSP= FFFFFFFC
03-00000000-00-00001645-0026: R14(LR) = 07FD02BD, R15(PC) = 07FD02BC
03-00000000-00-00001645-003A: XPSR 01000003, APSR 00000000, EPSR 01000000, IPSR 00000003
03-00000000-00-00001645-003F: CFBP 00000001, CONTROL 00, FAULTMASK 00, BASEPRI 00, PRIMASK 01
00-00000294-00-00001645-0005: $g#67
03-00000000-00-00001645-0015: Reading all registers
02-00000000-00-00001645-004A: T1F7C 001:653 JLINK_ReadReg(R0)  returns 0x00000001 (0000ms, 0417ms total)
02-00000000-00-00001645-004A: T1F7C 001:653 JLINK_ReadReg(R1)  returns 0x000044BA (0000ms, 0417ms total)
02-00000000-00-00001645-004A: T1F7C 001:653 JLINK_ReadReg(R2)  returns 0x00000000 (0000ms, 0417ms total)
02-00000000-00-00001645-004A: T1F7C 001:653 JLINK_ReadReg(R3)  returns 0x07FC5638 (0000ms, 0417ms total)
02-00000000-00-00001645-004A: T1F7C 001:653 JLINK_ReadReg(R4)  returns 0x07FCFEE0 (0000ms, 0417ms total)
02-00000000-00-00001645-004A: T1F7C 001:653 JLINK_ReadReg(R5)  returns 0x07F40000 (0000ms, 0417ms total)
02-00000000-00-00001645-004A: T1F7C 001:653 JLINK_ReadReg(R6)  returns 0x00000040 (0000ms, 0417ms total)
02-00000000-00-00001645-004A: T1F7C 001:653 JLINK_ReadReg(R7)  returns 0x00000200 (0000ms, 0417ms total)
02-00000000-00-00001645-004A: T1F7C 001:653 JLINK_ReadReg(R8)  returns 0x00000000 (0000ms, 0417ms total)
02-00000000-00-00001645-004A: T1F7C 001:653 JLINK_ReadReg(R9)  returns 0x00000040 (0000ms, 0417ms total)
02-00000000-00-00001645-004B: T1F7C 001:653 JLINK_ReadReg(R10)  returns 0x00010000 (0000ms, 0417ms total)
02-00000000-00-00001645-004B: T1F7C 001:653 JLINK_ReadReg(R11)  returns 0x07F40000 (0000ms, 0417ms total)
02-00000000-00-00001645-004B: T1F7C 001:653 JLINK_ReadReg(R12)  returns 0x00000000 (0000ms, 0417ms total)
02-00000000-00-00001645-0050: T1F7C 001:653 JLINK_ReadReg(R13 (SP))  returns 0x07FCFED8 (0000ms, 0417ms total)
02-00000000-00-00001645-004B: T1F7C 001:653 JLINK_ReadReg(R14)  returns 0x07FD02BD (0000ms, 0417ms total)
02-00000000-00-00001645-0050: T1F7C 001:653 JLINK_ReadReg(R15 (PC))  returns 0x07FD02BC (0000ms, 0417ms total)
02-00000000-00-00001645-004C: T1F7C 001:653 JLINK_ReadReg(XPSR)  returns 0x01000003 (0000ms, 0417ms total)
02-00000000-00-00001645-004B: T1F7C 001:653 JLINK_ReadReg(MSP)  returns 0x07FCFED8 (0000ms, 0417ms total)
02-00000000-00-00001645-004B: T1F7C 001:653 JLINK_ReadReg(PSP)  returns 0xFFFFFFFC (0000ms, 0417ms total)
02-00000000-00-00001645-004F: T1F7C 001:653 JLINK_ReadReg(PRIMASK)  returns 0x00000001 (0000ms, 0417ms total)
02-00000000-00-00001645-004F: T1F7C 001:653 JLINK_ReadReg(BASEPRI)  returns 0x00000000 (0000ms, 0417ms total)
02-00000000-00-00001645-0051: T1F7C 001:653 JLINK_ReadReg(FAULTMASK)  returns 0x00000000 (0000ms, 0417ms total)
02-00000000-00-00001645-004F: T1F7C 001:653 JLINK_ReadReg(CONTROL)  returns 0x00000000 (0000ms, 0417ms total)
01-00000294-00-00001645-00BC: $01000000ba440000000000003856fc07e0fefc070000f40740000000000200000000000040000000000001000000f40700000000d8fefc07bd02fd07bc02fd0703000001d8fefc07fcffffff01000000000000000000000000000000#a0
00-00000294-00-00001645-000E: $m7fd02bc,4#f5
02-00000000-00-00001646-0099: T1F7C 001:653 JLINK_ReadMem (0x07FD02BC, 0x0004 Bytes, ...) -- CPU_ReadMem(4 bytes @ 0x07FD02BC) - Data: FE E7 C0 46  returns 0x00 (0001ms, 0418ms total)
03-00000000-00-00001647-0035: Read 4 bytes @ address 0x07FD02BC (Data = 0x46C0E7FE)
01-00000294-00-00001647-000C: $fee7c046#64
00-00000294-00-00001647-0010: $Z0,8011340,2#75
02-00000000-00-00001647-0066: T1F7C 001:655 JLINK_SetBPEx(Addr = 0x08011340, Type = 0x02)  returns 0x00000001 (0000ms, 0418ms total)
03-00000000-00-00001647-0044: Setting breakpoint @ address 0x08011340, Size = 2, BPHandle = 0x0001
01-00000294-00-00001647-0006: $OK#9a
00-00000294-00-00001647-0010: $Z0,80122b0,2#a3
02-00000000-00-00001647-0066: T1F7C 001:655 JLINK_SetBPEx(Addr = 0x080122B0, Type = 0x02)  returns 0x00000002 (0000ms, 0418ms total)
03-00000000-00-00001648-0044: Setting breakpoint @ address 0x080122B0, Size = 2, BPHandle = 0x0002
01-00000294-00-00001648-0006: $OK#9a
00-00000294-00-00001648-000A: $vCont?#49
01-00000294-00-00001648-0004: $#00
00-00000294-00-00001648-0007: $Hc0#db
01-00000294-00-00001648-0006: $OK#9a
00-00000294-00-00001648-0005: $c#63
03-00000000-00-00001648-0016: Starting target CPU...
02-00000000-00-00001648-0043: T1F7C 001:656 JLINK_IsHalted()  returns TRUE (0000ms, 0418ms total)
02-00000000-00-00001656-017F: T1F7C 001:656 JLINK_GoEx(MaxEmulInsts = -1, Flags = 0x00) -- CPU_WriteMem(4 bytes @ 0xE0002000) -- CPU_WriteMem(4 bytes @ 0xE0002000) -- CPU_ReadMem(4 bytes @ 0xE0001000) -- CPU_WriteMem(4 bytes @ 0xE0001000) -- CPU_WriteMem(4 bytes @ 0xE0002008) -- CPU_WriteMem(4 bytes @ 0xE000200C) -- CPU_WriteMem(4 bytes @ 0xE0002010) -- CPU_WriteMem(4 bytes @ 0xE0002014) (0008ms, 0426ms total)
02-00000000-00-00001657-0044: T1F7C 001:664 JLINK_IsHalted()  returns FALSE (0001ms, 0427ms total)
02-00000000-00-00001678-0044: T1F7C 001:685 JLINK_IsHalted()  returns FALSE (0001ms, 0427ms total)
02-00000000-00-00001699-0044: T1F7C 001:706 JLINK_IsHalted()  returns FALSE (0001ms, 0427ms total)
02-00000000-00-00001720-0044: T1F7C 001:727 JLINK_IsHalted()  returns FALSE (0001ms, 0427ms total)
02-00000000-00-00001741-0044: T1F7C 001:748 JLINK_IsHalted()  returns FALSE (0001ms, 0427ms total)
02-00000000-00-00001762-0044: T1F7C 001:769 JLINK_IsHalted()  returns FALSE (0001ms, 0427ms total)
02-00000000-00-00001783-0044: T1F7C 001:790 JLINK_IsHalted()  returns FALSE (0001ms, 0427ms total)
02-00000000-00-00001804-0044: T1F7C 001:811 JLINK_IsHalted()  returns FALSE (0001ms, 0427ms total)
02-00000000-00-00001825-0044: T1F7C 001:832 JLINK_IsHalted()  returns FALSE (0001ms, 0427ms total)
02-00000000-00-00001846-0044: T1F7C 001:853 JLINK_IsHalted()  returns FALSE (0001ms, 0427ms total)
02-00000000-00-00001867-0044: T1F7C 001:874 JLINK_IsHalted()  returns FALSE (0001ms, 0427ms total)
02-00000000-00-00001888-0044: T1F7C 001:895 JLINK_IsHalted()  returns FALSE (0001ms, 0427ms total)
02-00000000-00-00001909-0044: T1F7C 001:916 JLINK_IsHalted()  returns FALSE (0001ms, 0427ms total)
02-00000000-00-00001930-0044: T1F7C 001:937 JLINK_IsHalted()  returns FALSE (0001ms, 0427ms total)
02-00000000-00-00001951-0044: T1F7C 001:958 JLINK_IsHalted()  returns FALSE (0001ms, 0427ms total)
02-00000000-00-00001972-0044: T1F7C 001:979 JLINK_IsHalted()  returns FALSE (0001ms, 0427ms total)
02-00000000-00-00001993-0044: T1F7C 002:000 JLINK_IsHalted()  returns FALSE (0001ms, 0427ms total)
02-00000000-00-00002014-0044: T1F7C 002:021 JLINK_IsHalted()  returns FALSE (0001ms, 0427ms total)
02-00000000-00-00002035-0044: T1F7C 002:042 JLINK_IsHalted()  returns FALSE (0001ms, 0427ms total)
02-00000000-00-00002056-0044: T1F7C 002:063 JLINK_IsHalted()  returns FALSE (0001ms, 0427ms total)
02-00000000-00-00002077-0044: T1F7C 002:084 JLINK_IsHalted()  returns FALSE (0001ms, 0427ms total)
02-00000000-00-00002098-0044: T1F7C 002:105 JLINK_IsHalted()  returns FALSE (0001ms, 0427ms total)
02-00000000-00-00002119-0044: T1F7C 002:126 JLINK_IsHalted()  returns FALSE (0001ms, 0427ms total)
02-00000000-00-00002140-0044: T1F7C 002:147 JLINK_IsHalted()  returns FALSE (0001ms, 0427ms total)
02-00000000-00-00002161-0044: T1F7C 002:168 JLINK_IsHalted()  returns FALSE (0001ms, 0427ms total)
02-00000000-00-00002182-0044: T1F7C 002:189 JLINK_IsHalted()  returns FALSE (0001ms, 0427ms total)
02-00000000-00-00002203-0044: T1F7C 002:210 JLINK_IsHalted()  returns FALSE (0001ms, 0428ms total)
02-00000000-00-00002224-0044: T1F7C 002:231 JLINK_IsHalted()  returns FALSE (0001ms, 0428ms total)
02-00000000-00-00002245-0044: T1F7C 002:252 JLINK_IsHalted()  returns FALSE (0001ms, 0428ms total)
02-00000000-00-00002266-0044: T1F7C 002:273 JLINK_IsHalted()  returns FALSE (0001ms, 0428ms total)
02-00000000-00-00002287-0044: T1F7C 002:294 JLINK_IsHalted()  returns FALSE (0001ms, 0428ms total)
02-00000000-00-00002308-0044: T1F7C 002:315 JLINK_IsHalted()  returns FALSE (0001ms, 0428ms total)
02-00000000-00-00002329-0044: T1F7C 002:336 JLINK_IsHalted()  returns FALSE (0001ms, 0428ms total)
02-00000000-00-00002350-0044: T1F7C 002:357 JLINK_IsHalted()  returns FALSE (0001ms, 0428ms total)
02-00000000-00-00002371-0044: T1F7C 002:378 JLINK_IsHalted()  returns FALSE (0001ms, 0428ms total)
02-00000000-00-00002392-0044: T1F7C 002:399 JLINK_IsHalted()  returns FALSE (0001ms, 0428ms total)
02-00000000-00-00002402-0049: T1E94 002:409 JLINK_GetHWStatus(...)  returns 0x00 (0001ms, 0428ms total)
02-00000000-00-00002413-0044: T1F7C 002:420 JLINK_IsHalted()  returns FALSE (0001ms, 0429ms total)
02-00000000-00-00002434-0044: T1F7C 002:441 JLINK_IsHalted()  returns FALSE (0001ms, 0429ms total)
02-00000000-00-00002455-0044: T1F7C 002:462 JLINK_IsHalted()  returns FALSE (0001ms, 0429ms total)
02-00000000-00-00002476-0044: T1F7C 002:483 JLINK_IsHalted()  returns FALSE (0001ms, 0429ms total)
02-00000000-00-00002497-0044: T1F7C 002:504 JLINK_IsHalted()  returns FALSE (0001ms, 0429ms total)
02-00000000-00-00002518-0044: T1F7C 002:525 JLINK_IsHalted()  returns FALSE (0001ms, 0429ms total)
02-00000000-00-00002539-0044: T1F7C 002:546 JLINK_IsHalted()  returns FALSE (0001ms, 0429ms total)
02-00000000-00-00002560-0044: T1F7C 002:567 JLINK_IsHalted()  returns FALSE (0001ms, 0429ms total)
02-00000000-00-00002581-0044: T1F7C 002:588 JLINK_IsHalted()  returns FALSE (0001ms, 0429ms total)
02-00000000-00-00002602-0044: T1F7C 002:609 JLINK_IsHalted()  returns FALSE (0001ms, 0429ms total)
02-00000000-00-00002623-0044: T1F7C 002:630 JLINK_IsHalted()  returns FALSE (0001ms, 0429ms total)
02-00000000-00-00002644-0044: T1F7C 002:651 JLINK_IsHalted()  returns FALSE (0001ms, 0429ms total)
02-00000000-00-00002665-0044: T1F7C 002:672 JLINK_IsHalted()  returns FALSE (0001ms, 0429ms total)
02-00000000-00-00002686-0044: T1F7C 002:693 JLINK_IsHalted()  returns FALSE (0001ms, 0429ms total)
02-00000000-00-00002707-0044: T1F7C 002:714 JLINK_IsHalted()  returns FALSE (0001ms, 0429ms total)
02-00000000-00-00002728-0044: T1F7C 002:735 JLINK_IsHalted()  returns FALSE (0001ms, 0429ms total)
02-00000000-00-00002749-0044: T1F7C 002:756 JLINK_IsHalted()  returns FALSE (0001ms, 0429ms total)
02-00000000-00-00002770-0044: T1F7C 002:777 JLINK_IsHalted()  returns FALSE (0001ms, 0429ms total)
02-00000000-00-00002791-0044: T1F7C 002:798 JLINK_IsHalted()  returns FALSE (0001ms, 0429ms total)
02-00000000-00-00002812-0044: T1F7C 002:819 JLINK_IsHalted()  returns FALSE (0001ms, 0429ms total)
02-00000000-00-00002833-0044: T1F7C 002:840 JLINK_IsHalted()  returns FALSE (0001ms, 0429ms total)
02-00000000-00-00002854-0044: T1F7C 002:861 JLINK_IsHalted()  returns FALSE (0001ms, 0429ms total)
02-00000000-00-00002875-0044: T1F7C 002:882 JLINK_IsHalted()  returns FALSE (0001ms, 0429ms total)
02-00000000-00-00002896-0044: T1F7C 002:903 JLINK_IsHalted()  returns FALSE (0001ms, 0429ms total)
02-00000000-00-00002917-0044: T1F7C 002:924 JLINK_IsHalted()  returns FALSE (0001ms, 0429ms total)
02-00000000-00-00002938-0044: T1F7C 002:945 JLINK_IsHalted()  returns FALSE (0001ms, 0429ms total)
02-00000000-00-00002959-0044: T1F7C 002:966 JLINK_IsHalted()  returns FALSE (0001ms, 0429ms total)
02-00000000-00-00002980-0044: T1F7C 002:987 JLINK_IsHalted()  returns FALSE (0001ms, 0429ms total)
02-00000000-00-00003001-0044: T1F7C 003:008 JLINK_IsHalted()  returns FALSE (0001ms, 0429ms total)
02-00000000-00-00003022-0044: T1F7C 003:029 JLINK_IsHalted()  returns FALSE (0001ms, 0429ms total)
02-00000000-00-00003043-0044: T1F7C 003:050 JLINK_IsHalted()  returns FALSE (0001ms, 0429ms total)
02-00000000-00-00003064-0044: T1F7C 003:071 JLINK_IsHalted()  returns FALSE (0001ms, 0429ms total)
02-00000000-00-00003085-0044: T1F7C 003:092 JLINK_IsHalted()  returns FALSE (0001ms, 0429ms total)
02-00000000-00-00003106-0044: T1F7C 003:113 JLINK_IsHalted()  returns FALSE (0001ms, 0429ms total)
02-00000000-00-00003127-0044: T1F7C 003:134 JLINK_IsHalted()  returns FALSE (0001ms, 0429ms total)
02-00000000-00-00003148-0044: T1F7C 003:155 JLINK_IsHalted()  returns FALSE (0001ms, 0429ms total)
02-00000000-00-00003169-0044: T1F7C 003:176 JLINK_IsHalted()  returns FALSE (0001ms, 0429ms total)
02-00000000-00-00003190-0044: T1F7C 003:197 JLINK_IsHalted()  returns FALSE (0001ms, 0429ms total)
02-00000000-00-00003211-0044: T1F7C 003:218 JLINK_IsHalted()  returns FALSE (0001ms, 0429ms total)
02-00000000-00-00003232-0044: T1F7C 003:239 JLINK_IsHalted()  returns FALSE (0001ms, 0429ms total)
02-00000000-00-00003253-0044: T1F7C 003:260 JLINK_IsHalted()  returns FALSE (0001ms, 0429ms total)
02-00000000-00-00003274-0044: T1F7C 003:281 JLINK_IsHalted()  returns FALSE (0001ms, 0429ms total)
02-00000000-00-00003295-0044: T1F7C 003:302 JLINK_IsHalted()  returns FALSE (0001ms, 0429ms total)
02-00000000-00-00003316-0044: T1F7C 003:323 JLINK_IsHalted()  returns FALSE (0001ms, 0429ms total)
02-00000000-00-00003337-0044: T1F7C 003:344 JLINK_IsHalted()  returns FALSE (0001ms, 0429ms total)
02-00000000-00-00003358-0044: T1F7C 003:365 JLINK_IsHalted()  returns FALSE (0001ms, 0429ms total)
02-00000000-00-00003379-0044: T1F7C 003:386 JLINK_IsHalted()  returns FALSE (0001ms, 0429ms total)
02-00000000-00-00003400-0044: T1F7C 003:407 JLINK_IsHalted()  returns FALSE (0001ms, 0429ms total)
02-00000000-00-00003421-0044: T1F7C 003:428 JLINK_IsHalted()  returns FALSE (0001ms, 0429ms total)
02-00000000-00-00003442-0044: T1F7C 003:449 JLINK_IsHalted()  returns FALSE (0001ms, 0429ms total)
02-00000000-00-00003463-0044: T1F7C 003:470 JLINK_IsHalted()  returns FALSE (0001ms, 0429ms total)
02-00000000-00-00003484-0044: T1F7C 003:491 JLINK_IsHalted()  returns FALSE (0001ms, 0429ms total)
02-00000000-00-00003505-0044: T1F7C 003:512 JLINK_IsHalted()  returns FALSE (0001ms, 0429ms total)
02-00000000-00-00003526-0044: T1F7C 003:533 JLINK_IsHalted()  returns FALSE (0001ms, 0429ms total)
02-00000000-00-00003547-0044: T1F7C 003:554 JLINK_IsHalted()  returns FALSE (0001ms, 0429ms total)
02-00000000-00-00003568-0044: T1F7C 003:575 JLINK_IsHalted()  returns FALSE (0001ms, 0429ms total)
02-00000000-00-00003589-0044: T1F7C 003:596 JLINK_IsHalted()  returns FALSE (0001ms, 0429ms total)
02-00000000-00-00003610-0044: T1F7C 003:617 JLINK_IsHalted()  returns FALSE (0001ms, 0429ms total)
02-00000000-00-00003631-0044: T1F7C 003:638 JLINK_IsHalted()  returns FALSE (0001ms, 0429ms total)
02-00000000-00-00003652-0044: T1F7C 003:659 JLINK_IsHalted()  returns FALSE (0001ms, 0429ms total)
02-00000000-00-00003673-0044: T1F7C 003:680 JLINK_IsHalted()  returns FALSE (0001ms, 0429ms total)
02-00000000-00-00003694-0044: T1F7C 003:701 JLINK_IsHalted()  returns FALSE (0001ms, 0429ms total)
02-00000000-00-00003715-0044: T1F7C 003:722 JLINK_IsHalted()  returns FALSE (0001ms, 0429ms total)
02-00000000-00-00003736-0044: T1F7C 003:743 JLINK_IsHalted()  returns FALSE (0001ms, 0429ms total)
02-00000000-00-00003757-0044: T1F7C 003:764 JLINK_IsHalted()  returns FALSE (0001ms, 0429ms total)
02-00000000-00-00003778-0044: T1F7C 003:785 JLINK_IsHalted()  returns FALSE (0001ms, 0429ms total)
02-00000000-00-00003799-0044: T1F7C 003:806 JLINK_IsHalted()  returns FALSE (0001ms, 0429ms total)
02-00000000-00-00003820-0044: T1F7C 003:827 JLINK_IsHalted()  returns FALSE (0001ms, 0429ms total)
02-00000000-00-00003841-0044: T1F7C 003:848 JLINK_IsHalted()  returns FALSE (0001ms, 0429ms total)
02-00000000-00-00003862-0044: T1F7C 003:869 JLINK_IsHalted()  returns FALSE (0001ms, 0429ms total)
02-00000000-00-00003883-0044: T1F7C 003:890 JLINK_IsHalted()  returns FALSE (0001ms, 0429ms total)
02-00000000-00-00003904-0044: T1F7C 003:911 JLINK_IsHalted()  returns FALSE (0001ms, 0429ms total)
02-00000000-00-00003925-0044: T1F7C 003:932 JLINK_IsHalted()  returns FALSE (0001ms, 0429ms total)
02-00000000-00-00003946-0044: T1F7C 003:953 JLINK_IsHalted()  returns FALSE (0001ms, 0429ms total)
02-00000000-00-00003967-0044: T1F7C 003:974 JLINK_IsHalted()  returns FALSE (0001ms, 0429ms total)
02-00000000-00-00003988-0044: T1F7C 003:995 JLINK_IsHalted()  returns FALSE (0001ms, 0429ms total)
02-00000000-00-00004009-0044: T1F7C 004:016 JLINK_IsHalted()  returns FALSE (0001ms, 0429ms total)
02-00000000-00-00004030-0044: T1F7C 004:037 JLINK_IsHalted()  returns FALSE (0001ms, 0429ms total)
02-00000000-00-00004051-0044: T1F7C 004:058 JLINK_IsHalted()  returns FALSE (0001ms, 0429ms total)
02-00000000-00-00004072-0044: T1F7C 004:079 JLINK_IsHalted()  returns FALSE (0001ms, 0429ms total)
02-00000000-00-00004093-0044: T1F7C 004:100 JLINK_IsHalted()  returns FALSE (0001ms, 0429ms total)
02-00000000-00-00004114-0044: T1F7C 004:121 JLINK_IsHalted()  returns FALSE (0001ms, 0429ms total)
02-00000000-00-00004135-0044: T1F7C 004:142 JLINK_IsHalted()  returns FALSE (0001ms, 0429ms total)
02-00000000-00-00004156-0044: T1F7C 004:163 JLINK_IsHalted()  returns FALSE (0001ms, 0429ms total)
02-00000000-00-00004177-0044: T1F7C 004:184 JLINK_IsHalted()  returns FALSE (0001ms, 0429ms total)
02-00000000-00-00004198-0044: T1F7C 004:205 JLINK_IsHalted()  returns FALSE (0001ms, 0429ms total)
02-00000000-00-00004219-0044: T1F7C 004:226 JLINK_IsHalted()  returns FALSE (0001ms, 0429ms total)
02-00000000-00-00004240-0044: T1F7C 004:247 JLINK_IsHalted()  returns FALSE (0001ms, 0429ms total)
02-00000000-00-00004261-0044: T1F7C 004:268 JLINK_IsHalted()  returns FALSE (0001ms, 0429ms total)
02-00000000-00-00004282-0044: T1F7C 004:289 JLINK_IsHalted()  returns FALSE (0001ms, 0429ms total)
02-00000000-00-00004303-0044: T1F7C 004:310 JLINK_IsHalted()  returns FALSE (0001ms, 0429ms total)
02-00000000-00-00004324-0044: T1F7C 004:331 JLINK_IsHalted()  returns FALSE (0001ms, 0429ms total)
02-00000000-00-00004345-0044: T1F7C 004:352 JLINK_IsHalted()  returns FALSE (0001ms, 0429ms total)
02-00000000-00-00004366-0044: T1F7C 004:373 JLINK_IsHalted()  returns FALSE (0001ms, 0429ms total)
02-00000000-00-00004387-0044: T1F7C 004:394 JLINK_IsHalted()  returns FALSE (0001ms, 0429ms total)
02-00000000-00-00004408-0044: T1F7C 004:415 JLINK_IsHalted()  returns FALSE (0001ms, 0430ms total)
02-00000000-00-00004429-0044: T1F7C 004:436 JLINK_IsHalted()  returns FALSE (0001ms, 0430ms total)
02-00000000-00-00004450-0044: T1F7C 004:457 JLINK_IsHalted()  returns FALSE (0001ms, 0430ms total)
02-00000000-00-00004471-0044: T1F7C 004:478 JLINK_IsHalted()  returns FALSE (0001ms, 0430ms total)
02-00000000-00-00004492-0044: T1F7C 004:499 JLINK_IsHalted()  returns FALSE (0001ms, 0430ms total)
02-00000000-00-00004513-0044: T1F7C 004:520 JLINK_IsHalted()  returns FALSE (0001ms, 0430ms total)
02-00000000-00-00004534-0044: T1F7C 004:541 JLINK_IsHalted()  returns FALSE (0001ms, 0430ms total)
02-00000000-00-00004555-0044: T1F7C 004:562 JLINK_IsHalted()  returns FALSE (0001ms, 0430ms total)
02-00000000-00-00004576-0044: T1F7C 004:583 JLINK_IsHalted()  returns FALSE (0001ms, 0430ms total)
02-00000000-00-00004597-0044: T1F7C 004:604 JLINK_IsHalted()  returns FALSE (0001ms, 0430ms total)
02-00000000-00-00004603-0049: T1E94 004:610 JLINK_GetHWStatus(...)  returns 0x00 (0001ms, 0430ms total)
02-00000000-00-00004618-0044: T1F7C 004:625 JLINK_IsHalted()  returns FALSE (0001ms, 0431ms total)
02-00000000-00-00004638-0044: T1F7C 004:646 JLINK_IsHalted()  returns FALSE (0000ms, 0430ms total)
02-00000000-00-00004659-0044: T1F7C 004:666 JLINK_IsHalted()  returns FALSE (0001ms, 0431ms total)
02-00000000-00-00004680-0044: T1F7C 004:687 JLINK_IsHalted()  returns FALSE (0001ms, 0431ms total)
02-00000000-00-00004701-0044: T1F7C 004:708 JLINK_IsHalted()  returns FALSE (0001ms, 0431ms total)
02-00000000-00-00004722-0044: T1F7C 004:729 JLINK_IsHalted()  returns FALSE (0001ms, 0431ms total)
02-00000000-00-00004742-0044: T1F7C 004:750 JLINK_IsHalted()  returns FALSE (0000ms, 0430ms total)
02-00000000-00-00004763-0044: T1F7C 004:770 JLINK_IsHalted()  returns FALSE (0001ms, 0431ms total)
02-00000000-00-00004784-0044: T1F7C 004:791 JLINK_IsHalted()  returns FALSE (0001ms, 0431ms total)
02-00000000-00-00004805-0044: T1F7C 004:812 JLINK_IsHalted()  returns FALSE (0001ms, 0431ms total)
02-00000000-00-00004826-0044: T1F7C 004:833 JLINK_IsHalted()  returns FALSE (0001ms, 0431ms total)
02-00000000-00-00004846-0044: T1F7C 004:854 JLINK_IsHalted()  returns FALSE (0000ms, 0430ms total)
02-00000000-00-00004868-0044: T1F7C 004:875 JLINK_IsHalted()  returns FALSE (0001ms, 0431ms total)
02-00000000-00-00004889-0044: T1F7C 004:896 JLINK_IsHalted()  returns FALSE (0001ms, 0431ms total)
02-00000000-00-00004910-0044: T1F7C 004:917 JLINK_IsHalted()  returns FALSE (0001ms, 0431ms total)
02-00000000-00-00004931-0044: T1F7C 004:938 JLINK_IsHalted()  returns FALSE (0001ms, 0431ms total)
02-00000000-00-00004952-0044: T1F7C 004:959 JLINK_IsHalted()  returns FALSE (0001ms, 0431ms total)
02-00000000-00-00004973-0044: T1F7C 004:980 JLINK_IsHalted()  returns FALSE (0001ms, 0431ms total)
02-00000000-00-00004994-0044: T1F7C 005:001 JLINK_IsHalted()  returns FALSE (0001ms, 0431ms total)
02-00000000-00-00005014-0044: T1F7C 005:022 JLINK_IsHalted()  returns FALSE (0000ms, 0430ms total)
02-00000000-00-00005035-0044: T1F7C 005:042 JLINK_IsHalted()  returns FALSE (0001ms, 0431ms total)
02-00000000-00-00005056-0044: T1F7C 005:063 JLINK_IsHalted()  returns FALSE (0001ms, 0431ms total)
02-00000000-00-00005077-0044: T1F7C 005:084 JLINK_IsHalted()  returns FALSE (0001ms, 0431ms total)
02-00000000-00-00005098-0044: T1F7C 005:105 JLINK_IsHalted()  returns FALSE (0001ms, 0431ms total)
02-00000000-00-00005118-0044: T1F7C 005:126 JLINK_IsHalted()  returns FALSE (0000ms, 0430ms total)
02-00000000-00-00005139-0044: T1F7C 005:146 JLINK_IsHalted()  returns FALSE (0001ms, 0431ms total)
02-00000000-00-00005160-0044: T1F7C 005:167 JLINK_IsHalted()  returns FALSE (0001ms, 0431ms total)
02-00000000-00-00005181-0044: T1F7C 005:188 JLINK_IsHalted()  returns FALSE (0001ms, 0431ms total)
02-00000000-00-00005202-0044: T1F7C 005:209 JLINK_IsHalted()  returns FALSE (0001ms, 0431ms total)
02-00000000-00-00005222-0044: T1F7C 005:230 JLINK_IsHalted()  returns FALSE (0000ms, 0430ms total)
02-00000000-00-00005243-0044: T1F7C 005:250 JLINK_IsHalted()  returns FALSE (0001ms, 0431ms total)
02-00000000-00-00005264-0044: T1F7C 005:271 JLINK_IsHalted()  returns FALSE (0001ms, 0431ms total)
02-00000000-00-00005285-0044: T1F7C 005:292 JLINK_IsHalted()  returns FALSE (0001ms, 0431ms total)
02-00000000-00-00005306-0044: T1F7C 005:313 JLINK_IsHalted()  returns FALSE (0001ms, 0431ms total)
02-00000000-00-00005326-0044: T1F7C 005:334 JLINK_IsHalted()  returns FALSE (0000ms, 0430ms total)
02-00000000-00-00005347-0044: T1F7C 005:354 JLINK_IsHalted()  returns FALSE (0001ms, 0431ms total)
02-00000000-00-00005368-0044: T1F7C 005:375 JLINK_IsHalted()  returns FALSE (0001ms, 0431ms total)
02-00000000-00-00005389-0044: T1F7C 005:396 JLINK_IsHalted()  returns FALSE (0001ms, 0431ms total)
02-00000000-00-00005410-0044: T1F7C 005:417 JLINK_IsHalted()  returns FALSE (0001ms, 0431ms total)
02-00000000-00-00005431-0044: T1F7C 005:438 JLINK_IsHalted()  returns FALSE (0001ms, 0431ms total)
02-00000000-00-00005452-0044: T1F7C 005:459 JLINK_IsHalted()  returns FALSE (0001ms, 0431ms total)
02-00000000-00-00005473-0044: T1F7C 005:480 JLINK_IsHalted()  returns FALSE (0001ms, 0431ms total)
02-00000000-00-00005494-0044: T1F7C 005:501 JLINK_IsHalted()  returns FALSE (0001ms, 0431ms total)
02-00000000-00-00005515-0044: T1F7C 005:522 JLINK_IsHalted()  returns FALSE (0001ms, 0431ms total)
02-00000000-00-00005536-0044: T1F7C 005:543 JLINK_IsHalted()  returns FALSE (0001ms, 0431ms total)
02-00000000-00-00005557-0044: T1F7C 005:564 JLINK_IsHalted()  returns FALSE (0001ms, 0431ms total)
02-00000000-00-00005578-0044: T1F7C 005:585 JLINK_IsHalted()  returns FALSE (0001ms, 0431ms total)
02-00000000-00-00005599-0044: T1F7C 005:606 JLINK_IsHalted()  returns FALSE (0001ms, 0431ms total)
02-00000000-00-00005620-0044: T1F7C 005:627 JLINK_IsHalted()  returns FALSE (0001ms, 0431ms total)
02-00000000-00-00005641-0044: T1F7C 005:648 JLINK_IsHalted()  returns FALSE (0001ms, 0431ms total)
02-00000000-00-00005662-0044: T1F7C 005:669 JLINK_IsHalted()  returns FALSE (0001ms, 0431ms total)
02-00000000-00-00005683-0044: T1F7C 005:690 JLINK_IsHalted()  returns FALSE (0001ms, 0431ms total)
02-00000000-00-00005704-0044: T1F7C 005:711 JLINK_IsHalted()  returns FALSE (0001ms, 0431ms total)
02-00000000-00-00005725-0044: T1F7C 005:732 JLINK_IsHalted()  returns FALSE (0001ms, 0431ms total)
02-00000000-00-00005746-0044: T1F7C 005:753 JLINK_IsHalted()  returns FALSE (0001ms, 0431ms total)
02-00000000-00-00005767-0044: T1F7C 005:774 JLINK_IsHalted()  returns FALSE (0001ms, 0431ms total)
02-00000000-00-00005788-0044: T1F7C 005:795 JLINK_IsHalted()  returns FALSE (0001ms, 0431ms total)
02-00000000-00-00005809-0044: T1F7C 005:816 JLINK_IsHalted()  returns FALSE (0001ms, 0431ms total)
02-00000000-00-00005830-0044: T1F7C 005:837 JLINK_IsHalted()  returns FALSE (0001ms, 0431ms total)
02-00000000-00-00005851-0044: T1F7C 005:858 JLINK_IsHalted()  returns FALSE (0001ms, 0431ms total)
02-00000000-00-00005872-0044: T1F7C 005:879 JLINK_IsHalted()  returns FALSE (0001ms, 0431ms total)
02-00000000-00-00005893-0044: T1F7C 005:900 JLINK_IsHalted()  returns FALSE (0001ms, 0431ms total)
02-00000000-00-00005914-0044: T1F7C 005:921 JLINK_IsHalted()  returns FALSE (0001ms, 0431ms total)
02-00000000-00-00005935-0044: T1F7C 005:942 JLINK_IsHalted()  returns FALSE (0001ms, 0431ms total)
02-00000000-00-00005956-0044: T1F7C 005:963 JLINK_IsHalted()  returns FALSE (0001ms, 0431ms total)
02-00000000-00-00005977-0044: T1F7C 005:984 JLINK_IsHalted()  returns FALSE (0001ms, 0431ms total)
02-00000000-00-00005998-0044: T1F7C 006:005 JLINK_IsHalted()  returns FALSE (0001ms, 0431ms total)
02-00000000-00-00006019-0044: T1F7C 006:026 JLINK_IsHalted()  returns FALSE (0001ms, 0431ms total)
02-00000000-00-00006040-0044: T1F7C 006:047 JLINK_IsHalted()  returns FALSE (0001ms, 0432ms total)
02-00000000-00-00006061-0044: T1F7C 006:068 JLINK_IsHalted()  returns FALSE (0001ms, 0432ms total)
02-00000000-00-00006082-0044: T1F7C 006:089 JLINK_IsHalted()  returns FALSE (0001ms, 0432ms total)
02-00000000-00-00006103-0044: T1F7C 006:110 JLINK_IsHalted()  returns FALSE (0001ms, 0432ms total)
02-00000000-00-00006124-0044: T1F7C 006:131 JLINK_IsHalted()  returns FALSE (0001ms, 0432ms total)
02-00000000-00-00006145-0044: T1F7C 006:152 JLINK_IsHalted()  returns FALSE (0001ms, 0432ms total)
02-00000000-00-00006166-0044: T1F7C 006:173 JLINK_IsHalted()  returns FALSE (0001ms, 0432ms total)
02-00000000-00-00006187-0044: T1F7C 006:194 JLINK_IsHalted()  returns FALSE (0001ms, 0432ms total)
02-00000000-00-00006208-0044: T1F7C 006:215 JLINK_IsHalted()  returns FALSE (0001ms, 0432ms total)
02-00000000-00-00006229-0044: T1F7C 006:236 JLINK_IsHalted()  returns FALSE (0001ms, 0432ms total)
02-00000000-00-00006250-0044: T1F7C 006:257 JLINK_IsHalted()  returns FALSE (0001ms, 0432ms total)
02-00000000-00-00006271-0044: T1F7C 006:278 JLINK_IsHalted()  returns FALSE (0001ms, 0432ms total)
02-00000000-00-00006292-0044: T1F7C 006:299 JLINK_IsHalted()  returns FALSE (0001ms, 0432ms total)
02-00000000-00-00006313-0044: T1F7C 006:320 JLINK_IsHalted()  returns FALSE (0001ms, 0432ms total)
02-00000000-00-00006334-0044: T1F7C 006:341 JLINK_IsHalted()  returns FALSE (0001ms, 0432ms total)
02-00000000-00-00006355-0044: T1F7C 006:362 JLINK_IsHalted()  returns FALSE (0001ms, 0432ms total)
02-00000000-00-00006376-0044: T1F7C 006:383 JLINK_IsHalted()  returns FALSE (0001ms, 0432ms total)
02-00000000-00-00006397-0044: T1F7C 006:404 JLINK_IsHalted()  returns FALSE (0001ms, 0432ms total)
02-00000000-00-00006418-0044: T1F7C 006:425 JLINK_IsHalted()  returns FALSE (0001ms, 0432ms total)
02-00000000-00-00006438-0044: T1F7C 006:446 JLINK_IsHalted()  returns FALSE (0000ms, 0431ms total)
02-00000000-00-00006459-0044: T1F7C 006:466 JLINK_IsHalted()  returns FALSE (0001ms, 0432ms total)
02-00000000-00-00006480-0044: T1F7C 006:487 JLINK_IsHalted()  returns FALSE (0001ms, 0432ms total)
02-00000000-00-00006501-0044: T1F7C 006:508 JLINK_IsHalted()  returns FALSE (0001ms, 0432ms total)
02-00000000-00-00006522-0044: T1F7C 006:529 JLINK_IsHalted()  returns FALSE (0001ms, 0432ms total)
02-00000000-00-00006542-0044: T1F7C 006:550 JLINK_IsHalted()  returns FALSE (0000ms, 0431ms total)
02-00000000-00-00006563-0044: T1F7C 006:570 JLINK_IsHalted()  returns FALSE (0001ms, 0432ms total)
02-00000000-00-00006584-0044: T1F7C 006:591 JLINK_IsHalted()  returns FALSE (0001ms, 0432ms total)
02-00000000-00-00006605-0044: T1F7C 006:612 JLINK_IsHalted()  returns FALSE (0001ms, 0432ms total)
02-00000000-00-00006626-0044: T1F7C 006:633 JLINK_IsHalted()  returns FALSE (0001ms, 0432ms total)
02-00000000-00-00006646-0044: T1F7C 006:654 JLINK_IsHalted()  returns FALSE (0000ms, 0431ms total)
02-00000000-00-00006667-0044: T1F7C 006:674 JLINK_IsHalted()  returns FALSE (0001ms, 0432ms total)
02-00000000-00-00006688-0044: T1F7C 006:695 JLINK_IsHalted()  returns FALSE (0001ms, 0432ms total)
02-00000000-00-00006709-0044: T1F7C 006:716 JLINK_IsHalted()  returns FALSE (0001ms, 0432ms total)
02-00000000-00-00006730-0044: T1F7C 006:737 JLINK_IsHalted()  returns FALSE (0001ms, 0432ms total)
02-00000000-00-00006751-0044: T1F7C 006:758 JLINK_IsHalted()  returns FALSE (0001ms, 0432ms total)
02-00000000-00-00006772-0044: T1F7C 006:779 JLINK_IsHalted()  returns FALSE (0001ms, 0432ms total)
02-00000000-00-00006793-0044: T1F7C 006:800 JLINK_IsHalted()  returns FALSE (0001ms, 0432ms total)
02-00000000-00-00006804-0049: T1E94 006:811 JLINK_GetHWStatus(...)  returns 0x00 (0001ms, 0432ms total)
02-00000000-00-00006814-0044: T1F7C 006:821 JLINK_IsHalted()  returns FALSE (0001ms, 0433ms total)
02-00000000-00-00006835-0044: T1F7C 006:842 JLINK_IsHalted()  returns FALSE (0001ms, 0433ms total)
02-00000000-00-00006856-0044: T1F7C 006:863 JLINK_IsHalted()  returns FALSE (0001ms, 0433ms total)
02-00000000-00-00006877-0044: T1F7C 006:884 JLINK_IsHalted()  returns FALSE (0001ms, 0433ms total)
02-00000000-00-00006898-0044: T1F7C 006:905 JLINK_IsHalted()  returns FALSE (0001ms, 0433ms total)
02-00000000-00-00006918-0044: T1F7C 006:926 JLINK_IsHalted()  returns FALSE (0000ms, 0432ms total)
02-00000000-00-00006939-0044: T1F7C 006:946 JLINK_IsHalted()  returns FALSE (0001ms, 0433ms total)
02-00000000-00-00006960-0044: T1F7C 006:967 JLINK_IsHalted()  returns FALSE (0001ms, 0433ms total)
02-00000000-00-00006981-0044: T1F7C 006:988 JLINK_IsHalted()  returns FALSE (0001ms, 0433ms total)
02-00000000-00-00007002-0044: T1F7C 007:009 JLINK_IsHalted()  returns FALSE (0001ms, 0433ms total)
02-00000000-00-00007022-0044: T1F7C 007:030 JLINK_IsHalted()  returns FALSE (0000ms, 0432ms total)
02-00000000-00-00007043-0044: T1F7C 007:050 JLINK_IsHalted()  returns FALSE (0001ms, 0433ms total)
02-00000000-00-00007064-0044: T1F7C 007:071 JLINK_IsHalted()  returns FALSE (0001ms, 0433ms total)
02-00000000-00-00007085-0044: T1F7C 007:092 JLINK_IsHalted()  returns FALSE (0001ms, 0433ms total)
02-00000000-00-00007106-0044: T1F7C 007:113 JLINK_IsHalted()  returns FALSE (0001ms, 0433ms total)
02-00000000-00-00007126-0044: T1F7C 007:134 JLINK_IsHalted()  returns FALSE (0000ms, 0432ms total)
02-00000000-00-00007147-0044: T1F7C 007:154 JLINK_IsHalted()  returns FALSE (0001ms, 0433ms total)
02-00000000-00-00007168-0044: T1F7C 007:175 JLINK_IsHalted()  returns FALSE (0001ms, 0433ms total)
02-00000000-00-00007189-0044: T1F7C 007:196 JLINK_IsHalted()  returns FALSE (0001ms, 0433ms total)
02-00000000-00-00007210-0044: T1F7C 007:217 JLINK_IsHalted()  returns FALSE (0001ms, 0433ms total)
02-00000000-00-00007230-0044: T1F7C 007:238 JLINK_IsHalted()  returns FALSE (0000ms, 0432ms total)
02-00000000-00-00007251-0044: T1F7C 007:258 JLINK_IsHalted()  returns FALSE (0001ms, 0433ms total)
02-00000000-00-00007272-0044: T1F7C 007:279 JLINK_IsHalted()  returns FALSE (0001ms, 0433ms total)
02-00000000-00-00007293-0044: T1F7C 007:300 JLINK_IsHalted()  returns FALSE (0001ms, 0433ms total)
02-00000000-00-00007314-0044: T1F7C 007:321 JLINK_IsHalted()  returns FALSE (0001ms, 0433ms total)
02-00000000-00-00007335-0044: T1F7C 007:342 JLINK_IsHalted()  returns FALSE (0001ms, 0433ms total)
02-00000000-00-00007356-0044: T1F7C 007:363 JLINK_IsHalted()  returns FALSE (0001ms, 0433ms total)
02-00000000-00-00007377-0044: T1F7C 007:384 JLINK_IsHalted()  returns FALSE (0001ms, 0433ms total)
02-00000000-00-00007398-0044: T1F7C 007:405 JLINK_IsHalted()  returns FALSE (0001ms, 0433ms total)
02-00000000-00-00007419-0044: T1F7C 007:426 JLINK_IsHalted()  returns FALSE (0001ms, 0433ms total)
02-00000000-00-00007440-0044: T1F7C 007:447 JLINK_IsHalted()  returns FALSE (0001ms, 0433ms total)
02-00000000-00-00007461-0044: T1F7C 007:468 JLINK_IsHalted()  returns FALSE (0001ms, 0433ms total)
00-00000294-01-00007461-0001: 03
03-00000000-00-00007461-0024: Debugger requested to halt target...
02-00000000-00-00007465-003F: T1F7C 007:469 JLINK_Halt()  returns 0x00 (0004ms, 0436ms total)
02-00000000-00-00007465-0043: T1F7C 007:473 JLINK_IsHalted()  returns TRUE (0000ms, 0436ms total)
02-00000000-00-00007465-0050: T1F7C 007:473 JLINK_ReadReg(R15 (PC))  returns 0x07FD02BC (0000ms, 0436ms total)
03-00000000-00-00007465-0022: ...Target halted (PC = 0x07FD02BC)
01-00000294-00-00007465-0007: $T05#b9
00-00000294-00-00007465-0005: $g#67
03-00000000-00-00007465-0015: Reading all registers
02-00000000-00-00007465-004A: T1F7C 007:473 JLINK_ReadReg(R0)  returns 0x00000001 (0000ms, 0436ms total)
02-00000000-00-00007465-004A: T1F7C 007:473 JLINK_ReadReg(R1)  returns 0x000044BA (0000ms, 0436ms total)
02-00000000-00-00007465-004A: T1F7C 007:473 JLINK_ReadReg(R2)  returns 0x00000000 (0000ms, 0436ms total)
02-00000000-00-00007465-004A: T1F7C 007:473 JLINK_ReadReg(R3)  returns 0x07FC5638 (0000ms, 0436ms total)
02-00000000-00-00007465-004A: T1F7C 007:473 JLINK_ReadReg(R4)  returns 0x07FCFEE0 (0000ms, 0436ms total)
02-00000000-00-00007466-004A: T1F7C 007:473 JLINK_ReadReg(R5)  returns 0x07F40000 (0001ms, 0437ms total)
02-00000000-00-00007466-004A: T1F7C 007:474 JLINK_ReadReg(R6)  returns 0x00000040 (0000ms, 0437ms total)
02-00000000-00-00007466-004A: T1F7C 007:474 JLINK_ReadReg(R7)  returns 0x00000200 (0000ms, 0437ms total)
02-00000000-00-00007466-004A: T1F7C 007:474 JLINK_ReadReg(R8)  returns 0x00000000 (0000ms, 0437ms total)
02-00000000-00-00007466-004A: T1F7C 007:474 JLINK_ReadReg(R9)  returns 0x00000040 (0000ms, 0437ms total)
02-00000000-00-00007466-004B: T1F7C 007:474 JLINK_ReadReg(R10)  returns 0x00010000 (0000ms, 0437ms total)
02-00000000-00-00007466-004B: T1F7C 007:474 JLINK_ReadReg(R11)  returns 0x07F40000 (0000ms, 0437ms total)
02-00000000-00-00007466-004B: T1F7C 007:474 JLINK_ReadReg(R12)  returns 0x00000000 (0000ms, 0437ms total)
02-00000000-00-00007466-0050: T1F7C 007:474 JLINK_ReadReg(R13 (SP))  returns 0x07FCFED8 (0000ms, 0437ms total)
02-00000000-00-00007466-004B: T1F7C 007:474 JLINK_ReadReg(R14)  returns 0x07FD02BD (0000ms, 0437ms total)
02-00000000-00-00007466-0050: T1F7C 007:474 JLINK_ReadReg(R15 (PC))  returns 0x07FD02BC (0000ms, 0437ms total)
02-00000000-00-00007466-004C: T1F7C 007:474 JLINK_ReadReg(XPSR)  returns 0x01000003 (0000ms, 0437ms total)
02-00000000-00-00007466-004B: T1F7C 007:474 JLINK_ReadReg(MSP)  returns 0x07FCFED8 (0000ms, 0437ms total)
02-00000000-00-00007466-004B: T1F7C 007:474 JLINK_ReadReg(PSP)  returns 0xFFFFFFFC (0000ms, 0437ms total)
02-00000000-00-00007466-004F: T1F7C 007:474 JLINK_ReadReg(PRIMASK)  returns 0x00000001 (0000ms, 0437ms total)
02-00000000-00-00007466-004F: T1F7C 007:474 JLINK_ReadReg(BASEPRI)  returns 0x00000000 (0000ms, 0437ms total)
02-00000000-00-00007466-0051: T1F7C 007:474 JLINK_ReadReg(FAULTMASK)  returns 0x00000000 (0000ms, 0437ms total)
02-00000000-00-00007466-004F: T1F7C 007:474 JLINK_ReadReg(CONTROL)  returns 0x00000000 (0000ms, 0437ms total)
01-00000294-00-00007466-00BC: $01000000ba440000000000003856fc07e0fefc070000f40740000000000200000000000040000000000001000000f40700000000d8fefc07bd02fd07bc02fd0703000001d8fefc07fcffffff01000000000000000000000000000000#a0
00-00000294-00-00007466-000E: $m7fd02bc,4#f5
02-00000000-00-00007468-00F4: T1F7C 007:474 JLINK_ReadMem (0x07FD02BC, 0x0004 Bytes, ...) -- CPU_ReadMem(64 bytes @ 0x07FD0280) -- Updating DA cache (64 bytes @ 0x07FD0280) -- Read from DA cache (4 bytes @ 0x07FD02BC) - Data: FE E7 C0 46  returns 0x00 (0002ms, 0439ms total)
03-00000000-00-00007468-0035: Read 4 bytes @ address 0x07FD02BC (Data = 0x46C0E7FE)
01-00000294-00-00007468-000C: $fee7c046#64
00-00000294-00-00007469-0010: $z0,8011340,2#95
03-00000000-00-00007469-0032: Removing breakpoint @ address 0x08011340, Size = 2
02-00000000-00-00007470-0057: T1F7C 007:478 JLINK_ClrBPEx(BPHandle = 0x00000001)  returns 0x00 (0000ms, 0439ms total)
01-00000294-00-00007470-0006: $OK#9a
00-00000294-00-00007470-0010: $z0,80122b0,2#c3
03-00000000-00-00007470-0032: Removing breakpoint @ address 0x080122B0, Size = 2
02-00000000-00-00007470-0057: T1F7C 007:478 JLINK_ClrBPEx(BPHandle = 0x00000002)  returns 0x00 (0000ms, 0439ms total)
01-00000294-00-00007470-0006: $OK#9a
00-00000294-00-00007471-000E: $m7fcfedc,4#5f
02-00000000-00-00007472-0099: T1F7C 007:479 JLINK_ReadMem (0x07FCFEDC, 0x0004 Bytes, ...) -- CPU_ReadMem(4 bytes @ 0x07FCFEDC) - Data: F9 FF FF FF  returns 0x00 (0001ms, 0440ms total)
03-00000000-00-00007472-0035: Read 4 bytes @ address 0x07FCFEDC (Data = 0xFFFFFFF9)
01-00000294-00-00007472-000C: $f9ffffff#03
00-00000294-00-00007473-000E: $m7fcfedc,4#5f
02-00000000-00-00007474-0099: T1F7C 007:481 JLINK_ReadMem (0x07FCFEDC, 0x0004 Bytes, ...) -- CPU_ReadMem(4 bytes @ 0x07FCFEDC) - Data: F9 FF FF FF  returns 0x00 (0001ms, 0441ms total)
03-00000000-00-00007474-0035: Read 4 bytes @ address 0x07FCFEDC (Data = 0xFFFFFFF9)
01-00000294-00-00007474-000C: $f9ffffff#03
00-00000294-00-00007475-000E: $m7fcfefc,4#61
02-00000000-00-00007476-0099: T1F7C 007:483 JLINK_ReadMem (0x07FCFEFC, 0x0004 Bytes, ...) -- CPU_ReadMem(4 bytes @ 0x07FCFEFC) - Data: 00 02 00 41  returns 0x00 (0001ms, 0442ms total)
03-00000000-00-00007476-0035: Read 4 bytes @ address 0x07FCFEFC (Data = 0x41000200)
01-00000294-00-00007476-000C: $00020041#87
00-00000294-00-00007478-000E: $m7fcfef8,4#36
02-00000000-00-00007480-0099: T1F7C 007:486 JLINK_ReadMem (0x07FCFEF8, 0x0004 Bytes, ...) -- CPU_ReadMem(4 bytes @ 0x07FCFEF8) - Data: 46 22 00 08  returns 0x00 (0002ms, 0444ms total)
03-00000000-00-00007480-0035: Read 4 bytes @ address 0x07FCFEF8 (Data = 0x08002246)
01-00000294-00-00007480-000C: $46220008#96
00-00000294-00-00007480-000E: $m7fcfef8,4#36
02-00000000-00-00007482-0099: T1F7C 007:488 JLINK_ReadMem (0x07FCFEF8, 0x0004 Bytes, ...) -- CPU_ReadMem(4 bytes @ 0x07FCFEF8) - Data: 46 22 00 08  returns 0x00 (0002ms, 0446ms total)
03-00000000-00-00007482-0035: Read 4 bytes @ address 0x07FCFEF8 (Data = 0x08002246)
01-00000294-00-00007482-000C: $46220008#96
00-00000294-00-00007482-000E: $m8002246,4#33
02-00000000-00-00007484-0099: T1F7C 007:490 JLINK_ReadMem (0x08002246, 0x0004 Bytes, ...) -- CPU_ReadMem(4 bytes @ 0x08002246) - Data: 10 60 A0 23  returns 0x00 (0002ms, 0448ms total)
03-00000000-00-00007484-0035: Read 4 bytes @ address 0x08002246 (Data = 0x23A06010)
01-00000294-00-00007484-000C: $1060a023#bd
00-00000294-00-00007485-000E: $m7fcff0c,4#2c
02-00000000-00-00007486-0099: T1F7C 007:493 JLINK_ReadMem (0x07FCFF0C, 0x0004 Bytes, ...) -- CPU_ReadMem(4 bytes @ 0x07FCFF0C) - Data: 4B 08 00 08  returns 0x00 (0001ms, 0449ms total)
03-00000000-00-00007487-0035: Read 4 bytes @ address 0x07FCFF0C (Data = 0x0800084B)
01-00000294-00-00007487-000C: $4b080008#c6
00-00000294-00-00007487-000E: $m7fcff0c,4#2c
02-00000000-00-00007488-0099: T1F7C 007:495 JLINK_ReadMem (0x07FCFF0C, 0x0004 Bytes, ...) -- CPU_ReadMem(4 bytes @ 0x07FCFF0C) - Data: 4B 08 00 08  returns 0x00 (0001ms, 0450ms total)
03-00000000-00-00007489-0035: Read 4 bytes @ address 0x07FCFF0C (Data = 0x0800084B)
01-00000294-00-00007489-000C: $4b080008#c6
00-00000294-00-00007489-000E: $m7fcfef8,4#36
02-00000000-00-00007489-0099: T1F7C 007:497 JLINK_ReadMem (0x07FCFEF8, 0x0004 Bytes, ...) -- CPU_ReadMem(4 bytes @ 0x07FCFEF8) - Data: 46 22 00 08  returns 0x00 (0000ms, 0450ms total)
03-00000000-00-00007490-0035: Read 4 bytes @ address 0x07FCFEF8 (Data = 0x08002246)
01-00000294-00-00007490-000C: $46220008#96
00-00000294-00-00007490-000E: $m7fcff0c,4#2c
02-00000000-00-00007491-0099: T1F7C 007:498 JLINK_ReadMem (0x07FCFF0C, 0x0004 Bytes, ...) -- CPU_ReadMem(4 bytes @ 0x07FCFF0C) - Data: 4B 08 00 08  returns 0x00 (0001ms, 0451ms total)
03-00000000-00-00007491-0035: Read 4 bytes @ address 0x07FCFF0C (Data = 0x0800084B)
01-00000294-00-00007491-000C: $4b080008#c6
00-00000294-00-00007492-000E: $m800084a,4#62
02-00000000-00-00007493-0099: T1F7C 007:500 JLINK_ReadMem (0x0800084A, 0x0004 Bytes, ...) -- CPU_ReadMem(4 bytes @ 0x0800084A) - Data: EF F3 10 83  returns 0x00 (0001ms, 0452ms total)
03-00000000-00-00007494-0035: Read 4 bytes @ address 0x0800084A (Data = 0x8310F3EF)
01-00000294-00-00007494-000C: $eff31083#30
00-00000294-00-00007494-000E: $m7fcfffc,4#62
02-00000000-00-00007496-0099: T1F7C 007:502 JLINK_ReadMem (0x07FCFFFC, 0x0004 Bytes, ...) -- CPU_ReadMem(4 bytes @ 0x07FCFFFC) - Data: E3 01 00 08  returns 0x00 (0002ms, 0454ms total)
03-00000000-00-00007496-0035: Read 4 bytes @ address 0x07FCFFFC (Data = 0x080001E3)
01-00000294-00-00007496-000C: $e3010008#c1
00-00000294-00-00007496-000E: $m7fcfffc,4#62
02-00000000-00-00007498-0099: T1F7C 007:504 JLINK_ReadMem (0x07FCFFFC, 0x0004 Bytes, ...) -- CPU_ReadMem(4 bytes @ 0x07FCFFFC) - Data: E3 01 00 08  returns 0x00 (0002ms, 0456ms total)
03-00000000-00-00007498-0035: Read 4 bytes @ address 0x07FCFFFC (Data = 0x080001E3)
01-00000294-00-00007498-000C: $e3010008#c1
00-00000294-00-00007498-000E: $m7fcff0c,4#2c
02-00000000-00-00007500-0099: T1F7C 007:506 JLINK_ReadMem (0x07FCFF0C, 0x0004 Bytes, ...) -- CPU_ReadMem(4 bytes @ 0x07FCFF0C) - Data: 4B 08 00 08  returns 0x00 (0002ms, 0458ms total)
03-00000000-00-00007500-0035: Read 4 bytes @ address 0x07FCFF0C (Data = 0x0800084B)
01-00000294-00-00007500-000C: $4b080008#c6
00-00000294-00-00007500-000E: $m7fcfffc,4#62
02-00000000-00-00007502-0099: T1F7C 007:508 JLINK_ReadMem (0x07FCFFFC, 0x0004 Bytes, ...) -- CPU_ReadMem(4 bytes @ 0x07FCFFFC) - Data: E3 01 00 08  returns 0x00 (0002ms, 0460ms total)
03-00000000-00-00007502-0035: Read 4 bytes @ address 0x07FCFFFC (Data = 0x080001E3)
01-00000294-00-00007502-000C: $e3010008#c1
00-00000294-00-00007502-000E: $m80001e2,4#5d
02-00000000-00-00007504-0099: T1F7C 007:510 JLINK_ReadMem (0x080001E2, 0x0004 Bytes, ...) -- CPU_ReadMem(4 bytes @ 0x080001E2) - Data: FD F8 00 00  returns 0x00 (0002ms, 0462ms total)
03-00000000-00-00007504-0035: Read 4 bytes @ address 0x080001E2 (Data = 0x0000F8FD)
01-00000294-00-00007504-000C: $fdf80000#28
00-00000294-00-00007504-000E: $m7fcfefc,4#61
02-00000000-00-00007506-0099: T1F7C 007:512 JLINK_ReadMem (0x07FCFEFC, 0x0004 Bytes, ...) -- CPU_ReadMem(4 bytes @ 0x07FCFEFC) - Data: 00 02 00 41  returns 0x00 (0002ms, 0464ms total)
03-00000000-00-00007506-0035: Read 4 bytes @ address 0x07FCFEFC (Data = 0x41000200)
01-00000294-00-00007506-000C: $00020041#87
00-00000294-00-00007506-000E: $m7fcff0c,4#2c
02-00000000-00-00007508-0099: T1F7C 007:514 JLINK_ReadMem (0x07FCFF0C, 0x0004 Bytes, ...) -- CPU_ReadMem(4 bytes @ 0x07FCFF0C) - Data: 4B 08 00 08  returns 0x00 (0002ms, 0466ms total)
03-00000000-00-00007508-0035: Read 4 bytes @ address 0x07FCFF0C (Data = 0x0800084B)
01-00000294-00-00007508-000C: $4b080008#c6
00-00000294-00-00007508-000E: $m7fcfffc,4#62
02-00000000-00-00007510-0099: T1F7C 007:516 JLINK_ReadMem (0x07FCFFFC, 0x0004 Bytes, ...) -- CPU_ReadMem(4 bytes @ 0x07FCFFFC) - Data: E3 01 00 08  returns 0x00 (0002ms, 0468ms total)
03-00000000-00-00007510-0035: Read 4 bytes @ address 0x07FCFFFC (Data = 0x080001E3)
01-00000294-00-00007510-000C: $e3010008#c1
00-00000294-00-00007510-000E: $m8000168,2#32
02-00000000-00-00007511-0093: T1F7C 007:518 JLINK_ReadMem (0x08000168, 0x0002 Bytes, ...) -- CPU_ReadMem(2 bytes @ 0x08000168) - Data: 00 20  returns 0x00 (0001ms, 0469ms total)
03-00000000-00-00007511-0031: Read 2 bytes @ address 0x08000168 (Data = 0x2000)
01-00000294-00-00007511-0008: $0020#c2
00-00000294-00-00007511-000E: $m800016a,2#5b
02-00000000-00-00007512-0093: T1F7C 007:519 JLINK_ReadMem (0x0800016A, 0x0002 Bytes, ...) -- CPU_ReadMem(2 bytes @ 0x0800016A) - Data: 20 88  returns 0x00 (0001ms, 0470ms total)
03-00000000-00-00007512-0031: Read 2 bytes @ address 0x0800016A (Data = 0x8820)
01-00000294-00-00007512-0008: $2088#d2
00-00000294-00-00007512-000E: $m800016c,2#5d
02-00000000-00-00007513-0093: T1F7C 007:520 JLINK_ReadMem (0x0800016C, 0x0002 Bytes, ...) -- CPU_ReadMem(2 bytes @ 0x0800016C) - Data: 18 21  returns 0x00 (0001ms, 0471ms total)
03-00000000-00-00007513-0031: Read 2 bytes @ address 0x0800016C (Data = 0x2118)
01-00000294-00-00007513-0008: $1821#cc
00-00000294-00-00007513-000E: $m800016e,2#5f
02-00000000-00-00007514-0093: T1F7C 007:521 JLINK_ReadMem (0x0800016E, 0x0002 Bytes, ...) -- CPU_ReadMem(2 bytes @ 0x0800016E) - Data: 88 43  returns 0x00 (0001ms, 0472ms total)
03-00000000-00-00007514-0031: Read 2 bytes @ address 0x0800016E (Data = 0x4388)
01-00000294-00-00007514-0008: $8843#d7
00-00000294-00-00007514-000E: $m8000170,2#2b
02-00000000-00-00007515-0093: T1F7C 007:522 JLINK_ReadMem (0x08000170, 0x0002 Bytes, ...) -- CPU_ReadMem(2 bytes @ 0x08000170) - Data: 18 21  returns 0x00 (0001ms, 0473ms total)
03-00000000-00-00007515-0031: Read 2 bytes @ address 0x08000170 (Data = 0x2118)
01-00000294-00-00007515-0008: $1821#cc
00-00000294-00-00007515-000E: $m8000172,2#2d
02-00000000-00-00007516-0093: T1F7C 007:523 JLINK_ReadMem (0x08000172, 0x0002 Bytes, ...) -- CPU_ReadMem(2 bytes @ 0x08000172) - Data: 08 43  returns 0x00 (0001ms, 0474ms total)
03-00000000-00-00007516-0031: Read 2 bytes @ address 0x08000172 (Data = 0x4308)
01-00000294-00-00007516-0008: $0843#cf
00-00000294-00-00007516-000E: $m8000174,2#2f
02-00000000-00-00007517-0093: T1F7C 007:524 JLINK_ReadMem (0x08000174, 0x0002 Bytes, ...) -- CPU_ReadMem(2 bytes @ 0x08000174) - Data: 20 80  returns 0x00 (0001ms, 0475ms total)
03-00000000-00-00007517-0031: Read 2 bytes @ address 0x08000174 (Data = 0x8020)
01-00000294-00-00007517-0008: $2080#ca
00-00000294-00-00007517-000E: $m8000176,2#31
02-00000000-00-00007518-0093: T1F7C 007:525 JLINK_ReadMem (0x08000176, 0x0002 Bytes, ...) -- CPU_ReadMem(2 bytes @ 0x08000176) - Data: 20 49  returns 0x00 (0001ms, 0476ms total)
03-00000000-00-00007518-0031: Read 2 bytes @ address 0x08000176 (Data = 0x4920)
01-00000294-00-00007518-0008: $2049#cf
00-00000294-00-00007518-000E: $m80001fa,4#8d
02-00000000-00-00007519-0099: T1F7C 007:526 JLINK_ReadMem (0x080001FA, 0x0004 Bytes, ...) -- CPU_ReadMem(4 bytes @ 0x080001FA) - Data: 08 00 00 08  returns 0x00 (0001ms, 0477ms total)
03-00000000-00-00007519-0035: Read 4 bytes @ address 0x080001FA (Data = 0x08000008)
01-00000294-00-00007519-000C: $08000008#90
00-00000294-00-00007519-000E: $m8000178,2#33
02-00000000-00-00007520-0093: T1F7C 007:527 JLINK_ReadMem (0x08000178, 0x0002 Bytes, ...) -- CPU_ReadMem(2 bytes @ 0x08000178) - Data: 21 4A  returns 0x00 (0001ms, 0478ms total)
03-00000000-00-00007520-0031: Read 2 bytes @ address 0x08000178 (Data = 0x4A21)
01-00000294-00-00007520-0008: $214a#f8
00-00000294-00-00007520-000E: $m8000200,4#27
02-00000000-00-00007521-0099: T1F7C 007:528 JLINK_ReadMem (0x08000200, 0x0004 Bytes, ...) -- CPU_ReadMem(4 bytes @ 0x08000200) - Data: FC 07 C0 00  returns 0x00 (0001ms, 0479ms total)
03-00000000-00-00007521-0035: Read 4 bytes @ address 0x08000200 (Data = 0x00C007FC)
01-00000294-00-00007521-000C: $fc07c000#23
00-00000294-00-00007521-000E: $m800017a,2#5c
02-00000000-00-00007522-0093: T1F7C 007:529 JLINK_ReadMem (0x0800017A, 0x0002 Bytes, ...) -- CPU_ReadMem(2 bytes @ 0x0800017A) - Data: 21 4B  returns 0x00 (0001ms, 0480ms total)
03-00000000-00-00007522-0031: Read 2 bytes @ address 0x0800017A (Data = 0x4B21)
01-00000294-00-00007522-0008: $214b#f9
00-00000294-00-00007522-000E: $m8000202,4#29
02-00000000-00-00007523-0099: T1F7C 007:530 JLINK_ReadMem (0x08000202, 0x0004 Bytes, ...) -- CPU_ReadMem(4 bytes @ 0x08000202) - Data: C0 00 FC 07  returns 0x00 (0001ms, 0481ms total)
03-00000000-00-00007523-0035: Read 4 bytes @ address 0x08000202 (Data = 0x07FC00C0)
01-00000294-00-00007523-000C: $c000fc07#23
00-00000294-00-00007523-000E: $m800017c,2#5e
02-00000000-00-00007524-0093: T1F7C 007:531 JLINK_ReadMem (0x0800017C, 0x0002 Bytes, ...) -- CPU_ReadMem(2 bytes @ 0x0800017C) - Data: 9B 1A  returns 0x00 (0001ms, 0482ms total)
03-00000000-00-00007524-0031: Read 2 bytes @ address 0x0800017C (Data = 0x1A9B)
01-00000294-00-00007524-0008: $9b1a#2d
00-00000294-00-00007524-000E: $m800017e,2#60
02-00000000-00-00007525-0093: T1F7C 007:532 JLINK_ReadMem (0x0800017E, 0x0002 Bytes, ...) -- CPU_ReadMem(2 bytes @ 0x0800017E) - Data: 03 DD  returns 0x00 (0001ms, 0483ms total)
03-00000000-00-00007525-0031: Read 2 bytes @ address 0x0800017E (Data = 0xDD03)
01-00000294-00-00007525-0008: $03dd#2b
00-00000294-00-00007525-000E: $m7fcfffc,4#62
02-00000000-00-00007527-0099: T1F7C 007:533 JLINK_ReadMem (0x07FCFFFC, 0x0004 Bytes, ...) -- CPU_ReadMem(4 bytes @ 0x07FCFFFC) - Data: E3 01 00 08  returns 0x00 (0002ms, 0485ms total)
03-00000000-00-00007527-0035: Read 4 bytes @ address 0x07FCFFFC (Data = 0x080001E3)
01-00000294-00-00007527-000C: $e3010008#c1
00-00000294-00-00007527-000E: $m7fcfffc,4#62
02-00000000-00-00007528-0099: T1F7C 007:535 JLINK_ReadMem (0x07FCFFFC, 0x0004 Bytes, ...) -- CPU_ReadMem(4 bytes @ 0x07FCFFFC) - Data: E3 01 00 08  returns 0x00 (0001ms, 0486ms total)
03-00000000-00-00007528-0035: Read 4 bytes @ address 0x07FCFFFC (Data = 0x080001E3)
01-00000294-00-00007528-000C: $e3010008#c1
00-00000294-00-00007528-000E: $m7fcfffc,4#62
02-00000000-00-00007529-0099: T1F7C 007:536 JLINK_ReadMem (0x07FCFFFC, 0x0004 Bytes, ...) -- CPU_ReadMem(4 bytes @ 0x07FCFFFC) - Data: E3 01 00 08  returns 0x00 (0001ms, 0487ms total)
03-00000000-00-00007529-0035: Read 4 bytes @ address 0x07FCFFFC (Data = 0x080001E3)
01-00000294-00-00007529-000C: $e3010008#c1
00-00000294-00-00007529-000E: $m80001e2,4#5d
02-00000000-00-00007530-0099: T1F7C 007:537 JLINK_ReadMem (0x080001E2, 0x0004 Bytes, ...) -- CPU_ReadMem(4 bytes @ 0x080001E2) - Data: FD F8 00 00  returns 0x00 (0001ms, 0488ms total)
03-00000000-00-00007530-0035: Read 4 bytes @ address 0x080001E2 (Data = 0x0000F8FD)
01-00000294-00-00007530-000C: $fdf80000#28
00-00000294-00-00007530-000E: $m7fcfefc,4#61
02-00000000-00-00007531-0099: T1F7C 007:538 JLINK_ReadMem (0x07FCFEFC, 0x0004 Bytes, ...) -- CPU_ReadMem(4 bytes @ 0x07FCFEFC) - Data: 00 02 00 41  returns 0x00 (0001ms, 0489ms total)
03-00000000-00-00007531-0035: Read 4 bytes @ address 0x07FCFEFC (Data = 0x41000200)
01-00000294-00-00007531-000C: $00020041#87
00-00000294-00-00007531-000E: $m7fcff0c,4#2c
02-00000000-00-00007532-0099: T1F7C 007:539 JLINK_ReadMem (0x07FCFF0C, 0x0004 Bytes, ...) -- CPU_ReadMem(4 bytes @ 0x07FCFF0C) - Data: 4B 08 00 08  returns 0x00 (0001ms, 0490ms total)
03-00000000-00-00007532-0035: Read 4 bytes @ address 0x07FCFF0C (Data = 0x0800084B)
01-00000294-00-00007532-000C: $4b080008#c6
00-00000294-00-00007532-000E: $m7fcfffc,4#62
02-00000000-00-00007533-0099: T1F7C 007:540 JLINK_ReadMem (0x07FCFFFC, 0x0004 Bytes, ...) -- CPU_ReadMem(4 bytes @ 0x07FCFFFC) - Data: E3 01 00 08  returns 0x00 (0001ms, 0491ms total)
03-00000000-00-00007533-0035: Read 4 bytes @ address 0x07FCFFFC (Data = 0x080001E3)
01-00000294-00-00007533-000C: $e3010008#c1
00-00000294-00-00007533-000E: $m7fcfffc,4#62
02-00000000-00-00007534-0099: T1F7C 007:541 JLINK_ReadMem (0x07FCFFFC, 0x0004 Bytes, ...) -- CPU_ReadMem(4 bytes @ 0x07FCFFFC) - Data: E3 01 00 08  returns 0x00 (0001ms, 0492ms total)
03-00000000-00-00007534-0035: Read 4 bytes @ address 0x07FCFFFC (Data = 0x080001E3)
01-00000294-00-00007534-000C: $e3010008#c1
00-00000294-00-00007534-000E: $m8000168,2#32
02-00000000-00-00007535-0093: T1F7C 007:542 JLINK_ReadMem (0x08000168, 0x0002 Bytes, ...) -- CPU_ReadMem(2 bytes @ 0x08000168) - Data: 00 20  returns 0x00 (0001ms, 0493ms total)
03-00000000-00-00007535-0031: Read 2 bytes @ address 0x08000168 (Data = 0x2000)
01-00000294-00-00007535-0008: $0020#c2
00-00000294-00-00007535-000E: $m800016a,2#5b
02-00000000-00-00007536-0093: T1F7C 007:543 JLINK_ReadMem (0x0800016A, 0x0002 Bytes, ...) -- CPU_ReadMem(2 bytes @ 0x0800016A) - Data: 20 88  returns 0x00 (0001ms, 0494ms total)
03-00000000-00-00007536-0031: Read 2 bytes @ address 0x0800016A (Data = 0x8820)
01-00000294-00-00007536-0008: $2088#d2
00-00000294-00-00007536-000E: $m800016c,2#5d
02-00000000-00-00007537-0093: T1F7C 007:544 JLINK_ReadMem (0x0800016C, 0x0002 Bytes, ...) -- CPU_ReadMem(2 bytes @ 0x0800016C) - Data: 18 21  returns 0x00 (0001ms, 0495ms total)
03-00000000-00-00007537-0031: Read 2 bytes @ address 0x0800016C (Data = 0x2118)
01-00000294-00-00007537-0008: $1821#cc
00-00000294-00-00007537-000E: $m800016e,2#5f
02-00000000-00-00007538-0093: T1F7C 007:545 JLINK_ReadMem (0x0800016E, 0x0002 Bytes, ...) -- CPU_ReadMem(2 bytes @ 0x0800016E) - Data: 88 43  returns 0x00 (0001ms, 0496ms total)
03-00000000-00-00007538-0031: Read 2 bytes @ address 0x0800016E (Data = 0x4388)
01-00000294-00-00007538-0008: $8843#d7
00-00000294-00-00007538-000E: $m8000170,2#2b
02-00000000-00-00007539-0093: T1F7C 007:546 JLINK_ReadMem (0x08000170, 0x0002 Bytes, ...) -- CPU_ReadMem(2 bytes @ 0x08000170) - Data: 18 21  returns 0x00 (0001ms, 0497ms total)
03-00000000-00-00007539-0031: Read 2 bytes @ address 0x08000170 (Data = 0x2118)
01-00000294-00-00007539-0008: $1821#cc
00-00000294-00-00007539-000E: $m8000172,2#2d
02-00000000-00-00007540-0093: T1F7C 007:547 JLINK_ReadMem (0x08000172, 0x0002 Bytes, ...) -- CPU_ReadMem(2 bytes @ 0x08000172) - Data: 08 43  returns 0x00 (0001ms, 0498ms total)
03-00000000-00-00007540-0031: Read 2 bytes @ address 0x08000172 (Data = 0x4308)
01-00000294-00-00007540-0008: $0843#cf
00-00000294-00-00007540-000E: $m8000174,2#2f
02-00000000-00-00007541-0093: T1F7C 007:548 JLINK_ReadMem (0x08000174, 0x0002 Bytes, ...) -- CPU_ReadMem(2 bytes @ 0x08000174) - Data: 20 80  returns 0x00 (0001ms, 0499ms total)
03-00000000-00-00007541-0031: Read 2 bytes @ address 0x08000174 (Data = 0x8020)
01-00000294-00-00007541-0008: $2080#ca
00-00000294-00-00007541-000E: $m8000176,2#31
02-00000000-00-00007542-0093: T1F7C 007:549 JLINK_ReadMem (0x08000176, 0x0002 Bytes, ...) -- CPU_ReadMem(2 bytes @ 0x08000176) - Data: 20 49  returns 0x00 (0001ms, 0500ms total)
03-00000000-00-00007542-0031: Read 2 bytes @ address 0x08000176 (Data = 0x4920)
01-00000294-00-00007542-0008: $2049#cf
00-00000294-00-00007542-000E: $m80001fa,4#8d
02-00000000-00-00007543-0099: T1F7C 007:550 JLINK_ReadMem (0x080001FA, 0x0004 Bytes, ...) -- CPU_ReadMem(4 bytes @ 0x080001FA) - Data: 08 00 00 08  returns 0x00 (0001ms, 0501ms total)
03-00000000-00-00007543-0035: Read 4 bytes @ address 0x080001FA (Data = 0x08000008)
01-00000294-00-00007543-000C: $08000008#90
00-00000294-00-00007543-000E: $m8000178,2#33
02-00000000-00-00007544-0093: T1F7C 007:551 JLINK_ReadMem (0x08000178, 0x0002 Bytes, ...) -- CPU_ReadMem(2 bytes @ 0x08000178) - Data: 21 4A  returns 0x00 (0001ms, 0502ms total)
03-00000000-00-00007544-0031: Read 2 bytes @ address 0x08000178 (Data = 0x4A21)
01-00000294-00-00007544-0008: $214a#f8
00-00000294-00-00007544-000E: $m8000200,4#27
02-00000000-00-00007545-0099: T1F7C 007:552 JLINK_ReadMem (0x08000200, 0x0004 Bytes, ...) -- CPU_ReadMem(4 bytes @ 0x08000200) - Data: FC 07 C0 00  returns 0x00 (0001ms, 0503ms total)
03-00000000-00-00007545-0035: Read 4 bytes @ address 0x08000200 (Data = 0x00C007FC)
01-00000294-00-00007545-000C: $fc07c000#23
00-00000294-00-00007545-000E: $m800017a,2#5c
02-00000000-00-00007546-0093: T1F7C 007:553 JLINK_ReadMem (0x0800017A, 0x0002 Bytes, ...) -- CPU_ReadMem(2 bytes @ 0x0800017A) - Data: 21 4B  returns 0x00 (0001ms, 0504ms total)
03-00000000-00-00007546-0031: Read 2 bytes @ address 0x0800017A (Data = 0x4B21)
01-00000294-00-00007546-0008: $214b#f9
00-00000294-00-00007546-000E: $m8000202,4#29
02-00000000-00-00007547-0099: T1F7C 007:554 JLINK_ReadMem (0x08000202, 0x0004 Bytes, ...) -- CPU_ReadMem(4 bytes @ 0x08000202) - Data: C0 00 FC 07  returns 0x00 (0001ms, 0505ms total)
03-00000000-00-00007547-0035: Read 4 bytes @ address 0x08000202 (Data = 0x07FC00C0)
01-00000294-00-00007547-000C: $c000fc07#23
00-00000294-00-00007547-000E: $m800017c,2#5e
02-00000000-00-00007548-0093: T1F7C 007:555 JLINK_ReadMem (0x0800017C, 0x0002 Bytes, ...) -- CPU_ReadMem(2 bytes @ 0x0800017C) - Data: 9B 1A  returns 0x00 (0001ms, 0506ms total)
03-00000000-00-00007548-0031: Read 2 bytes @ address 0x0800017C (Data = 0x1A9B)
01-00000294-00-00007548-0008: $9b1a#2d
00-00000294-00-00007548-000E: $m800017e,2#60
02-00000000-00-00007549-0093: T1F7C 007:556 JLINK_ReadMem (0x0800017E, 0x0002 Bytes, ...) -- CPU_ReadMem(2 bytes @ 0x0800017E) - Data: 03 DD  returns 0x00 (0001ms, 0507ms total)
03-00000000-00-00007549-0031: Read 2 bytes @ address 0x0800017E (Data = 0xDD03)
01-00000294-00-00007549-0008: $03dd#2b
00-00000294-00-00007549-001D: $qXfer:threads:read::0,fff#03
01-00000294-00-00007549-0005: $l#6c
00-00000294-00-00007696-000E: $m7fd3bc4,4#fa
02-00000000-00-00007697-00F4: T1F7C 007:704 JLINK_ReadMem (0x07FD3BC4, 0x0004 Bytes, ...) -- CPU_ReadMem(64 bytes @ 0x07FD3BC0) -- Updating DA cache (64 bytes @ 0x07FD3BC0) -- Read from DA cache (4 bytes @ 0x07FD3BC4) - Data: 00 00 00 00  returns 0x00 (0001ms, 0508ms total)
03-00000000-00-00007697-0035: Read 4 bytes @ address 0x07FD3BC4 (Data = 0x00000000)
01-00000294-00-00007697-000C: $00000000#80
00-00000294-00-00007702-001D: $qXfer:threads:read::0,fff#03
01-00000294-00-00007702-0005: $l#6c
00-00000294-00-00007702-001D: $qXfer:threads:read::0,fff#03
01-00000294-00-00007702-0005: $l#6c
02-00000000-00-00009005-0049: T1E94 009:012 JLINK_GetHWStatus(...)  returns 0x00 (0001ms, 0509ms total)
02-00000000-00-00011206-0049: T1E94 011:213 JLINK_GetHWStatus(...)  returns 0x00 (0001ms, 0510ms total)
02-00000000-00-00013407-0049: T1E94 013:414 JLINK_GetHWStatus(...)  returns 0x00 (0001ms, 0511ms total)
02-00000000-00-00015608-0049: T1E94 015:615 JLINK_GetHWStatus(...)  returns 0x00 (0001ms, 0512ms total)
00-00000294-00-00017546-0005: $k#6b
03-00000000-00-00017547-001C: GDB closed TCP/IP connection
03-00000000-00-00017685-0037: Restoring target state and closing J-Link connection...
02-00000000-00-00017685-0041: T1020 017:693 JLINK_IsOpen()  returns 0x01 (0000ms, 0512ms total)
02-00000000-00-00017685-0056: T1020 017:693 JLINK_ExecCommand("ClrAllBPs", ...)  returns 0x00 (0000ms, 0512ms total)
03-00000000-00-00017726-0010: Shutting down...
