SEGGER J-Link GDB Server V6.12j LogFile
Logging started @ 2017-03-11 13:56
03-00000000-00-00000000-0023: -----GDB Server start settings-----
03-00000000-00-00000000-0023: GDBInit file:                  none
03-00000000-00-00000000-0023: GDB Server Listening port:     2331
03-00000000-00-00000000-0023: SWO raw output listening port: 2332
03-00000000-00-00000000-0023: Terminal I/O port:             2333
03-00000000-00-00000000-002D: Accept remote connection:      localhost only
03-00000000-00-00000000-0021: Generate logfile:              on
03-00000000-00-00000000-0022: Verify download:               off
03-00000000-00-00000000-0022: Init regs on start:            off
03-00000000-00-00000000-0021: Silent mode:                   on
03-00000000-00-00000000-0021: Single run mode:               on
03-00000000-00-00000000-0023: Target connection timeout:     0 ms
03-00000000-00-00000000-0023: ------J-Link related settings------
03-00000000-00-00000000-0022: J-Link Host interface:         USB
03-00000000-00-00000000-0023: J-Link script:                 none
03-00000000-00-00000000-0023: J-Link settings file:          none
03-00000000-00-00000001-0023: ------Target related settings------
03-00000000-00-00000001-0028: Target device:                 Cortex-M0
03-00000000-00-00000001-0022: Target interface:              SWD
03-00000000-00-00000001-0026: Target interface speed:        4000kHz
03-00000000-00-00000001-0025: Target endian:                 little
03-00000000-00-00000003-0017: Connecting to J-Link...
02-00000000-00-00000021-0031: Firmware: J-Link V9 compiled Dec 16 2016 15:34:10
02-00000000-00-00000021-000F: Hardware: V9.10
02-00000000-00-00000021-000D: S/N: 20170218
02-00000000-00-00000031-0071: Feature(s): GDB, RDI, FlashBP, FlashDL, JFlashWEBSRV Webserver running on local port 19080 (0028ms, 0030ms total)
02-00000000-00-00000031-0033: T0EE0 000:004   returns O.K. (0028ms, 0030ms total)
03-00000000-00-00000031-0014: J-Link is connected.
02-00000000-00-00000125-00B3: T0EE0 000:032 JLINK_ExecCommand("device = Cortex-M0", ...). D:\Program Files (x86)\SEGGER\JLink_V612j\JLinkDevices.xml evaluated successfully.  returns 0x00 (0094ms, 0124ms total)
02-00000000-00-00000125-006A: T0EE0 000:126 JLINK_ExecCommand("SetFlashRewriteBehavior = 1", ...).   returns 0x00 (0000ms, 0124ms total)
02-00000000-00-00000125-0041: T0EE0 000:126 JLINK_GetFirmwareString(...) (0000ms, 0124ms total)
03-00000000-00-00000125-0031: Firmware: J-Link V9 compiled Dec 16 2016 15:34:10
02-00000000-00-00000125-0050: T0EE0 000:126 JLINK_GetHardwareVersion()  returns 0x16378 (0000ms, 0124ms total)
03-00000000-00-00000125-000F: Hardware: V9.10
03-00000000-00-00000125-000D: S/N: 20170218
03-00000000-00-00000125-002E: Feature(s): GDB, RDI, FlashBP, FlashDL, JFlash
02-00000000-00-00000125-0049: T0EE0 000:126 JLINK_GetHWStatus(...)  returns 0x00 (0000ms, 0124ms total)
02-00000000-00-00000125-003C: T0EE0 000:126 JLINK_EnableSoftBPs(ON) (0000ms, 0124ms total)
03-00000000-00-00000125-001A: Checking target voltage...
03-00000000-00-00000125-0016: Target voltage: 3.32 V
03-00000000-00-00000125-001D: Listening on TCP/IP port 2331
03-00000000-00-00000125-0017: Connecting to target...
02-00000000-00-00000126-0035: T0EE0 000:127 JLINK_ClrError() (0000ms, 0124ms total)
02-00000000-00-00000126-0049: T0EE0 000:127 JLINK_GetHWStatus(...)  returns 0x00 (0000ms, 0124ms total)
02-00000000-00-00000130-0055: T0EE0 000:127 JLINK_TIF_Select(JLINKARM_TIF_SWD)  returns 0x00 (0004ms, 0128ms total)
02-00000000-00-00000131-0039: T0EE0 000:131 JLINK_SetSpeed(4000) (0001ms, 0129ms total)
02-00000000-00-00000131-0044: T0EE0 000:132 JLINK_GetSpeed()  returns 0xFA0 (0000ms, 0129ms total)
02-00000000-00-00000131-0077: T0EE0 000:132 JLINK_SetResetType(JLINKARM_RESET_TYPE_NORMAL)  returns JLINKARM_RESET_TYPE_NORMAL (0000ms, 0129ms total)
02-00000000-00-00000131-003B: T0EE0 000:132 JLINK_SetResetDelay(0) (0000ms, 0129ms total)
02-00000000-00-00000131-0055: T0EE0 000:132 JLINK_SetEndian(ARM_ENDIAN_LITTLE)  returns 0x00 (0000ms, 0129ms total)
02-00000000-00-00000165-01F3: T0EE0 000:132 JLINK_Connect() >0x108 TIF>Found SWD-DP with ID 0x0BB11477 >0x0D TIF> >0x28 TIF> >0x0D TIF> >0x28 TIF> >0x0D TIF> >0x28 TIF> >0x0D TIF> >0x28 TIF> >0x0D TIF> >0x21 TIF> >0x0D TIF> >0x28 TIF> >0x0D TIF> >0x28 TIF> >0x0D TIF> >0x21 TIF> >0x0D TIF> >0x21 TIF> >0x0D TIF> >0x21 TIF>AP-IDR: 0x04770021, Type: AHB-APAHB-AP ROM: 0xE00FF000 (Base addr. of first ROM table) >0x0D TIF> >0x28 TIF> >0x0D TIF> >0x28 TIF> >0x0D TIF> >0x28 TIF> >0x0D TIF> >0x21 TIF> >0x0D TIF> >0x21 TIF> >0x0D TIF>
02-00000000-00-00000182-01FB:  >0x28 TIF> >0x0D TIF> >0x21 TIF> >0x0D TIF> >0x21 TIF>Found Cortex-M0 r0p0, Little endian. -- CPU_ReadMem(4 bytes @ 0xE000EDF0) -- CPU_WriteMem(4 bytes @ 0xE000EDF0) -- CPU_ReadMem(4 bytes @ 0xE0002000) -- CPU_ReadMem(4 bytes @ 0xE000EDFC) -- CPU_WriteMem(4 bytes @ 0xE000EDFC) -- CPU_ReadMem(4 bytes @ 0xE0001000) -- CPU_WriteMem(4 bytes @ 0xE0001000)CoreSight components:ROMTbl 0 @ E00FF000 -- CPU_ReadMem(16 bytes @ 0xE00FF000) -- CPU_ReadMem(16 bytes @ 0xE000EFF0) -- CPU_ReadMem(16 bytes @ 0xE000EFE0)
02-00000000-00-00000186-0165: ROMTbl 0 [0]: FFF0F000, CID: B105E00D, PID: 000BB008 SCS -- CPU_ReadMem(16 bytes @ 0xE0001FF0) -- CPU_ReadMem(16 bytes @ 0xE0001FE0)ROMTbl 0 [1]: FFF02000, CID: B105E00D, PID: 000BB00A DWT -- CPU_ReadMem(16 bytes @ 0xE0002FF0) -- CPU_ReadMem(16 bytes @ 0xE0002FE0)ROMTbl 0 [2]: FFF03000, CID: B105E00D, PID: 000BB00B FPB  returns 0x00 (0055ms, 0184ms total)
02-00000000-00-00000188-00A2: T0EE0 000:187 JLINK_GetIdData(...) >0x0D TIF> >0x21 TIF> ScanLen=4 NumDevices=1 aId[0]=0x0BB11477 aIrRead[0]=0 aScanLen[0]=0 aScanRead[0]=0 (0002ms, 0186ms total)
02-00000000-00-00000188-0047: T0EE0 000:189 JLINK_GetDeviceFamily()  returns 6 (0000ms, 0186ms total)
02-00000000-00-00000188-004D: T0EE0 000:189 JLINK_CORE_GetFound()  returns 0x60000FF (0000ms, 0186ms total)
02-00000000-00-00000189-0044: T0EE0 000:189 JLINK_IsHalted()  returns FALSE (0001ms, 0187ms total)
02-00000000-00-00000192-003F: T0EE0 000:190 JLINK_Halt()  returns 0x00 (0003ms, 0189ms total)
02-00000000-00-00000192-0043: T0EE0 000:193 JLINK_IsHalted()  returns TRUE (0000ms, 0189ms total)
03-00000000-00-00000192-0013: Connected to target
03-00000000-00-00000192-001D: Waiting for GDB connection...
03-00000000-00-00000554-0016: Connected to 127.0.0.1
02-00000000-00-00000555-007F: T1D08 000:556 JLINK_SetResetType(JLINKARM_CM3_RESET_TYPE_NORMAL)  returns JLINKARM_CM3_RESET_TYPE_NORMAL (0000ms, 0189ms total)
02-00000000-00-00000555-003E: T1D08 000:556 JLINK_ResetPullsRESET(ON) (0000ms, 0189ms total)
02-00000000-00-00000580-01FB: T1D08 000:556 JLINK_Reset() -- CPU_WriteMem(4 bytes @ 0xE000EDF0) -- CPU_WriteMem(4 bytes @ 0xE000EDFC) >0x35 TIF> -- CPU_WriteMem(4 bytes @ 0xE000ED0C) -- CPU_ReadMem(4 bytes @ 0xE000EDF0) -- CPU_ReadMem(4 bytes @ 0xE000EDF0) -- CPU_WriteMem(4 bytes @ 0xE000EDF0) -- CPU_WriteMem(4 bytes @ 0xE000EDFC) -- CPU is running -- CPU_ReadMem(4 bytes @ 0xE000EDF0) -- CPU_WriteMem(4 bytes @ 0xE0002000) -- CPU_ReadMem(4 bytes @ 0xE000EDFC) -- CPU_ReadMem(4 bytes @ 0xE0001000) -- CPU_WriteMem(4 bytes @ 0xE0001000)
02-00000000-00-00000580-0017:  (0025ms, 0214ms total)
03-00000000-00-00000580-003A: Resets core & peripherals via SYSRESETREQ & VECTRESET bit.
03-00000000-00-00000590-000A: Sleep 10ms
03-00000000-00-00000590-0015: Halting target CPU...
02-00000000-00-00000590-003F: T1D08 000:591 JLINK_Halt()  returns 0x00 (0000ms, 0214ms total)
02-00000000-00-00000590-0043: T1D08 000:591 JLINK_IsHalted()  returns TRUE (0000ms, 0214ms total)
02-00000000-00-00000590-0050: T1D08 000:591 JLINK_ReadReg(R15 (PC))  returns 0x0000022C (0000ms, 0214ms total)
03-00000000-00-00000590-0022: ...Target halted (PC = 0x0000022C)
02-00000000-00-00000592-007F: T1D08 000:591 JLINK_WriteU32(0x07FD0000, 0xDEADBEEF) -- CPU_WriteMem(4 bytes @ 0x07FD0000)  returns 0x00 (0002ms, 0216ms total)
03-00000000-00-00000593-0027: Writing 0xDEADBEEF @ address 0x07FD0000
02-00000000-00-00000594-007F: T1D08 000:594 JLINK_WriteU32(0x07FD0004, 0xDEADBEEF) -- CPU_WriteMem(4 bytes @ 0x07FD0004)  returns 0x00 (0001ms, 0218ms total)
03-00000000-00-00000594-0027: Writing 0xDEADBEEF @ address 0x07FD0004
02-00000000-00-00000595-007F: T1D08 000:596 JLINK_WriteU32(0x07FD0008, 0xDEADBEEF) -- CPU_WriteMem(4 bytes @ 0x07FD0008)  returns 0x00 (0000ms, 0218ms total)
03-00000000-00-00000595-0027: Writing 0xDEADBEEF @ address 0x07FD0008
02-00000000-00-00000596-007F: T1D08 000:596 JLINK_WriteU32(0x07FD000C, 0xDEAD10CC) -- CPU_WriteMem(4 bytes @ 0x07FD000C)  returns 0x00 (0001ms, 0219ms total)
03-00000000-00-00000596-0027: Writing 0xDEAD10CC @ address 0x07FD000C
03-00000000-00-00000596-0028: Downloading 4 bytes @ address 0x400C3050
02-00000000-00-00000597-009A: T1D08 000:598 JLINK_WriteMem(0x400C3050, 0x0004 Bytes, ...) - Data: 01 00 00 00 -- CPU_WriteMem(4 bytes @ 0x400C3050)  returns 0x04 (0000ms, 0219ms total)
03-00000000-00-00000697-000B: Sleep 100ms
02-00000000-00-00001697-007F: T1D08 001:698 JLINK_SetResetType(JLINKARM_CM3_RESET_TYPE_NORMAL)  returns JLINKARM_CM3_RESET_TYPE_NORMAL (0000ms, 0219ms total)
02-00000000-00-00001697-003E: T1D08 001:698 JLINK_ResetPullsRESET(ON) (0000ms, 0219ms total)
02-00000000-00-00001727-01E4: T1D08 001:698 JLINK_Reset() -- CPU_WriteMem(4 bytes @ 0xE000EDF0) -- CPU_WriteMem(4 bytes @ 0xE000EDFC) >0x35 TIF> -- CPU_WriteMem(4 bytes @ 0xE000ED0C) -- CPU_ReadMem(4 bytes @ 0xE000EDF0) >0x108 TIF>Found SWD-DP with ID 0x0BB11477 >0x0D TIF> >0x28 TIF> >0x0D TIF> >0x28 TIF> >0x0D TIF> >0x28 TIF> >0x0D TIF> >0x28 TIF> >0x0D TIF> >0x21 TIF> >0x0D TIF> >0x28 TIF> >0x0D TIF> >0x28 TIF> >0x0D TIF> >0x21 TIF> >0x0D TIF> >0x21 TIF> >0x0D TIF> >0x21 TIF>AP-IDR: 0x04770021, Type: AHB-AP
02-00000000-00-00001750-01F7: AHB-AP ROM: 0xE00FF000 (Base addr. of first ROM table) >0x0D TIF> >0x28 TIF> >0x0D TIF> >0x28 TIF> >0x0D TIF> >0x28 TIF> >0x0D TIF> >0x21 TIF> >0x0D TIF> >0x21 TIF> >0x0D TIF> >0x28 TIF> >0x0D TIF> >0x21 TIF> >0x0D TIF> >0x21 TIF>Found Cortex-M0 r0p0, Little endian. -- CPU_WriteMem(4 bytes @ 0xE000EDF0) -- CPU_WriteMem(4 bytes @ 0xE000EDFC) >0x35 TIF> -- CPU_WriteMem(4 bytes @ 0xE000ED0C) -- CPU_ReadMem(4 bytes @ 0xE000EDF0) -- CPU_ReadMem(4 bytes @ 0xE000EDF0) -- CPU_WriteMem(4 bytes @ 0xE000EDF0)
02-00000000-00-00001764-010A:  -- CPU_WriteMem(4 bytes @ 0xE000EDFC) -- CPU is running -- CPU_ReadMem(4 bytes @ 0xE000EDF0) -- CPU_WriteMem(4 bytes @ 0xE0002000) -- CPU_ReadMem(4 bytes @ 0xE000EDFC) -- CPU_ReadMem(4 bytes @ 0xE0001000) -- CPU_WriteMem(4 bytes @ 0xE0001000) (0067ms, 0286ms total)
03-00000000-00-00001764-003A: Resets core & peripherals via SYSRESETREQ & VECTRESET bit.
03-00000000-00-00001766-0009: Sleep 1ms
03-00000000-00-00001766-0015: Halting target CPU...
02-00000000-00-00001766-003F: T1D08 001:767 JLINK_Halt()  returns 0x00 (0000ms, 0286ms total)
02-00000000-00-00001766-0043: T1D08 001:767 JLINK_IsHalted()  returns TRUE (0000ms, 0286ms total)
02-00000000-00-00001766-0050: T1D08 001:767 JLINK_ReadReg(R15 (PC))  returns 0x07F01E8A (0000ms, 0286ms total)
03-00000000-00-00001766-0022: ...Target halted (PC = 0x07F01E8A)
03-00000000-00-00001766-0028: Downloading 2 bytes @ address 0x50000012
02-00000000-00-00001768-0094: T1D08 001:767 JLINK_WriteMem(0x50000012, 0x0002 Bytes, ...) - Data: AB 00 -- CPU_WriteMem(2 bytes @ 0x50000012)  returns 0x02 (0002ms, 0288ms total)
03-00000000-00-00001873-0047: Loading binary file [C:\Users\ADMINI~1\AppData\Local\Temp\EDE8.tmp] ...
03-00000000-00-00001873-002C: Downloading 16032 bytes @ address 0x00000000
02-00000000-00-00001936-00C8: T1D08 001:874 JLINK_WriteMem(0x00000000, 0x3EA0 Bytes, ...) - Data: 00 FC 00 00 2D 02 00 00 25 05 00 00 25 05 00 00 ... -- CPU_WriteMem(16032 bytes @ 0x00000000)  returns 0x3EA0 (0063ms, 0351ms total)
03-00000000-00-00001936-0038: Binary file loaded successfully (16032 bytes downloaded)
02-00000000-00-00001936-007F: T1D08 001:937 JLINK_SetResetType(JLINKARM_CM3_RESET_TYPE_NORMAL)  returns JLINKARM_CM3_RESET_TYPE_NORMAL (0000ms, 0351ms total)
02-00000000-00-00001936-003E: T1D08 001:937 JLINK_ResetPullsRESET(ON) (0000ms, 0351ms total)
02-00000000-00-00001960-01FB: T1D08 001:937 JLINK_Reset() -- CPU_ReadMem(4 bytes @ 0x00000000) -- CPU_WriteMem(4 bytes @ 0x00000000) -- CPU_WriteMem(4 bytes @ 0xE000EDF0) -- CPU_WriteMem(4 bytes @ 0xE000EDFC) >0x35 TIF> -- CPU_WriteMem(4 bytes @ 0xE000ED0C) -- CPU_ReadMem(4 bytes @ 0xE000EDF0) -- CPU_ReadMem(4 bytes @ 0xE000EDF0) -- CPU_WriteMem(4 bytes @ 0xE000EDF0) -- CPU_WriteMem(4 bytes @ 0xE000EDFC) -- CPU is running -- CPU_ReadMem(4 bytes @ 0xE000EDF0) -- CPU_WriteMem(4 bytes @ 0xE0002000) -- CPU_ReadMem(4 bytes @ 0xE000EDFC)
02-00000000-00-00001962-0062:  -- CPU_ReadMem(4 bytes @ 0xE0001000) -- CPU_WriteMem(4 bytes @ 0xE0001000) (0026ms, 0377ms total)
03-00000000-00-00001962-003A: Resets core & peripherals via SYSRESETREQ & VECTRESET bit.
03-00000000-00-00001962-0015: Halting target CPU...
02-00000000-00-00001962-003F: T1D08 001:963 JLINK_Halt()  returns 0x00 (0000ms, 0377ms total)
02-00000000-00-00001962-0043: T1D08 001:963 JLINK_IsHalted()  returns TRUE (0000ms, 0377ms total)
02-00000000-00-00001962-0050: T1D08 001:963 JLINK_ReadReg(R15 (PC))  returns 0x0000022C (0000ms, 0377ms total)
03-00000000-00-00001962-0022: ...Target halted (PC = 0x0000022C)
03-00000000-00-00001962-0028: Downloading 1 bytes @ address 0x00000218
02-00000000-00-00001963-0091: T1D08 001:963 JLINK_WriteMem(0x00000218, 0x0001 Bytes, ...) - Data: 01 -- CPU_WriteMem(1 bytes @ 0x00000218)  returns 0x01 (0001ms, 0378ms total)
03-00000000-00-00001963-0019: Performing single step...
02-00000000-00-00001973-0131: T1D08 001:964 JLINK_Step() -- CPU_ReadMem(2 bytes @ 0x0000022C) -- CPU_ReadMem(4 bytes @ 0xE000ED18) -- CPU_WriteMem(4 bytes @ 0xE000ED18) -- CPU_ReadMem(4 bytes @ 0xE000ED18) -- CPU_WriteMem(4 bytes @ 0xE000ED18) -- Not simulated -- CPU_WriteMem(4 bytes @ 0xE0001004)  returns 0x00 (0010ms, 0388ms total)
02-00000000-00-00001973-0043: T1D08 001:974 JLINK_IsHalted()  returns TRUE (0000ms, 0388ms total)
02-00000000-00-00001973-0050: T1D08 001:974 JLINK_ReadReg(R15 (PC))  returns 0x0000022E (0000ms, 0388ms total)
02-00000000-00-00001974-006A: T1D08 001:974 JLINK_GetMOEs(...) -- CPU_ReadMem(4 bytes @ 0xE000ED30)  returns 0x01 (0001ms, 0389ms total)
03-00000000-00-00001974-0030: ...Target halted (Vector catch, PC = 0x0000022E)
03-00000000-00-00001974-0016: Starting target CPU...
02-00000000-00-00001974-0043: T1D08 001:975 JLINK_IsHalted()  returns TRUE (0000ms, 0389ms total)
02-00000000-00-00001978-00C1: T1D08 001:975 JLINK_GoEx(MaxEmulInsts = -1, Flags = 0x00) -- CPU_ReadMem(4 bytes @ 0xE0001000) -- CPU_WriteMem(4 bytes @ 0xE000ED30) -- CPU_WriteMem(4 bytes @ 0xE0001000) (0004ms, 0393ms total)
02-00000000-00-00001979-0044: T1D08 001:979 JLINK_IsHalted()  returns FALSE (0001ms, 0394ms total)
02-00000000-00-00002000-0044: T1D08 002:000 JLINK_IsHalted()  returns FALSE (0001ms, 0394ms total)
02-00000000-00-00002021-0044: T1D08 002:021 JLINK_IsHalted()  returns FALSE (0001ms, 0394ms total)
02-00000000-00-00002042-0044: T1D08 002:042 JLINK_IsHalted()  returns FALSE (0001ms, 0394ms total)
02-00000000-00-00002063-0044: T1D08 002:063 JLINK_IsHalted()  returns FALSE (0001ms, 0394ms total)
02-00000000-00-00002085-0044: T1D08 002:085 JLINK_IsHalted()  returns FALSE (0001ms, 0396ms total)
02-00000000-00-00002106-0044: T1D08 002:106 JLINK_IsHalted()  returns FALSE (0001ms, 0396ms total)
02-00000000-00-00002127-0044: T1D08 002:127 JLINK_IsHalted()  returns FALSE (0001ms, 0396ms total)
02-00000000-00-00002148-0044: T1D08 002:148 JLINK_IsHalted()  returns FALSE (0001ms, 0396ms total)
02-00000000-00-00002169-0044: T1D08 002:169 JLINK_IsHalted()  returns FALSE (0001ms, 0396ms total)
02-00000000-00-00002190-0044: T1D08 002:190 JLINK_IsHalted()  returns FALSE (0001ms, 0396ms total)
02-00000000-00-00002201-0049: T1FF0 002:202 JLINK_GetHWStatus(...)  returns 0x00 (0000ms, 0395ms total)
02-00000000-00-00002211-0044: T1D08 002:211 JLINK_IsHalted()  returns FALSE (0001ms, 0396ms total)
02-00000000-00-00002232-0044: T1D08 002:232 JLINK_IsHalted()  returns FALSE (0001ms, 0396ms total)
02-00000000-00-00002253-0044: T1D08 002:253 JLINK_IsHalted()  returns FALSE (0001ms, 0396ms total)
02-00000000-00-00002274-0044: T1D08 002:274 JLINK_IsHalted()  returns FALSE (0001ms, 0396ms total)
02-00000000-00-00002295-0044: T1D08 002:295 JLINK_IsHalted()  returns FALSE (0001ms, 0396ms total)
02-00000000-00-00002316-0044: T1D08 002:316 JLINK_IsHalted()  returns FALSE (0001ms, 0396ms total)
02-00000000-00-00002337-0044: T1D08 002:337 JLINK_IsHalted()  returns FALSE (0001ms, 0396ms total)
02-00000000-00-00002358-0044: T1D08 002:358 JLINK_IsHalted()  returns FALSE (0001ms, 0396ms total)
02-00000000-00-00002379-0044: T1D08 002:379 JLINK_IsHalted()  returns FALSE (0001ms, 0396ms total)
02-00000000-00-00002400-0044: T1D08 002:400 JLINK_IsHalted()  returns FALSE (0001ms, 0396ms total)
02-00000000-00-00002421-0044: T1D08 002:421 JLINK_IsHalted()  returns FALSE (0001ms, 0396ms total)
02-00000000-00-00002442-0044: T1D08 002:442 JLINK_IsHalted()  returns FALSE (0001ms, 0396ms total)
02-00000000-00-00002463-0044: T1D08 002:463 JLINK_IsHalted()  returns FALSE (0001ms, 0396ms total)
02-00000000-00-00002484-0044: T1D08 002:484 JLINK_IsHalted()  returns FALSE (0001ms, 0396ms total)
02-00000000-00-00002505-0044: T1D08 002:505 JLINK_IsHalted()  returns FALSE (0001ms, 0396ms total)
02-00000000-00-00002526-0044: T1D08 002:526 JLINK_IsHalted()  returns FALSE (0001ms, 0396ms total)
02-00000000-00-00002547-0044: T1D08 002:547 JLINK_IsHalted()  returns FALSE (0001ms, 0396ms total)
02-00000000-00-00002568-0044: T1D08 002:568 JLINK_IsHalted()  returns FALSE (0001ms, 0396ms total)
02-00000000-00-00002589-0044: T1D08 002:589 JLINK_IsHalted()  returns FALSE (0001ms, 0396ms total)
02-00000000-00-00002610-0044: T1D08 002:610 JLINK_IsHalted()  returns FALSE (0001ms, 0396ms total)
02-00000000-00-00002631-0044: T1D08 002:631 JLINK_IsHalted()  returns FALSE (0001ms, 0396ms total)
02-00000000-00-00002652-0044: T1D08 002:652 JLINK_IsHalted()  returns FALSE (0001ms, 0396ms total)
02-00000000-00-00002673-0044: T1D08 002:673 JLINK_IsHalted()  returns FALSE (0001ms, 0396ms total)
02-00000000-00-00002694-0044: T1D08 002:694 JLINK_IsHalted()  returns FALSE (0001ms, 0396ms total)
02-00000000-00-00002715-0044: T1D08 002:715 JLINK_IsHalted()  returns FALSE (0001ms, 0396ms total)
02-00000000-00-00002736-0044: T1D08 002:736 JLINK_IsHalted()  returns FALSE (0001ms, 0396ms total)
02-00000000-00-00002757-0044: T1D08 002:757 JLINK_IsHalted()  returns FALSE (0001ms, 0396ms total)
02-00000000-00-00002778-0044: T1D08 002:778 JLINK_IsHalted()  returns FALSE (0001ms, 0396ms total)
02-00000000-00-00002799-0044: T1D08 002:799 JLINK_IsHalted()  returns FALSE (0001ms, 0396ms total)
02-00000000-00-00002820-0044: T1D08 002:820 JLINK_IsHalted()  returns FALSE (0001ms, 0396ms total)
02-00000000-00-00002841-0044: T1D08 002:841 JLINK_IsHalted()  returns FALSE (0001ms, 0396ms total)
02-00000000-00-00002862-0044: T1D08 002:862 JLINK_IsHalted()  returns FALSE (0001ms, 0396ms total)
02-00000000-00-00002883-0044: T1D08 002:883 JLINK_IsHalted()  returns FALSE (0001ms, 0396ms total)
02-00000000-00-00002904-0044: T1D08 002:904 JLINK_IsHalted()  returns FALSE (0001ms, 0396ms total)
02-00000000-00-00002925-0044: T1D08 002:925 JLINK_IsHalted()  returns FALSE (0001ms, 0396ms total)
02-00000000-00-00002946-0044: T1D08 002:946 JLINK_IsHalted()  returns FALSE (0001ms, 0396ms total)
02-00000000-00-00002967-0044: T1D08 002:967 JLINK_IsHalted()  returns FALSE (0001ms, 0396ms total)
02-00000000-00-00002988-0044: T1D08 002:988 JLINK_IsHalted()  returns FALSE (0001ms, 0396ms total)
02-00000000-00-00003009-0044: T1D08 003:009 JLINK_IsHalted()  returns FALSE (0001ms, 0396ms total)
02-00000000-00-00003030-0044: T1D08 003:030 JLINK_IsHalted()  returns FALSE (0001ms, 0396ms total)
02-00000000-00-00003051-0044: T1D08 003:051 JLINK_IsHalted()  returns FALSE (0001ms, 0396ms total)
02-00000000-00-00003072-0044: T1D08 003:072 JLINK_IsHalted()  returns FALSE (0001ms, 0396ms total)
02-00000000-00-00003093-0044: T1D08 003:093 JLINK_IsHalted()  returns FALSE (0001ms, 0396ms total)
02-00000000-00-00003114-0044: T1D08 003:114 JLINK_IsHalted()  returns FALSE (0001ms, 0396ms total)
02-00000000-00-00003135-0044: T1D08 003:135 JLINK_IsHalted()  returns FALSE (0001ms, 0396ms total)
02-00000000-00-00003156-0044: T1D08 003:156 JLINK_IsHalted()  returns FALSE (0001ms, 0396ms total)
02-00000000-00-00003177-0044: T1D08 003:177 JLINK_IsHalted()  returns FALSE (0001ms, 0396ms total)
02-00000000-00-00003198-0044: T1D08 003:198 JLINK_IsHalted()  returns FALSE (0001ms, 0396ms total)
02-00000000-00-00003219-0044: T1D08 003:219 JLINK_IsHalted()  returns FALSE (0001ms, 0396ms total)
02-00000000-00-00003240-0044: T1D08 003:240 JLINK_IsHalted()  returns FALSE (0001ms, 0396ms total)
02-00000000-00-00003261-0044: T1D08 003:261 JLINK_IsHalted()  returns FALSE (0001ms, 0396ms total)
02-00000000-00-00003282-0044: T1D08 003:282 JLINK_IsHalted()  returns FALSE (0001ms, 0396ms total)
02-00000000-00-00003303-0044: T1D08 003:303 JLINK_IsHalted()  returns FALSE (0001ms, 0396ms total)
02-00000000-00-00003324-0044: T1D08 003:324 JLINK_IsHalted()  returns FALSE (0001ms, 0396ms total)
02-00000000-00-00003345-0044: T1D08 003:345 JLINK_IsHalted()  returns FALSE (0001ms, 0396ms total)
02-00000000-00-00003368-0043: T1D08 003:366 JLINK_IsHalted()  returns TRUE (0003ms, 0398ms total)
02-00000000-00-00003368-0050: T1D08 003:369 JLINK_ReadReg(R15 (PC))  returns 0x0000123E (0000ms, 0398ms total)
02-00000000-00-00003369-006A: T1D08 003:369 JLINK_GetMOEs(...) -- CPU_ReadMem(4 bytes @ 0xE000ED30)  returns 0x01 (0001ms, 0399ms total)
02-00000000-00-00003370-00F0: T1D08 003:370 JLINK_ReadMemU16(0x0000123E, 0x0001 Items, ...) -- CPU_ReadMem(64 bytes @ 0x00001200) -- Updating DA cache (64 bytes @ 0x00001200) -- Read from DA cache (2 bytes @ 0x0000123E) - Data: 0C BE  returns 0x01 (0001ms, 0400ms total)
02-00000000-00-00003391-0090: T1D08 003:391 JLINK_ReadMem (0x50003200, 0x0001 Bytes, ...) -- CPU_ReadMem(1 bytes @ 0x50003200) - Data: 36  returns 0x00 (0001ms, 0401ms total)
03-00000000-00-00003391-002F: Read 1 bytes @ address 0x50003200 (Data = 0x36)
02-00000000-00-00003392-0090: T1D08 003:392 JLINK_ReadMem (0x50003201, 0x0001 Bytes, ...) -- CPU_ReadMem(1 bytes @ 0x50003201) - Data: 38  returns 0x00 (0001ms, 0402ms total)
03-00000000-00-00003392-002F: Read 1 bytes @ address 0x50003201 (Data = 0x38)
02-00000000-00-00003393-0090: T1D08 003:393 JLINK_ReadMem (0x50003202, 0x0001 Bytes, ...) -- CPU_ReadMem(1 bytes @ 0x50003202) - Data: 30  returns 0x00 (0001ms, 0403ms total)
03-00000000-00-00003393-002F: Read 1 bytes @ address 0x50003202 (Data = 0x30)
02-00000000-00-00003394-0090: T1D08 003:394 JLINK_ReadMem (0x50003204, 0x0001 Bytes, ...) -- CPU_ReadMem(1 bytes @ 0x50003204) - Data: 41  returns 0x00 (0001ms, 0404ms total)
03-00000000-00-00003394-002F: Read 1 bytes @ address 0x50003204 (Data = 0x41)
02-00000000-00-00003395-0090: T1D08 003:395 JLINK_ReadMem (0x5000320A, 0x0001 Bytes, ...) -- CPU_ReadMem(1 bytes @ 0x5000320A) - Data: 07  returns 0x00 (0001ms, 0405ms total)
03-00000000-00-00003395-002F: Read 1 bytes @ address 0x5000320A (Data = 0x07)
03-00000000-00-00003395-0029: Downloading 10 bytes @ address 0x00003DEE
02-00000000-00-00003396-00AD: T1D08 003:396 JLINK_WriteMem(0x00003DEE, 0x000A Bytes, ...) - Data: 01 07 06 00 44 1D 00 00 02 00 -- CPU_WriteMem(10 bytes @ 0x00003DEE)  returns 0x0A (0001ms, 0406ms total)
03-00000000-00-00003396-0028: Downloading 4 bytes @ address 0x0000021C
02-00000000-00-00003397-009A: T1D08 003:397 JLINK_WriteMem(0x0000021C, 0x0004 Bytes, ...) - Data: 01 00 00 00 -- CPU_WriteMem(4 bytes @ 0x0000021C)  returns 0x04 (0001ms, 0407ms total)
03-00000000-00-00003397-0019: Performing single step...
02-00000000-00-00003399-0096: T1D08 003:398 JLINK_Step() -- CPU_ReadMem(2 bytes @ 0x0000123E) -- CPU_ReadMem(4 bytes @ 0xE0001004) -- Simulated  returns 0x00 (0002ms, 0409ms total)
02-00000000-00-00003399-0043: T1D08 003:400 JLINK_IsHalted()  returns TRUE (0000ms, 0409ms total)
02-00000000-00-00003399-0050: T1D08 003:400 JLINK_ReadReg(R15 (PC))  returns 0x00001240 (0000ms, 0409ms total)
02-00000000-00-00003399-0045: T1D08 003:400 JLINK_GetMOEs(...)  returns 0x01 (0000ms, 0409ms total)
02-00000000-00-00003400-0095: T1D08 003:400 JLINK_ReadMemU16(0x00001240, 0x0001 Items, ...) -- CPU_ReadMem(2 bytes @ 0x00001240) - Data: 33 1C  returns 0x01 (0001ms, 0410ms total)
03-00000000-00-00003400-002A: ...Breakpoint reached @ address 0x00001240
03-00000000-00-00003400-0016: Starting target CPU...
02-00000000-00-00003400-0043: T1D08 003:401 JLINK_IsHalted()  returns TRUE (0000ms, 0410ms total)
02-00000000-00-00003406-00E7: T1D08 003:401 JLINK_GoEx(MaxEmulInsts = -1, Flags = 0x00) -- CPU_ReadMem(4 bytes @ 0xE0001000) -- CPU_WriteMem(4 bytes @ 0xE000ED30) -- CPU_WriteMem(4 bytes @ 0xE0001000) -- CPU_WriteMem(4 bytes @ 0xE0001004) (0006ms, 0416ms total)
02-00000000-00-00003409-0043: T1D08 003:407 JLINK_IsHalted()  returns TRUE (0003ms, 0419ms total)
02-00000000-00-00003409-0050: T1D08 003:410 JLINK_ReadReg(R15 (PC))  returns 0x0000123E (0000ms, 0416ms total)
02-00000000-00-00003410-006A: T1D08 003:410 JLINK_GetMOEs(...) -- CPU_ReadMem(4 bytes @ 0xE000ED30)  returns 0x01 (0001ms, 0417ms total)
02-00000000-00-00003411-00F0: T1D08 003:411 JLINK_ReadMemU16(0x0000123E, 0x0001 Items, ...) -- CPU_ReadMem(64 bytes @ 0x00001200) -- Updating DA cache (64 bytes @ 0x00001200) -- Read from DA cache (2 bytes @ 0x0000123E) - Data: 0C BE  returns 0x01 (0001ms, 0418ms total)
02-00000000-00-00003412-00EB: T1D08 003:412 JLINK_ReadMem (0x00000228, 0x0001 Bytes, ...) -- CPU_ReadMem(64 bytes @ 0x00000200) -- Updating DA cache (64 bytes @ 0x00000200) -- Read from DA cache (1 bytes @ 0x00000228) - Data: 06  returns 0x00 (0001ms, 0419ms total)
03-00000000-00-00003412-002F: Read 1 bytes @ address 0x00000228 (Data = 0x06)
03-00000000-00-00003412-0024: Reading 8 bytes @ address 0x00010000
02-00000000-00-00003413-00A5: T1D08 003:413 JLINK_ReadMem (0x00010000, 0x0008 Bytes, ...) -- CPU_ReadMem(8 bytes @ 0x00010000) - Data: 31 34 36 38 31 41 45 20  returns 0x00 (0001ms, 0420ms total)
03-00000000-00-00003413-0029: Downloading 10 bytes @ address 0x00003DEE
02-00000000-00-00003414-00AD: T1D08 003:414 JLINK_WriteMem(0x00003DEE, 0x000A Bytes, ...) - Data: 01 07 06 00 40 1D 00 00 02 00 -- CPU_WriteMem(10 bytes @ 0x00003DEE)  returns 0x0A (0001ms, 0421ms total)
03-00000000-00-00003414-0028: Downloading 4 bytes @ address 0x0000021C
02-00000000-00-00003415-009A: T1D08 003:415 JLINK_WriteMem(0x0000021C, 0x0004 Bytes, ...) - Data: 02 00 00 00 -- CPU_WriteMem(4 bytes @ 0x0000021C)  returns 0x04 (0001ms, 0422ms total)
03-00000000-00-00003415-0019: Performing single step...
02-00000000-00-00003417-0096: T1D08 003:416 JLINK_Step() -- CPU_ReadMem(2 bytes @ 0x0000123E) -- CPU_ReadMem(4 bytes @ 0xE0001004) -- Simulated  returns 0x00 (0002ms, 0424ms total)
02-00000000-00-00003417-0043: T1D08 003:418 JLINK_IsHalted()  returns TRUE (0000ms, 0424ms total)
02-00000000-00-00003417-0050: T1D08 003:418 JLINK_ReadReg(R15 (PC))  returns 0x00001240 (0000ms, 0424ms total)
02-00000000-00-00003417-0045: T1D08 003:418 JLINK_GetMOEs(...)  returns 0x01 (0000ms, 0424ms total)
02-00000000-00-00003418-0095: T1D08 003:418 JLINK_ReadMemU16(0x00001240, 0x0001 Items, ...) -- CPU_ReadMem(2 bytes @ 0x00001240) - Data: 33 1C  returns 0x01 (0001ms, 0425ms total)
03-00000000-00-00003418-002A: ...Breakpoint reached @ address 0x00001240
03-00000000-00-00003418-0016: Starting target CPU...
02-00000000-00-00003418-0043: T1D08 003:419 JLINK_IsHalted()  returns TRUE (0000ms, 0425ms total)
02-00000000-00-00003424-00E7: T1D08 003:419 JLINK_GoEx(MaxEmulInsts = -1, Flags = 0x00) -- CPU_ReadMem(4 bytes @ 0xE0001000) -- CPU_WriteMem(4 bytes @ 0xE000ED30) -- CPU_WriteMem(4 bytes @ 0xE0001000) -- CPU_WriteMem(4 bytes @ 0xE0001004) (0006ms, 0431ms total)
02-00000000-00-00003427-0043: T1D08 003:425 JLINK_IsHalted()  returns TRUE (0003ms, 0434ms total)
02-00000000-00-00003427-0050: T1D08 003:428 JLINK_ReadReg(R15 (PC))  returns 0x0000123E (0000ms, 0431ms total)
02-00000000-00-00003428-006A: T1D08 003:428 JLINK_GetMOEs(...) -- CPU_ReadMem(4 bytes @ 0xE000ED30)  returns 0x01 (0001ms, 0432ms total)
02-00000000-00-00003429-00F0: T1D08 003:429 JLINK_ReadMemU16(0x0000123E, 0x0001 Items, ...) -- CPU_ReadMem(64 bytes @ 0x00001200) -- Updating DA cache (64 bytes @ 0x00001200) -- Read from DA cache (2 bytes @ 0x0000123E) - Data: 0C BE  returns 0x01 (0001ms, 0433ms total)
02-00000000-00-00003430-00EB: T1D08 003:430 JLINK_ReadMem (0x00000228, 0x0001 Bytes, ...) -- CPU_ReadMem(64 bytes @ 0x00000200) -- Updating DA cache (64 bytes @ 0x00000200) -- Read from DA cache (1 bytes @ 0x00000228) - Data: 06  returns 0x00 (0001ms, 0434ms total)
03-00000000-00-00003430-002F: Read 1 bytes @ address 0x00000228 (Data = 0x06)
03-00000000-00-00003430-0024: Reading 8 bytes @ address 0x00010000
02-00000000-00-00003431-00A5: T1D08 003:431 JLINK_ReadMem (0x00010000, 0x0008 Bytes, ...) -- CPU_ReadMem(8 bytes @ 0x00010000) - Data: 4B 39 13 00 00 00 00 00  returns 0x00 (0001ms, 0435ms total)
03-00000000-00-00003431-002B: Downloading 8192 bytes @ address 0x00010000
02-00000000-00-00003463-00C7: T1D08 003:432 JLINK_WriteMem(0x00010000, 0x2000 Bytes, ...) - Data: FF FF 00 00 80 01 3C 68 00 00 FD 07 35 01 00 08 ... -- CPU_WriteMem(8192 bytes @ 0x00010000)  returns 0x2000 (0032ms, 0467ms total)
03-00000000-00-00003464-0029: Downloading 14 bytes @ address 0x00003DEE
02-00000000-00-00003464-00B9: T1D08 003:465 JLINK_WriteMem(0x00003DEE, 0x000E Bytes, ...) - Data: 01 03 0A 00 00 00 01 00 00 20 00 00 00 00 -- CPU_WriteMem(14 bytes @ 0x00003DEE)  returns 0x0E (0000ms, 0467ms total)
03-00000000-00-00003465-0028: Downloading 4 bytes @ address 0x0000021C
02-00000000-00-00003465-009A: T1D08 003:466 JLINK_WriteMem(0x0000021C, 0x0004 Bytes, ...) - Data: 03 00 00 00 -- CPU_WriteMem(4 bytes @ 0x0000021C)  returns 0x04 (0000ms, 0467ms total)
03-00000000-00-00003466-0019: Performing single step...
02-00000000-00-00003467-0096: T1D08 003:467 JLINK_Step() -- CPU_ReadMem(2 bytes @ 0x0000123E) -- CPU_ReadMem(4 bytes @ 0xE0001004) -- Simulated  returns 0x00 (0001ms, 0468ms total)
02-00000000-00-00003467-0043: T1D08 003:468 JLINK_IsHalted()  returns TRUE (0000ms, 0468ms total)
02-00000000-00-00003467-0050: T1D08 003:468 JLINK_ReadReg(R15 (PC))  returns 0x00001240 (0000ms, 0468ms total)
02-00000000-00-00003467-0045: T1D08 003:468 JLINK_GetMOEs(...)  returns 0x01 (0000ms, 0468ms total)
02-00000000-00-00003468-0095: T1D08 003:468 JLINK_ReadMemU16(0x00001240, 0x0001 Items, ...) -- CPU_ReadMem(2 bytes @ 0x00001240) - Data: 33 1C  returns 0x01 (0001ms, 0469ms total)
03-00000000-00-00003468-002A: ...Breakpoint reached @ address 0x00001240
03-00000000-00-00003469-0016: Starting target CPU...
02-00000000-00-00003469-0043: T1D08 003:470 JLINK_IsHalted()  returns TRUE (0000ms, 0469ms total)
02-00000000-00-00003474-00E7: T1D08 003:470 JLINK_GoEx(MaxEmulInsts = -1, Flags = 0x00) -- CPU_ReadMem(4 bytes @ 0xE0001000) -- CPU_WriteMem(4 bytes @ 0xE000ED30) -- CPU_WriteMem(4 bytes @ 0xE0001000) -- CPU_WriteMem(4 bytes @ 0xE0001004) (0005ms, 0474ms total)
02-00000000-00-00003475-0044: T1D08 003:475 JLINK_IsHalted()  returns FALSE (0001ms, 0475ms total)
02-00000000-00-00003496-0044: T1D08 003:496 JLINK_IsHalted()  returns FALSE (0001ms, 0475ms total)
02-00000000-00-00003517-0044: T1D08 003:517 JLINK_IsHalted()  returns FALSE (0001ms, 0475ms total)
02-00000000-00-00003540-0043: T1D08 003:538 JLINK_IsHalted()  returns TRUE (0003ms, 0477ms total)
02-00000000-00-00003540-0050: T1D08 003:541 JLINK_ReadReg(R15 (PC))  returns 0x0000123E (0000ms, 0474ms total)
02-00000000-00-00003541-006A: T1D08 003:541 JLINK_GetMOEs(...) -- CPU_ReadMem(4 bytes @ 0xE000ED30)  returns 0x01 (0001ms, 0475ms total)
02-00000000-00-00003542-00F0: T1D08 003:542 JLINK_ReadMemU16(0x0000123E, 0x0001 Items, ...) -- CPU_ReadMem(64 bytes @ 0x00001200) -- Updating DA cache (64 bytes @ 0x00001200) -- Read from DA cache (2 bytes @ 0x0000123E) - Data: 0C BE  returns 0x01 (0001ms, 0476ms total)
02-00000000-00-00003563-00EB: T1D08 003:563 JLINK_ReadMem (0x00000228, 0x0001 Bytes, ...) -- CPU_ReadMem(64 bytes @ 0x00000200) -- Updating DA cache (64 bytes @ 0x00000200) -- Read from DA cache (1 bytes @ 0x00000228) - Data: 06  returns 0x00 (0001ms, 0477ms total)
03-00000000-00-00003563-002F: Read 1 bytes @ address 0x00000228 (Data = 0x06)
03-00000000-00-00003564-002B: Downloading 8192 bytes @ address 0x00010000
02-00000000-00-00003596-00C7: T1D08 003:565 JLINK_WriteMem(0x00010000, 0x2000 Bytes, ...) - Data: 00 F0 FF AF 50 37 FD 07 38 B5 00 23 85 69 83 61 ... -- CPU_WriteMem(8192 bytes @ 0x00010000)  returns 0x2000 (0032ms, 0509ms total)
03-00000000-00-00003596-0029: Downloading 14 bytes @ address 0x00003DEE
02-00000000-00-00003598-00B9: T1D08 003:597 JLINK_WriteMem(0x00003DEE, 0x000E Bytes, ...) - Data: 01 03 0A 00 00 00 01 00 00 20 00 20 00 00 -- CPU_WriteMem(14 bytes @ 0x00003DEE)  returns 0x0E (0002ms, 0511ms total)
03-00000000-00-00003598-0028: Downloading 4 bytes @ address 0x0000021C
02-00000000-00-00003600-009A: T1D08 003:599 JLINK_WriteMem(0x0000021C, 0x0004 Bytes, ...) - Data: 04 00 00 00 -- CPU_WriteMem(4 bytes @ 0x0000021C)  returns 0x04 (0002ms, 0513ms total)
03-00000000-00-00003600-0019: Performing single step...
02-00000000-00-00003602-0096: T1D08 003:601 JLINK_Step() -- CPU_ReadMem(2 bytes @ 0x0000123E) -- CPU_ReadMem(4 bytes @ 0xE0001004) -- Simulated  returns 0x00 (0002ms, 0515ms total)
02-00000000-00-00003602-0043: T1D08 003:603 JLINK_IsHalted()  returns TRUE (0000ms, 0515ms total)
02-00000000-00-00003602-0050: T1D08 003:603 JLINK_ReadReg(R15 (PC))  returns 0x00001240 (0000ms, 0515ms total)
02-00000000-00-00003602-0045: T1D08 003:603 JLINK_GetMOEs(...)  returns 0x01 (0000ms, 0515ms total)
02-00000000-00-00003603-0095: T1D08 003:603 JLINK_ReadMemU16(0x00001240, 0x0001 Items, ...) -- CPU_ReadMem(2 bytes @ 0x00001240) - Data: 33 1C  returns 0x01 (0001ms, 0516ms total)
03-00000000-00-00003603-002A: ...Breakpoint reached @ address 0x00001240
03-00000000-00-00003603-0016: Starting target CPU...
02-00000000-00-00003603-0043: T1D08 003:604 JLINK_IsHalted()  returns TRUE (0000ms, 0516ms total)
02-00000000-00-00003609-00E7: T1D08 003:604 JLINK_GoEx(MaxEmulInsts = -1, Flags = 0x00) -- CPU_ReadMem(4 bytes @ 0xE0001000) -- CPU_WriteMem(4 bytes @ 0xE000ED30) -- CPU_WriteMem(4 bytes @ 0xE0001000) -- CPU_WriteMem(4 bytes @ 0xE0001004) (0006ms, 0522ms total)
02-00000000-00-00003610-0044: T1D08 003:610 JLINK_IsHalted()  returns FALSE (0001ms, 0523ms total)
02-00000000-00-00003631-0044: T1D08 003:631 JLINK_IsHalted()  returns FALSE (0001ms, 0523ms total)
02-00000000-00-00003654-0043: T1D08 003:652 JLINK_IsHalted()  returns TRUE (0003ms, 0525ms total)
02-00000000-00-00003654-0050: T1D08 003:655 JLINK_ReadReg(R15 (PC))  returns 0x0000123E (0000ms, 0522ms total)
02-00000000-00-00003655-006A: T1D08 003:655 JLINK_GetMOEs(...) -- CPU_ReadMem(4 bytes @ 0xE000ED30)  returns 0x01 (0001ms, 0523ms total)
02-00000000-00-00003656-00F0: T1D08 003:656 JLINK_ReadMemU16(0x0000123E, 0x0001 Items, ...) -- CPU_ReadMem(64 bytes @ 0x00001200) -- Updating DA cache (64 bytes @ 0x00001200) -- Read from DA cache (2 bytes @ 0x0000123E) - Data: 0C BE  returns 0x01 (0001ms, 0524ms total)
02-00000000-00-00003658-00EB: T1D08 003:657 JLINK_ReadMem (0x00000228, 0x0001 Bytes, ...) -- CPU_ReadMem(64 bytes @ 0x00000200) -- Updating DA cache (64 bytes @ 0x00000200) -- Read from DA cache (1 bytes @ 0x00000228) - Data: 06  returns 0x00 (0002ms, 0526ms total)
03-00000000-00-00003658-002F: Read 1 bytes @ address 0x00000228 (Data = 0x06)
03-00000000-00-00003659-002B: Downloading 8192 bytes @ address 0x00010000
02-00000000-00-00003691-00C7: T1D08 003:660 JLINK_WriteMem(0x00010000, 0x2000 Bytes, ...) - Data: 00 2B 00 D1 7B E1 9B B2 2A 1E 00 D0 AA 78 5B 00 ... -- CPU_WriteMem(8192 bytes @ 0x00010000)  returns 0x2000 (0032ms, 0558ms total)
03-00000000-00-00003691-0029: Downloading 14 bytes @ address 0x00003DEE
02-00000000-00-00003692-00B9: T1D08 003:692 JLINK_WriteMem(0x00003DEE, 0x000E Bytes, ...) - Data: 01 03 0A 00 00 00 01 00 00 20 00 40 00 00 -- CPU_WriteMem(14 bytes @ 0x00003DEE)  returns 0x0E (0001ms, 0559ms total)
03-00000000-00-00003692-0028: Downloading 4 bytes @ address 0x0000021C
02-00000000-00-00003693-009A: T1D08 003:693 JLINK_WriteMem(0x0000021C, 0x0004 Bytes, ...) - Data: 05 00 00 00 -- CPU_WriteMem(4 bytes @ 0x0000021C)  returns 0x04 (0001ms, 0560ms total)
03-00000000-00-00003693-0019: Performing single step...
02-00000000-00-00003695-0096: T1D08 003:694 JLINK_Step() -- CPU_ReadMem(2 bytes @ 0x0000123E) -- CPU_ReadMem(4 bytes @ 0xE0001004) -- Simulated  returns 0x00 (0002ms, 0562ms total)
02-00000000-00-00003695-0043: T1D08 003:696 JLINK_IsHalted()  returns TRUE (0000ms, 0562ms total)
02-00000000-00-00003695-0050: T1D08 003:696 JLINK_ReadReg(R15 (PC))  returns 0x00001240 (0000ms, 0562ms total)
02-00000000-00-00003695-0045: T1D08 003:696 JLINK_GetMOEs(...)  returns 0x01 (0000ms, 0562ms total)
02-00000000-00-00003696-0095: T1D08 003:696 JLINK_ReadMemU16(0x00001240, 0x0001 Items, ...) -- CPU_ReadMem(2 bytes @ 0x00001240) - Data: 33 1C  returns 0x01 (0001ms, 0563ms total)
03-00000000-00-00003696-002A: ...Breakpoint reached @ address 0x00001240
03-00000000-00-00003696-0016: Starting target CPU...
02-00000000-00-00003696-0043: T1D08 003:697 JLINK_IsHalted()  returns TRUE (0000ms, 0563ms total)
02-00000000-00-00003702-00E7: T1D08 003:697 JLINK_GoEx(MaxEmulInsts = -1, Flags = 0x00) -- CPU_ReadMem(4 bytes @ 0xE0001000) -- CPU_WriteMem(4 bytes @ 0xE000ED30) -- CPU_WriteMem(4 bytes @ 0xE0001000) -- CPU_WriteMem(4 bytes @ 0xE0001004) (0006ms, 0569ms total)
02-00000000-00-00003703-0044: T1D08 003:703 JLINK_IsHalted()  returns FALSE (0001ms, 0570ms total)
02-00000000-00-00003724-0044: T1D08 003:724 JLINK_IsHalted()  returns FALSE (0001ms, 0570ms total)
02-00000000-00-00003747-0043: T1D08 003:745 JLINK_IsHalted()  returns TRUE (0003ms, 0572ms total)
02-00000000-00-00003747-0050: T1D08 003:748 JLINK_ReadReg(R15 (PC))  returns 0x0000123E (0000ms, 0569ms total)
02-00000000-00-00003748-006A: T1D08 003:748 JLINK_GetMOEs(...) -- CPU_ReadMem(4 bytes @ 0xE000ED30)  returns 0x01 (0001ms, 0570ms total)
02-00000000-00-00003749-00F0: T1D08 003:749 JLINK_ReadMemU16(0x0000123E, 0x0001 Items, ...) -- CPU_ReadMem(64 bytes @ 0x00001200) -- Updating DA cache (64 bytes @ 0x00001200) -- Read from DA cache (2 bytes @ 0x0000123E) - Data: 0C BE  returns 0x01 (0001ms, 0571ms total)
02-00000000-00-00003770-00EB: T1D08 003:770 JLINK_ReadMem (0x00000228, 0x0001 Bytes, ...) -- CPU_ReadMem(64 bytes @ 0x00000200) -- Updating DA cache (64 bytes @ 0x00000200) -- Read from DA cache (1 bytes @ 0x00000228) - Data: 06  returns 0x00 (0001ms, 0572ms total)
03-00000000-00-00003770-002F: Read 1 bytes @ address 0x00000228 (Data = 0x06)
03-00000000-00-00003770-002B: Downloading 8192 bytes @ address 0x00010000
02-00000000-00-00003802-00C7: T1D08 003:771 JLINK_WriteMem(0x00010000, 0x2000 Bytes, ...) - Data: 71 49 8A 42 00 D1 8E E0 70 49 8A 42 00 D0 B8 E0 ... -- CPU_WriteMem(8192 bytes @ 0x00010000)  returns 0x2000 (0032ms, 0604ms total)
03-00000000-00-00003803-0029: Downloading 14 bytes @ address 0x00003DEE
02-00000000-00-00003803-00B9: T1D08 003:804 JLINK_WriteMem(0x00003DEE, 0x000E Bytes, ...) - Data: 01 03 0A 00 00 00 01 00 00 20 00 60 00 00 -- CPU_WriteMem(14 bytes @ 0x00003DEE)  returns 0x0E (0000ms, 0604ms total)
03-00000000-00-00003804-0028: Downloading 4 bytes @ address 0x0000021C
02-00000000-00-00003804-009A: T1D08 003:805 JLINK_WriteMem(0x0000021C, 0x0004 Bytes, ...) - Data: 06 00 00 00 -- CPU_WriteMem(4 bytes @ 0x0000021C)  returns 0x04 (0000ms, 0604ms total)
03-00000000-00-00003804-0019: Performing single step...
02-00000000-00-00003806-0096: T1D08 003:806 JLINK_Step() -- CPU_ReadMem(2 bytes @ 0x0000123E) -- CPU_ReadMem(4 bytes @ 0xE0001004) -- Simulated  returns 0x00 (0001ms, 0605ms total)
02-00000000-00-00003806-0043: T1D08 003:807 JLINK_IsHalted()  returns TRUE (0000ms, 0605ms total)
02-00000000-00-00003806-0050: T1D08 003:807 JLINK_ReadReg(R15 (PC))  returns 0x00001240 (0000ms, 0605ms total)
02-00000000-00-00003806-0045: T1D08 003:807 JLINK_GetMOEs(...)  returns 0x01 (0000ms, 0605ms total)
02-00000000-00-00003807-0095: T1D08 003:807 JLINK_ReadMemU16(0x00001240, 0x0001 Items, ...) -- CPU_ReadMem(2 bytes @ 0x00001240) - Data: 33 1C  returns 0x01 (0001ms, 0606ms total)
03-00000000-00-00003807-002A: ...Breakpoint reached @ address 0x00001240
03-00000000-00-00003807-0016: Starting target CPU...
02-00000000-00-00003808-0043: T1D08 003:809 JLINK_IsHalted()  returns TRUE (0000ms, 0606ms total)
02-00000000-00-00003813-00E7: T1D08 003:809 JLINK_GoEx(MaxEmulInsts = -1, Flags = 0x00) -- CPU_ReadMem(4 bytes @ 0xE0001000) -- CPU_WriteMem(4 bytes @ 0xE000ED30) -- CPU_WriteMem(4 bytes @ 0xE0001000) -- CPU_WriteMem(4 bytes @ 0xE0001004) (0005ms, 0611ms total)
02-00000000-00-00003814-0044: T1D08 003:814 JLINK_IsHalted()  returns FALSE (0001ms, 0612ms total)
02-00000000-00-00003835-0044: T1D08 003:835 JLINK_IsHalted()  returns FALSE (0001ms, 0612ms total)
02-00000000-00-00003859-0043: T1D08 003:856 JLINK_IsHalted()  returns TRUE (0004ms, 0615ms total)
02-00000000-00-00003859-0050: T1D08 003:860 JLINK_ReadReg(R15 (PC))  returns 0x0000123E (0000ms, 0611ms total)
02-00000000-00-00003859-006A: T1D08 003:860 JLINK_GetMOEs(...) -- CPU_ReadMem(4 bytes @ 0xE000ED30)  returns 0x01 (0000ms, 0611ms total)
02-00000000-00-00003861-00F0: T1D08 003:861 JLINK_ReadMemU16(0x0000123E, 0x0001 Items, ...) -- CPU_ReadMem(64 bytes @ 0x00001200) -- Updating DA cache (64 bytes @ 0x00001200) -- Read from DA cache (2 bytes @ 0x0000123E) - Data: 0C BE  returns 0x01 (0001ms, 0613ms total)
02-00000000-00-00003862-00EB: T1D08 003:862 JLINK_ReadMem (0x00000228, 0x0001 Bytes, ...) -- CPU_ReadMem(64 bytes @ 0x00000200) -- Updating DA cache (64 bytes @ 0x00000200) -- Read from DA cache (1 bytes @ 0x00000228) - Data: 06  returns 0x00 (0001ms, 0614ms total)
03-00000000-00-00003863-002F: Read 1 bytes @ address 0x00000228 (Data = 0x06)
03-00000000-00-00003863-002B: Downloading 8192 bytes @ address 0x00010000
02-00000000-00-00003896-00C7: T1D08 003:864 JLINK_WriteMem(0x00010000, 0x2000 Bytes, ...) - Data: B9 88 06 22 09 02 19 43 89 B2 1E 48 FD F7 E4 FE ... -- CPU_WriteMem(8192 bytes @ 0x00010000)  returns 0x2000 (0033ms, 0648ms total)
03-00000000-00-00003896-0029: Downloading 14 bytes @ address 0x00003DEE
02-00000000-00-00003898-00B9: T1D08 003:897 JLINK_WriteMem(0x00003DEE, 0x000E Bytes, ...) - Data: 01 03 0A 00 00 00 01 00 00 20 00 80 00 00 -- CPU_WriteMem(14 bytes @ 0x00003DEE)  returns 0x0E (0002ms, 0650ms total)
03-00000000-00-00003898-0028: Downloading 4 bytes @ address 0x0000021C
02-00000000-00-00003900-009A: T1D08 003:899 JLINK_WriteMem(0x0000021C, 0x0004 Bytes, ...) - Data: 07 00 00 00 -- CPU_WriteMem(4 bytes @ 0x0000021C)  returns 0x04 (0001ms, 0651ms total)
03-00000000-00-00003900-0019: Performing single step...
02-00000000-00-00003901-0096: T1D08 003:901 JLINK_Step() -- CPU_ReadMem(2 bytes @ 0x0000123E) -- CPU_ReadMem(4 bytes @ 0xE0001004) -- Simulated  returns 0x00 (0001ms, 0653ms total)
02-00000000-00-00003902-0043: T1D08 003:903 JLINK_IsHalted()  returns TRUE (0000ms, 0654ms total)
02-00000000-00-00003902-0050: T1D08 003:903 JLINK_ReadReg(R15 (PC))  returns 0x00001240 (0000ms, 0654ms total)
02-00000000-00-00003902-0045: T1D08 003:903 JLINK_GetMOEs(...)  returns 0x01 (0000ms, 0654ms total)
02-00000000-00-00003902-0095: T1D08 003:903 JLINK_ReadMemU16(0x00001240, 0x0001 Items, ...) -- CPU_ReadMem(2 bytes @ 0x00001240) - Data: 33 1C  returns 0x01 (0000ms, 0654ms total)
03-00000000-00-00003903-002A: ...Breakpoint reached @ address 0x00001240
03-00000000-00-00003903-0016: Starting target CPU...
02-00000000-00-00003903-0043: T1D08 003:904 JLINK_IsHalted()  returns TRUE (0000ms, 0654ms total)
02-00000000-00-00003908-00E7: T1D08 003:904 JLINK_GoEx(MaxEmulInsts = -1, Flags = 0x00) -- CPU_ReadMem(4 bytes @ 0xE0001000) -- CPU_WriteMem(4 bytes @ 0xE000ED30) -- CPU_WriteMem(4 bytes @ 0xE0001000) -- CPU_WriteMem(4 bytes @ 0xE0001004) (0005ms, 0659ms total)
02-00000000-00-00003909-0044: T1D08 003:910 JLINK_IsHalted()  returns FALSE (0000ms, 0660ms total)
02-00000000-00-00003931-0044: T1D08 003:931 JLINK_IsHalted()  returns FALSE (0001ms, 0661ms total)
02-00000000-00-00003954-0043: T1D08 003:952 JLINK_IsHalted()  returns TRUE (0003ms, 0663ms total)
02-00000000-00-00003954-0050: T1D08 003:955 JLINK_ReadReg(R15 (PC))  returns 0x0000123E (0000ms, 0660ms total)
02-00000000-00-00003955-006A: T1D08 003:955 JLINK_GetMOEs(...) -- CPU_ReadMem(4 bytes @ 0xE000ED30)  returns 0x01 (0001ms, 0661ms total)
02-00000000-00-00003956-00F0: T1D08 003:956 JLINK_ReadMemU16(0x0000123E, 0x0001 Items, ...) -- CPU_ReadMem(64 bytes @ 0x00001200) -- Updating DA cache (64 bytes @ 0x00001200) -- Read from DA cache (2 bytes @ 0x0000123E) - Data: 0C BE  returns 0x01 (0001ms, 0662ms total)
02-00000000-00-00003958-00EB: T1D08 003:957 JLINK_ReadMem (0x00000228, 0x0001 Bytes, ...) -- CPU_ReadMem(64 bytes @ 0x00000200) -- Updating DA cache (64 bytes @ 0x00000200) -- Read from DA cache (1 bytes @ 0x00000228) - Data: 06  returns 0x00 (0002ms, 0664ms total)
03-00000000-00-00003958-002F: Read 1 bytes @ address 0x00000228 (Data = 0x06)
03-00000000-00-00003958-002B: Downloading 8192 bytes @ address 0x00010000
02-00000000-00-00003991-00C7: T1D08 003:960 JLINK_WriteMem(0x00010000, 0x2000 Bytes, ...) - Data: 00 24 87 42 49 D2 01 9B FB 18 83 42 01 D9 C3 1B ... -- CPU_WriteMem(8192 bytes @ 0x00010000)  returns 0x2000 (0032ms, 0696ms total)
03-00000000-00-00003991-0029: Downloading 14 bytes @ address 0x00003DEE
02-00000000-00-00003993-00B9: T1D08 003:992 JLINK_WriteMem(0x00003DEE, 0x000E Bytes, ...) - Data: 01 03 0A 00 00 00 01 00 00 20 00 A0 00 00 -- CPU_WriteMem(14 bytes @ 0x00003DEE)  returns 0x0E (0002ms, 0698ms total)
03-00000000-00-00003993-0028: Downloading 4 bytes @ address 0x0000021C
02-00000000-00-00003994-009A: T1D08 003:994 JLINK_WriteMem(0x0000021C, 0x0004 Bytes, ...) - Data: 08 00 00 00 -- CPU_WriteMem(4 bytes @ 0x0000021C)  returns 0x04 (0001ms, 0699ms total)
03-00000000-00-00003994-0019: Performing single step...
02-00000000-00-00003996-0096: T1D08 003:995 JLINK_Step() -- CPU_ReadMem(2 bytes @ 0x0000123E) -- CPU_ReadMem(4 bytes @ 0xE0001004) -- Simulated  returns 0x00 (0002ms, 0701ms total)
02-00000000-00-00003996-0043: T1D08 003:997 JLINK_IsHalted()  returns TRUE (0000ms, 0701ms total)
02-00000000-00-00003996-0050: T1D08 003:997 JLINK_ReadReg(R15 (PC))  returns 0x00001240 (0000ms, 0701ms total)
02-00000000-00-00003996-0045: T1D08 003:997 JLINK_GetMOEs(...)  returns 0x01 (0000ms, 0701ms total)
02-00000000-00-00003997-0095: T1D08 003:997 JLINK_ReadMemU16(0x00001240, 0x0001 Items, ...) -- CPU_ReadMem(2 bytes @ 0x00001240) - Data: 33 1C  returns 0x01 (0001ms, 0702ms total)
03-00000000-00-00003997-002A: ...Breakpoint reached @ address 0x00001240
03-00000000-00-00003997-0016: Starting target CPU...
02-00000000-00-00003997-0043: T1D08 003:998 JLINK_IsHalted()  returns TRUE (0000ms, 0702ms total)
02-00000000-00-00004003-00E7: T1D08 003:998 JLINK_GoEx(MaxEmulInsts = -1, Flags = 0x00) -- CPU_ReadMem(4 bytes @ 0xE0001000) -- CPU_WriteMem(4 bytes @ 0xE000ED30) -- CPU_WriteMem(4 bytes @ 0xE0001000) -- CPU_WriteMem(4 bytes @ 0xE0001004) (0006ms, 0708ms total)
02-00000000-00-00004004-0044: T1D08 004:004 JLINK_IsHalted()  returns FALSE (0001ms, 0709ms total)
02-00000000-00-00004025-0044: T1D08 004:025 JLINK_IsHalted()  returns FALSE (0001ms, 0709ms total)
02-00000000-00-00004048-0043: T1D08 004:046 JLINK_IsHalted()  returns TRUE (0003ms, 0711ms total)
02-00000000-00-00004048-0050: T1D08 004:049 JLINK_ReadReg(R15 (PC))  returns 0x0000123E (0000ms, 0708ms total)
02-00000000-00-00004049-006A: T1D08 004:049 JLINK_GetMOEs(...) -- CPU_ReadMem(4 bytes @ 0xE000ED30)  returns 0x01 (0001ms, 0709ms total)
02-00000000-00-00004050-00F0: T1D08 004:050 JLINK_ReadMemU16(0x0000123E, 0x0001 Items, ...) -- CPU_ReadMem(64 bytes @ 0x00001200) -- Updating DA cache (64 bytes @ 0x00001200) -- Read from DA cache (2 bytes @ 0x0000123E) - Data: 0C BE  returns 0x01 (0001ms, 0710ms total)
02-00000000-00-00004052-00EB: T1D08 004:051 JLINK_ReadMem (0x00000228, 0x0001 Bytes, ...) -- CPU_ReadMem(64 bytes @ 0x00000200) -- Updating DA cache (64 bytes @ 0x00000200) -- Read from DA cache (1 bytes @ 0x00000228) - Data: 06  returns 0x00 (0002ms, 0712ms total)
03-00000000-00-00004052-002F: Read 1 bytes @ address 0x00000228 (Data = 0x06)
03-00000000-00-00004052-002B: Downloading 8192 bytes @ address 0x00010000
02-00000000-00-00004084-00C7: T1D08 004:053 JLINK_WriteMem(0x00010000, 0x2000 Bytes, ...) - Data: 34 32 10 18 39 1C FE F7 B3 FF 33 68 EA 6A DB 6A ... -- CPU_WriteMem(8192 bytes @ 0x00010000)  returns 0x2000 (0032ms, 0744ms total)
03-00000000-00-00004085-0029: Downloading 14 bytes @ address 0x00003DEE
02-00000000-00-00004085-00B9: T1D08 004:086 JLINK_WriteMem(0x00003DEE, 0x000E Bytes, ...) - Data: 01 03 0A 00 00 00 01 00 00 20 00 C0 00 00 -- CPU_WriteMem(14 bytes @ 0x00003DEE)  returns 0x0E (0000ms, 0745ms total)
03-00000000-00-00004086-0028: Downloading 4 bytes @ address 0x0000021C
02-00000000-00-00004086-009A: T1D08 004:087 JLINK_WriteMem(0x0000021C, 0x0004 Bytes, ...) - Data: 09 00 00 00 -- CPU_WriteMem(4 bytes @ 0x0000021C)  returns 0x04 (0000ms, 0745ms total)
03-00000000-00-00004087-0019: Performing single step...
02-00000000-00-00004088-0096: T1D08 004:088 JLINK_Step() -- CPU_ReadMem(2 bytes @ 0x0000123E) -- CPU_ReadMem(4 bytes @ 0xE0001004) -- Simulated  returns 0x00 (0001ms, 0746ms total)
02-00000000-00-00004088-0043: T1D08 004:089 JLINK_IsHalted()  returns TRUE (0000ms, 0746ms total)
02-00000000-00-00004088-0050: T1D08 004:089 JLINK_ReadReg(R15 (PC))  returns 0x00001240 (0000ms, 0746ms total)
02-00000000-00-00004088-0045: T1D08 004:089 JLINK_GetMOEs(...)  returns 0x01 (0000ms, 0746ms total)
02-00000000-00-00004089-0095: T1D08 004:090 JLINK_ReadMemU16(0x00001240, 0x0001 Items, ...) -- CPU_ReadMem(2 bytes @ 0x00001240) - Data: 33 1C  returns 0x01 (0000ms, 0747ms total)
03-00000000-00-00004089-002A: ...Breakpoint reached @ address 0x00001240
03-00000000-00-00004090-0016: Starting target CPU...
02-00000000-00-00004090-0043: T1D08 004:091 JLINK_IsHalted()  returns TRUE (0000ms, 0747ms total)
02-00000000-00-00004095-00E7: T1D08 004:091 JLINK_GoEx(MaxEmulInsts = -1, Flags = 0x00) -- CPU_ReadMem(4 bytes @ 0xE0001000) -- CPU_WriteMem(4 bytes @ 0xE000ED30) -- CPU_WriteMem(4 bytes @ 0xE0001000) -- CPU_WriteMem(4 bytes @ 0xE0001004) (0005ms, 0752ms total)
02-00000000-00-00004096-0044: T1D08 004:097 JLINK_IsHalted()  returns FALSE (0000ms, 0753ms total)
02-00000000-00-00004118-0044: T1D08 004:118 JLINK_IsHalted()  returns FALSE (0001ms, 0754ms total)
02-00000000-00-00004141-0043: T1D08 004:139 JLINK_IsHalted()  returns TRUE (0003ms, 0756ms total)
02-00000000-00-00004141-0050: T1D08 004:142 JLINK_ReadReg(R15 (PC))  returns 0x0000123E (0000ms, 0753ms total)
02-00000000-00-00004142-006A: T1D08 004:142 JLINK_GetMOEs(...) -- CPU_ReadMem(4 bytes @ 0xE000ED30)  returns 0x01 (0001ms, 0754ms total)
02-00000000-00-00004143-00F0: T1D08 004:143 JLINK_ReadMemU16(0x0000123E, 0x0001 Items, ...) -- CPU_ReadMem(64 bytes @ 0x00001200) -- Updating DA cache (64 bytes @ 0x00001200) -- Read from DA cache (2 bytes @ 0x0000123E) - Data: 0C BE  returns 0x01 (0001ms, 0755ms total)
02-00000000-00-00004164-00EB: T1D08 004:164 JLINK_ReadMem (0x00000228, 0x0001 Bytes, ...) -- CPU_ReadMem(64 bytes @ 0x00000200) -- Updating DA cache (64 bytes @ 0x00000200) -- Read from DA cache (1 bytes @ 0x00000228) - Data: 06  returns 0x00 (0001ms, 0756ms total)
03-00000000-00-00004164-002F: Read 1 bytes @ address 0x00000228 (Data = 0x06)
03-00000000-00-00004165-002B: Downloading 8192 bytes @ address 0x00010000
02-00000000-00-00004197-00C7: T1D08 004:166 JLINK_WriteMem(0x00010000, 0x2000 Bytes, ...) - Data: 4D EB 01 00 CB 25 00 00 4E E3 01 00 02 C5 00 00 ... -- CPU_WriteMem(8192 bytes @ 0x00010000)  returns 0x2000 (0032ms, 0788ms total)
03-00000000-00-00004197-0029: Downloading 14 bytes @ address 0x00003DEE
02-00000000-00-00004198-00B9: T1D08 004:198 JLINK_WriteMem(0x00003DEE, 0x000E Bytes, ...) - Data: 01 03 0A 00 00 00 01 00 00 20 00 E0 00 00 -- CPU_WriteMem(14 bytes @ 0x00003DEE)  returns 0x0E (0001ms, 0789ms total)
03-00000000-00-00004199-0028: Downloading 4 bytes @ address 0x0000021C
02-00000000-00-00004200-009A: T1D08 004:200 JLINK_WriteMem(0x0000021C, 0x0004 Bytes, ...) - Data: 0A 00 00 00 -- CPU_WriteMem(4 bytes @ 0x0000021C)  returns 0x04 (0001ms, 0790ms total)
03-00000000-00-00004201-0019: Performing single step...
02-00000000-00-00004203-0096: T1D08 004:202 JLINK_Step() -- CPU_ReadMem(2 bytes @ 0x0000123E) -- CPU_ReadMem(4 bytes @ 0xE0001004) -- Simulated  returns 0x00 (0002ms, 0792ms total)
02-00000000-00-00004203-0043: T1D08 004:204 JLINK_IsHalted()  returns TRUE (0000ms, 0792ms total)
02-00000000-00-00004204-0050: T1D08 004:204 JLINK_ReadReg(R15 (PC))  returns 0x00001240 (0001ms, 0793ms total)
02-00000000-00-00004204-0045: T1D08 004:205 JLINK_GetMOEs(...)  returns 0x01 (0000ms, 0793ms total)
02-00000000-00-00004204-0095: T1D08 004:205 JLINK_ReadMemU16(0x00001240, 0x0001 Items, ...) -- CPU_ReadMem(2 bytes @ 0x00001240) - Data: 33 1C  returns 0x01 (0000ms, 0793ms total)
03-00000000-00-00004204-002A: ...Breakpoint reached @ address 0x00001240
03-00000000-00-00004204-0016: Starting target CPU...
02-00000000-00-00004204-0043: T1D08 004:205 JLINK_IsHalted()  returns TRUE (0000ms, 0793ms total)
02-00000000-00-00004210-00E7: T1D08 004:206 JLINK_GoEx(MaxEmulInsts = -1, Flags = 0x00) -- CPU_ReadMem(4 bytes @ 0xE0001000) -- CPU_WriteMem(4 bytes @ 0xE000ED30) -- CPU_WriteMem(4 bytes @ 0xE0001000) -- CPU_WriteMem(4 bytes @ 0xE0001004) (0005ms, 0798ms total)
02-00000000-00-00004211-0044: T1D08 004:211 JLINK_IsHalted()  returns FALSE (0001ms, 0799ms total)
02-00000000-00-00004232-0044: T1D08 004:232 JLINK_IsHalted()  returns FALSE (0001ms, 0799ms total)
02-00000000-00-00004255-0043: T1D08 004:253 JLINK_IsHalted()  returns TRUE (0003ms, 0801ms total)
02-00000000-00-00004255-0050: T1D08 004:256 JLINK_ReadReg(R15 (PC))  returns 0x0000123E (0000ms, 0798ms total)
02-00000000-00-00004256-006A: T1D08 004:256 JLINK_GetMOEs(...) -- CPU_ReadMem(4 bytes @ 0xE000ED30)  returns 0x01 (0001ms, 0799ms total)
02-00000000-00-00004257-00F0: T1D08 004:257 JLINK_ReadMemU16(0x0000123E, 0x0001 Items, ...) -- CPU_ReadMem(64 bytes @ 0x00001200) -- Updating DA cache (64 bytes @ 0x00001200) -- Read from DA cache (2 bytes @ 0x0000123E) - Data: 0C BE  returns 0x01 (0001ms, 0800ms total)
02-00000000-00-00004278-00EB: T1D08 004:278 JLINK_ReadMem (0x00000228, 0x0001 Bytes, ...) -- CPU_ReadMem(64 bytes @ 0x00000200) -- Updating DA cache (64 bytes @ 0x00000200) -- Read from DA cache (1 bytes @ 0x00000228) - Data: 06  returns 0x00 (0001ms, 0801ms total)
03-00000000-00-00004278-002F: Read 1 bytes @ address 0x00000228 (Data = 0x06)
03-00000000-00-00004279-002B: Downloading 8192 bytes @ address 0x00010000
02-00000000-00-00004311-00C7: T1D08 004:280 JLINK_WriteMem(0x00010000, 0x2000 Bytes, ...) - Data: 42 4C 57 57 57 57 00 42 4C 57 00 42 4C 57 57 57 ... -- CPU_WriteMem(8192 bytes @ 0x00010000)  returns 0x2000 (0032ms, 0833ms total)
03-00000000-00-00004311-0029: Downloading 14 bytes @ address 0x00003DEE
02-00000000-00-00004313-00B9: T1D08 004:312 JLINK_WriteMem(0x00003DEE, 0x000E Bytes, ...) - Data: 01 03 0A 00 00 00 01 00 00 20 00 00 01 00 -- CPU_WriteMem(14 bytes @ 0x00003DEE)  returns 0x0E (0002ms, 0835ms total)
03-00000000-00-00004313-0028: Downloading 4 bytes @ address 0x0000021C
02-00000000-00-00004314-009A: T1D08 004:314 JLINK_WriteMem(0x0000021C, 0x0004 Bytes, ...) - Data: 0B 00 00 00 -- CPU_WriteMem(4 bytes @ 0x0000021C)  returns 0x04 (0001ms, 0836ms total)
03-00000000-00-00004314-0019: Performing single step...
02-00000000-00-00004316-0096: T1D08 004:315 JLINK_Step() -- CPU_ReadMem(2 bytes @ 0x0000123E) -- CPU_ReadMem(4 bytes @ 0xE0001004) -- Simulated  returns 0x00 (0002ms, 0838ms total)
02-00000000-00-00004316-0043: T1D08 004:317 JLINK_IsHalted()  returns TRUE (0000ms, 0838ms total)
02-00000000-00-00004316-0050: T1D08 004:317 JLINK_ReadReg(R15 (PC))  returns 0x00001240 (0000ms, 0838ms total)
02-00000000-00-00004316-0045: T1D08 004:317 JLINK_GetMOEs(...)  returns 0x01 (0000ms, 0838ms total)
02-00000000-00-00004317-0095: T1D08 004:317 JLINK_ReadMemU16(0x00001240, 0x0001 Items, ...) -- CPU_ReadMem(2 bytes @ 0x00001240) - Data: 33 1C  returns 0x01 (0001ms, 0839ms total)
03-00000000-00-00004317-002A: ...Breakpoint reached @ address 0x00001240
03-00000000-00-00004317-0016: Starting target CPU...
02-00000000-00-00004317-0043: T1D08 004:318 JLINK_IsHalted()  returns TRUE (0000ms, 0839ms total)
02-00000000-00-00004323-00E7: T1D08 004:318 JLINK_GoEx(MaxEmulInsts = -1, Flags = 0x00) -- CPU_ReadMem(4 bytes @ 0xE0001000) -- CPU_WriteMem(4 bytes @ 0xE000ED30) -- CPU_WriteMem(4 bytes @ 0xE0001000) -- CPU_WriteMem(4 bytes @ 0xE0001004) (0006ms, 0845ms total)
02-00000000-00-00004324-0044: T1D08 004:324 JLINK_IsHalted()  returns FALSE (0001ms, 0846ms total)
02-00000000-00-00004345-0044: T1D08 004:345 JLINK_IsHalted()  returns FALSE (0001ms, 0846ms total)
02-00000000-00-00004368-0043: T1D08 004:366 JLINK_IsHalted()  returns TRUE (0003ms, 0848ms total)
02-00000000-00-00004368-0050: T1D08 004:369 JLINK_ReadReg(R15 (PC))  returns 0x0000123E (0000ms, 0845ms total)
02-00000000-00-00004369-006A: T1D08 004:369 JLINK_GetMOEs(...) -- CPU_ReadMem(4 bytes @ 0xE000ED30)  returns 0x01 (0001ms, 0846ms total)
02-00000000-00-00004370-00F0: T1D08 004:370 JLINK_ReadMemU16(0x0000123E, 0x0001 Items, ...) -- CPU_ReadMem(64 bytes @ 0x00001200) -- Updating DA cache (64 bytes @ 0x00001200) -- Read from DA cache (2 bytes @ 0x0000123E) - Data: 0C BE  returns 0x01 (0001ms, 0847ms total)
02-00000000-00-00004372-00EB: T1D08 004:371 JLINK_ReadMem (0x00000228, 0x0001 Bytes, ...) -- CPU_ReadMem(64 bytes @ 0x00000200) -- Updating DA cache (64 bytes @ 0x00000200) -- Read from DA cache (1 bytes @ 0x00000228) - Data: 06  returns 0x00 (0002ms, 0849ms total)
03-00000000-00-00004372-002F: Read 1 bytes @ address 0x00000228 (Data = 0x06)
03-00000000-00-00004373-002B: Downloading 7288 bytes @ address 0x00010000
02-00000000-00-00004402-00C7: T1D08 004:374 JLINK_WriteMem(0x00010000, 0x1C78 Bytes, ...) - Data: 08 B5 C0 03 01 49 4A F7 77 FA 08 BD 40 42 0F 00 ... -- CPU_WriteMem(7288 bytes @ 0x00010000)  returns 0x1C78 (0029ms, 0878ms total)
02-00000000-00-00004403-0049: T1FF0 004:404 JLINK_GetHWStatus(...)  returns 0x00 (0000ms, 0878ms total)
03-00000000-00-00004403-0029: Downloading 14 bytes @ address 0x00003DEE
02-00000000-00-00004404-00B9: T1D08 004:404 JLINK_WriteMem(0x00003DEE, 0x000E Bytes, ...) - Data: 01 03 0A 00 00 00 01 00 78 1C 00 20 01 00 -- CPU_WriteMem(14 bytes @ 0x00003DEE)  returns 0x0E (0001ms, 0879ms total)
03-00000000-00-00004404-0028: Downloading 4 bytes @ address 0x0000021C
02-00000000-00-00004405-009A: T1D08 004:406 JLINK_WriteMem(0x0000021C, 0x0004 Bytes, ...) - Data: 0C 00 00 00 -- CPU_WriteMem(4 bytes @ 0x0000021C)  returns 0x04 (0000ms, 0879ms total)
03-00000000-00-00004405-0019: Performing single step...
02-00000000-00-00004407-0096: T1D08 004:406 JLINK_Step() -- CPU_ReadMem(2 bytes @ 0x0000123E) -- CPU_ReadMem(4 bytes @ 0xE0001004) -- Simulated  returns 0x00 (0002ms, 0881ms total)
02-00000000-00-00004407-0043: T1D08 004:408 JLINK_IsHalted()  returns TRUE (0000ms, 0881ms total)
02-00000000-00-00004407-0050: T1D08 004:408 JLINK_ReadReg(R15 (PC))  returns 0x00001240 (0000ms, 0881ms total)
02-00000000-00-00004407-0045: T1D08 004:408 JLINK_GetMOEs(...)  returns 0x01 (0000ms, 0881ms total)
02-00000000-00-00004408-0095: T1D08 004:408 JLINK_ReadMemU16(0x00001240, 0x0001 Items, ...) -- CPU_ReadMem(2 bytes @ 0x00001240) - Data: 33 1C  returns 0x01 (0001ms, 0882ms total)
03-00000000-00-00004408-002A: ...Breakpoint reached @ address 0x00001240
03-00000000-00-00004408-0016: Starting target CPU...
02-00000000-00-00004409-0043: T1D08 004:410 JLINK_IsHalted()  returns TRUE (0000ms, 0882ms total)
02-00000000-00-00004414-00E7: T1D08 004:410 JLINK_GoEx(MaxEmulInsts = -1, Flags = 0x00) -- CPU_ReadMem(4 bytes @ 0xE0001000) -- CPU_WriteMem(4 bytes @ 0xE000ED30) -- CPU_WriteMem(4 bytes @ 0xE0001000) -- CPU_WriteMem(4 bytes @ 0xE0001004) (0005ms, 0887ms total)
02-00000000-00-00004415-0044: T1D08 004:415 JLINK_IsHalted()  returns FALSE (0001ms, 0888ms total)
02-00000000-00-00004436-0044: T1D08 004:436 JLINK_IsHalted()  returns FALSE (0001ms, 0888ms total)
02-00000000-00-00004459-0043: T1D08 004:457 JLINK_IsHalted()  returns TRUE (0003ms, 0890ms total)
02-00000000-00-00004459-0050: T1D08 004:460 JLINK_ReadReg(R15 (PC))  returns 0x0000123E (0000ms, 0887ms total)
02-00000000-00-00004460-006A: T1D08 004:460 JLINK_GetMOEs(...) -- CPU_ReadMem(4 bytes @ 0xE000ED30)  returns 0x01 (0001ms, 0888ms total)
02-00000000-00-00004461-00F0: T1D08 004:461 JLINK_ReadMemU16(0x0000123E, 0x0001 Items, ...) -- CPU_ReadMem(64 bytes @ 0x00001200) -- Updating DA cache (64 bytes @ 0x00001200) -- Read from DA cache (2 bytes @ 0x0000123E) - Data: 0C BE  returns 0x01 (0001ms, 0889ms total)
02-00000000-00-00004463-00EB: T1D08 004:462 JLINK_ReadMem (0x00000228, 0x0001 Bytes, ...) -- CPU_ReadMem(64 bytes @ 0x00000200) -- Updating DA cache (64 bytes @ 0x00000200) -- Read from DA cache (1 bytes @ 0x00000228) - Data: 06  returns 0x00 (0002ms, 0891ms total)
03-00000000-00-00004463-002F: Read 1 bytes @ address 0x00000228 (Data = 0x06)
03-00000000-00-00004463-0028: Downloading 2 bytes @ address 0x00010000
02-00000000-00-00004464-0094: T1D08 004:464 JLINK_WriteMem(0x00010000, 0x0002 Bytes, ...) - Data: 71 51 -- CPU_WriteMem(2 bytes @ 0x00010000)  returns 0x02 (0001ms, 0892ms total)
03-00000000-00-00004464-0029: Downloading 14 bytes @ address 0x00003DEE
02-00000000-00-00004465-00B9: T1D08 004:465 JLINK_WriteMem(0x00003DEE, 0x000E Bytes, ...) - Data: 01 03 0A 00 00 00 01 00 02 00 00 00 00 00 -- CPU_WriteMem(14 bytes @ 0x00003DEE)  returns 0x0E (0001ms, 0893ms total)
03-00000000-00-00004465-0028: Downloading 4 bytes @ address 0x0000021C
02-00000000-00-00004466-009A: T1D08 004:466 JLINK_WriteMem(0x0000021C, 0x0004 Bytes, ...) - Data: 0D 00 00 00 -- CPU_WriteMem(4 bytes @ 0x0000021C)  returns 0x04 (0001ms, 0894ms total)
03-00000000-00-00004466-0019: Performing single step...
02-00000000-00-00004468-0096: T1D08 004:467 JLINK_Step() -- CPU_ReadMem(2 bytes @ 0x0000123E) -- CPU_ReadMem(4 bytes @ 0xE0001004) -- Simulated  returns 0x00 (0002ms, 0896ms total)
02-00000000-00-00004468-0043: T1D08 004:469 JLINK_IsHalted()  returns TRUE (0000ms, 0896ms total)
02-00000000-00-00004468-0050: T1D08 004:469 JLINK_ReadReg(R15 (PC))  returns 0x00001240 (0000ms, 0896ms total)
02-00000000-00-00004468-0045: T1D08 004:469 JLINK_GetMOEs(...)  returns 0x01 (0000ms, 0896ms total)
02-00000000-00-00004469-0095: T1D08 004:469 JLINK_ReadMemU16(0x00001240, 0x0001 Items, ...) -- CPU_ReadMem(2 bytes @ 0x00001240) - Data: 33 1C  returns 0x01 (0001ms, 0897ms total)
03-00000000-00-00004469-002A: ...Breakpoint reached @ address 0x00001240
03-00000000-00-00004469-0016: Starting target CPU...
02-00000000-00-00004469-0043: T1D08 004:470 JLINK_IsHalted()  returns TRUE (0000ms, 0897ms total)
02-00000000-00-00004475-00E7: T1D08 004:470 JLINK_GoEx(MaxEmulInsts = -1, Flags = 0x00) -- CPU_ReadMem(4 bytes @ 0xE0001000) -- CPU_WriteMem(4 bytes @ 0xE000ED30) -- CPU_WriteMem(4 bytes @ 0xE0001000) -- CPU_WriteMem(4 bytes @ 0xE0001004) (0006ms, 0903ms total)
02-00000000-00-00004478-0043: T1D08 004:476 JLINK_IsHalted()  returns TRUE (0003ms, 0906ms total)
02-00000000-00-00004478-0050: T1D08 004:479 JLINK_ReadReg(R15 (PC))  returns 0x0000123E (0000ms, 0903ms total)
02-00000000-00-00004479-006A: T1D08 004:479 JLINK_GetMOEs(...) -- CPU_ReadMem(4 bytes @ 0xE000ED30)  returns 0x01 (0001ms, 0904ms total)
02-00000000-00-00004480-00F0: T1D08 004:480 JLINK_ReadMemU16(0x0000123E, 0x0001 Items, ...) -- CPU_ReadMem(64 bytes @ 0x00001200) -- Updating DA cache (64 bytes @ 0x00001200) -- Read from DA cache (2 bytes @ 0x0000123E) - Data: 0C BE  returns 0x01 (0001ms, 0905ms total)
02-00000000-00-00004501-00EB: T1D08 004:501 JLINK_ReadMem (0x00000228, 0x0001 Bytes, ...) -- CPU_ReadMem(64 bytes @ 0x00000200) -- Updating DA cache (64 bytes @ 0x00000200) -- Read from DA cache (1 bytes @ 0x00000228) - Data: 06  returns 0x00 (0001ms, 0906ms total)
03-00000000-00-00004501-002F: Read 1 bytes @ address 0x00000228 (Data = 0x06)
03-00000000-00-00004502-001C: GDB closed TCP/IP connection
03-00000000-00-00004681-0037: Restoring target state and closing J-Link connection...
02-00000000-00-00004681-0041: T0EE0 004:682 JLINK_IsOpen()  returns 0x01 (0000ms, 0906ms total)
02-00000000-00-00004681-0058: T0EE0 004:682 JLINK_ExecCommand("ClrAllBPs", ...).   returns 0x00 (0000ms, 0906ms total)
03-00000000-00-00004751-0010: Shutting down...
